2025-10-08 21:46:28.980 [info] Reading sessions from keychain...
2025-10-08 21:46:28.980 [info] Getting sessions for all scopes...
2025-10-08 21:46:28.980 [info] Got stored sessions!
2025-10-08 21:46:28.980 [info] Got 1 verified sessions.
2025-10-08 21:46:28.980 [info] Got 1 sessions for ...
2025-10-08 21:46:28.980 [info] Getting sessions for all scopes...
2025-10-08 21:46:28.980 [info] Got 1 sessions for ...
2025-10-08 21:46:28.980 [info] Getting sessions for all scopes...
2025-10-08 21:46:28.980 [info] Got 1 sessions for ...
2025-10-08 21:46:28.980 [info] Getting sessions for all scopes...
2025-10-08 21:46:28.980 [info] Got 1 sessions for ...
2025-10-08 21:46:28.980 [info] Getting sessions for user:email...
2025-10-08 21:46:28.980 [info] Got 1 sessions for user:email...
2025-10-08 21:46:28.980 [info] Getting sessions for all scopes...
2025-10-08 21:46:28.980 [info] Got 1 sessions for ...
2025-10-08 21:46:28.980 [info] Getting sessions for all scopes...
2025-10-08 21:46:28.980 [info] Got 1 sessions for ...
2025-10-08 21:46:28.980 [info] Getting sessions for all scopes...
2025-10-08 21:46:28.980 [info] Got 1 sessions for ...
2025-10-08 21:46:28.980 [info] Getting sessions for all scopes...
2025-10-08 21:46:28.980 [info] Got 1 sessions for ...
2025-10-08 21:46:28.980 [info] Getting sessions for all scopes...
2025-10-08 21:46:28.980 [info] Got 1 sessions for ...
2025-10-08 21:46:28.980 [info] Getting sessions for all scopes...
2025-10-08 21:46:28.980 [info] Got 1 sessions for ...
2025-10-08 21:46:28.980 [info] Getting sessions for all scopes...
2025-10-08 21:46:28.980 [info] Got 1 sessions for ...
2025-10-08 21:46:28.980 [info] Getting sessions for all scopes...
2025-10-08 21:46:28.980 [info] Got 1 sessions for ...
2025-10-08 21:46:28.980 [info] Getting sessions for all scopes...
2025-10-08 21:46:28.980 [info] Got 1 sessions for ...
2025-10-08 21:46:28.980 [info] Getting sessions for all scopes...
2025-10-08 21:46:28.980 [info] Got 1 sessions for ...
2025-10-08 21:46:28.980 [info] Getting sessions for all scopes...
2025-10-08 21:46:28.980 [info] Got 1 sessions for ...
2025-10-08 21:46:28.980 [info] Getting sessions for all scopes...
2025-10-08 21:46:28.980 [info] Got 1 sessions for ...
2025-10-08 21:46:28.980 [info] Getting sessions for all scopes...
2025-10-08 21:46:28.980 [info] Got 1 sessions for ...
2025-10-08 21:46:28.980 [info] Getting sessions for all scopes...
2025-10-08 21:46:28.980 [info] Got 1 sessions for ...
2025-10-08 21:46:28.980 [info] Getting sessions for all scopes...
2025-10-08 21:46:28.980 [info] Got 1 sessions for ...
2025-10-08 21:46:28.980 [info] Getting sessions for all scopes...
2025-10-08 21:46:28.980 [info] Got 1 sessions for ...
2025-10-08 21:46:28.980 [info] Getting sessions for all scopes...
2025-10-08 21:46:28.980 [info] Got 1 sessions for ...
2025-10-08 21:46:28.980 [info] Getting sessions for read:user,repo,user:email,workflow...
2025-10-08 21:46:28.980 [info] Got 0 sessions for read:user,repo,user:email,workflow...
2025-10-08 21:46:29.017 [info] Getting sessions for user:email...
2025-10-08 21:46:29.017 [info] Got 1 sessions for user:email...
2025-10-08 21:46:29.017 [info] Getting sessions for read:user,repo,user:email,workflow...
2025-10-08 21:46:29.017 [info] Got 0 sessions for read:user,repo,user:email,workflow...
2025-10-08 21:46:29.025 [info] Getting sessions for all scopes...
2025-10-08 21:46:29.025 [info] Got 1 sessions for ...
2025-10-08 21:46:29.026 [info] Getting sessions for user:email...
2025-10-08 21:46:29.026 [info] Got 1 sessions for user:email...
2025-10-08 21:46:29.033 [info] Getting sessions for all scopes...
2025-10-08 21:46:29.033 [info] Got 1 sessions for ...
2025-10-08 21:46:29.034 [info] Getting sessions for read:user,repo,user:email,workflow...
2025-10-08 21:46:29.034 [info] Got 0 sessions for read:user,repo,user:email,workflow...
2025-10-08 21:46:29.035 [info] Getting sessions for user:email...
2025-10-08 21:46:29.035 [info] Got 1 sessions for user:email...
2025-10-08 21:46:29.037 [info] Getting sessions for all scopes...
2025-10-08 21:46:29.037 [info] Got 1 sessions for ...
2025-10-08 21:46:29.038 [info] Getting sessions for read:user,repo,user:email,workflow...
2025-10-08 21:46:29.038 [info] Got 0 sessions for read:user,repo,user:email,workflow...
2025-10-08 21:46:29.039 [info] Getting sessions for user:email...
2025-10-08 21:46:29.039 [info] Got 1 sessions for user:email...
2025-10-08 21:46:31.987 [info] Getting sessions for all scopes...
2025-10-08 21:46:31.987 [info] Got 1 sessions for ...
2025-10-08 21:46:31.988 [info] Getting sessions for all scopes...
2025-10-08 21:46:31.988 [info] Got 1 sessions for ...
2025-10-08 21:46:33.061 [info] Getting sessions for read:user,repo,user:email,workflow...
2025-10-08 21:46:33.061 [info] Got 0 sessions for read:user,repo,user:email,workflow...
2025-10-08 21:46:33.077 [info] fetching: Electron fetch failed with status: 429 
2025-10-08 21:46:33.097 [info] Getting sessions for all scopes...
2025-10-08 21:46:33.097 [info] Got 1 sessions for ...
2025-10-08 21:46:33.138 [info] Getting sessions for all scopes...
2025-10-08 21:46:33.138 [info] Got 1 sessions for ...
2025-10-08 21:46:33.138 [info] Getting sessions for read:user,repo,user:email,workflow...
2025-10-08 21:46:33.138 [info] Got 0 sessions for read:user,repo,user:email,workflow...
2025-10-08 21:46:33.141 [info] Getting sessions for user:email...
2025-10-08 21:46:33.141 [info] Got 1 sessions for user:email...
2025-10-08 21:46:33.141 [info] Getting sessions for read:user,repo,user:email,workflow...
2025-10-08 21:46:33.141 [info] Got 0 sessions for read:user,repo,user:email,workflow...
2025-10-08 21:46:33.151 [info] Getting sessions for read:user...
2025-10-08 21:46:33.151 [info] Got 0 sessions for read:user...
2025-10-08 21:46:33.160 [info] Getting sessions for all scopes...
2025-10-08 21:46:33.160 [info] Got 1 sessions for ...
2025-10-08 21:46:33.162 [info] Getting sessions for user:email...
2025-10-08 21:46:33.162 [info] Got 1 sessions for user:email...
2025-10-08 21:46:33.167 [info] Getting sessions for read:user,repo,user:email,workflow...
2025-10-08 21:46:33.167 [info] Got 0 sessions for read:user,repo,user:email,workflow...
2025-10-08 21:46:33.170 [info] Getting sessions for user:email...
2025-10-08 21:46:33.170 [info] Got 1 sessions for user:email...
2025-10-08 21:46:33.404 [info] Getting sessions for all scopes...
2025-10-08 21:46:33.404 [info] Got 1 sessions for ...
2025-10-08 21:46:33.404 [info] Getting sessions for all scopes...
2025-10-08 21:46:33.404 [info] Got 1 sessions for ...
2025-10-08 21:46:33.405 [info] Getting sessions for read:user,repo,user:email,workflow...
2025-10-08 21:46:33.405 [info] Got 0 sessions for read:user,repo,user:email,workflow...
2025-10-08 21:46:33.406 [info] Getting sessions for user:email...
2025-10-08 21:46:33.406 [info] Got 1 sessions for user:email...
2025-10-08 21:46:33.407 [info] Getting sessions for read:user,repo,user:email,workflow...
2025-10-08 21:46:33.407 [info] Got 0 sessions for read:user,repo,user:email,workflow...
2025-10-08 21:46:33.410 [info] Getting sessions for all scopes...
2025-10-08 21:46:33.410 [info] Got 1 sessions for ...
2025-10-08 21:46:33.415 [info] Getting sessions for all scopes...
2025-10-08 21:46:33.415 [info] Got 1 sessions for ...
2025-10-08 21:46:33.416 [info] Getting sessions for all scopes...
2025-10-08 21:46:33.416 [info] Got 1 sessions for ...
2025-10-08 21:46:33.418 [info] Getting sessions for read:user,repo,user:email,workflow...
2025-10-08 21:46:33.418 [info] Got 0 sessions for read:user,repo,user:email,workflow...
2025-10-08 21:46:33.419 [info] Getting sessions for user:email...
2025-10-08 21:46:33.419 [info] Got 1 sessions for user:email...
2025-10-08 21:46:33.952 [info] Getting sessions for all scopes...
2025-10-08 21:46:33.952 [info] Got 1 sessions for ...
2025-10-08 21:46:33.956 [info] Getting sessions for read:user,repo,user:email,workflow...
2025-10-08 21:46:33.957 [info] Got 0 sessions for read:user,repo,user:email,workflow...
2025-10-08 21:46:33.960 [info] Getting sessions for user:email...
2025-10-08 21:46:33.960 [info] Got 1 sessions for user:email...
2025-10-08 21:46:33.988 [info] Getting sessions for all scopes...
2025-10-08 21:46:33.988 [info] Got 1 sessions for ...
2025-10-08 21:46:34.002 [info] Getting sessions for read:user,repo,user:email,workflow...
2025-10-08 21:46:34.002 [info] Got 0 sessions for read:user,repo,user:email,workflow...
2025-10-08 21:46:34.005 [info] Getting sessions for user:email...
2025-10-08 21:46:34.005 [info] Got 1 sessions for user:email...
2025-10-08 21:46:34.049 [info] Getting sessions for all scopes...
2025-10-08 21:46:34.049 [info] Got 1 sessions for ...
2025-10-08 21:46:34.050 [info] Getting sessions for read:user,repo,user:email,workflow...
2025-10-08 21:46:34.050 [info] Got 0 sessions for read:user,repo,user:email,workflow...
2025-10-08 21:46:34.051 [info] Getting sessions for user:email...
2025-10-08 21:46:34.051 [info] Got 1 sessions for user:email...
2025-10-08 21:46:34.053 [info] Getting sessions for all scopes...
2025-10-08 21:46:34.053 [info] Got 1 sessions for ...
2025-10-08 21:46:34.053 [info] Getting sessions for read:user,repo,user:email,workflow...
2025-10-08 21:46:34.053 [info] Got 0 sessions for read:user,repo,user:email,workflow...
2025-10-08 21:46:34.054 [info] Getting sessions for user:email...
2025-10-08 21:46:34.054 [info] Got 1 sessions for user:email...
2025-10-08 21:46:34.056 [info] Getting sessions for all scopes...
2025-10-08 21:46:34.056 [info] Got 1 sessions for ...
2025-10-08 21:46:34.056 [info] Getting sessions for read:user,repo,user:email,workflow...
2025-10-08 21:46:34.057 [info] Got 0 sessions for read:user,repo,user:email,workflow...
2025-10-08 21:46:34.057 [info] Getting sessions for user:email...
2025-10-08 21:46:34.057 [info] Got 1 sessions for user:email...
2025-10-08 21:46:34.059 [info] Getting sessions for all scopes...
2025-10-08 21:46:34.059 [info] Got 1 sessions for ...
2025-10-08 21:46:34.060 [info] Getting sessions for read:user,repo,user:email,workflow...
2025-10-08 21:46:34.060 [info] Got 0 sessions for read:user,repo,user:email,workflow...
2025-10-08 21:46:34.075 [info] Getting sessions for user:email...
2025-10-08 21:46:34.076 [info] Got 1 sessions for user:email...
2025-10-08 21:46:34.193 [info] fetching: Node fetch failed with status: 429 Too Many Requests
2025-10-08 21:46:34.934 [info] Getting sessions for all scopes...
2025-10-08 21:46:34.934 [info] Got 1 sessions for ...
2025-10-08 21:46:34.941 [info] Getting sessions for read:user,repo,user:email,workflow...
2025-10-08 21:46:34.941 [info] Got 0 sessions for read:user,repo,user:email,workflow...
2025-10-08 21:46:34.946 [info] Getting sessions for user:email...
2025-10-08 21:46:34.946 [info] Got 1 sessions for user:email...
2025-10-08 21:46:34.963 [info] Getting sessions for all scopes...
2025-10-08 21:46:34.963 [info] Got 1 sessions for ...
2025-10-08 21:46:34.971 [info] Getting sessions for read:user,repo,user:email,workflow...
2025-10-08 21:46:34.971 [info] Got 0 sessions for read:user,repo,user:email,workflow...
2025-10-08 21:46:34.980 [info] Getting sessions for user:email...
2025-10-08 21:46:34.980 [info] Got 1 sessions for user:email...
2025-10-08 21:46:35.150 [info] Getting sessions for all scopes...
2025-10-08 21:46:35.150 [info] Got 1 sessions for ...
2025-10-08 21:46:35.321 [info] fetching: Node http/s failed with status: 429 Too Many Requests
2025-10-08 21:46:35.485 [info] Getting sessions for all scopes...
2025-10-08 21:46:35.485 [info] Got 1 sessions for ...
2025-10-08 21:46:35.486 [info] Getting sessions for read:user,repo,user:email,workflow...
2025-10-08 21:46:35.486 [info] Got 0 sessions for read:user,repo,user:email,workflow...
2025-10-08 21:46:35.487 [info] Getting sessions for user:email...
2025-10-08 21:46:35.487 [info] Got 1 sessions for user:email...
2025-10-08 21:46:40.917 [info] Getting sessions for all scopes...
2025-10-08 21:46:40.917 [info] Got 1 sessions for ...
2025-10-08 21:46:40.918 [info] Getting sessions for read:user,repo,user:email,workflow...
2025-10-08 21:46:40.918 [info] Got 0 sessions for read:user,repo,user:email,workflow...
2025-10-08 21:46:40.919 [info] Getting sessions for user:email...
2025-10-08 21:46:40.919 [info] Got 1 sessions for user:email...
2025-10-08 21:47:42.143 [info] Getting sessions for all scopes...
2025-10-08 21:47:42.143 [info] Got 1 sessions for ...
2025-10-08 21:47:42.145 [info] Getting sessions for read:user,repo,user:email,workflow...
2025-10-08 21:47:42.145 [info] Got 0 sessions for read:user,repo,user:email,workflow...
2025-10-08 21:47:42.146 [info] Getting sessions for user:email...
2025-10-08 21:47:42.146 [info] Got 1 sessions for user:email...
2025-10-08 21:47:46.783 [info] Getting sessions for all scopes...
2025-10-08 21:47:46.783 [info] Got 1 sessions for ...
2025-10-08 21:47:46.784 [info] Getting sessions for read:user,repo,user:email,workflow...
2025-10-08 21:47:46.784 [info] Got 0 sessions for read:user,repo,user:email,workflow...
2025-10-08 21:47:46.785 [info] Getting sessions for user:email...
2025-10-08 21:47:46.785 [info] Got 1 sessions for user:email...
2025-10-08 21:48:09.640 [info] Getting sessions for all scopes...
2025-10-08 21:48:09.640 [info] Got 1 sessions for ...
2025-10-08 21:48:09.642 [info] Getting sessions for all scopes...
2025-10-08 21:48:09.642 [info] Got 1 sessions for ...
2025-10-08 21:48:09.644 [info] Getting sessions for read:user,repo,user:email,workflow...
2025-10-08 21:48:09.645 [info] Got 0 sessions for read:user,repo,user:email,workflow...
2025-10-08 21:48:09.646 [info] Getting sessions for user:email...
2025-10-08 21:48:09.646 [info] Got 1 sessions for user:email...
2025-10-08 21:48:13.016 [info] Getting sessions for all scopes...
2025-10-08 21:48:13.016 [info] Got 1 sessions for ...
2025-10-08 21:48:13.017 [info] Getting sessions for read:user,repo,user:email,workflow...
2025-10-08 21:48:13.017 [info] Got 0 sessions for read:user,repo,user:email,workflow...
2025-10-08 21:48:13.019 [info] Getting sessions for user:email...
2025-10-08 21:48:13.019 [info] Got 1 sessions for user:email...
2025-10-08 21:48:23.121 [info] Getting sessions for all scopes...
2025-10-08 21:48:23.122 [info] Got 1 sessions for ...
2025-10-08 21:48:23.123 [info] Getting sessions for read:user,repo,user:email,workflow...
2025-10-08 21:48:23.123 [info] Got 0 sessions for read:user,repo,user:email,workflow...
2025-10-08 21:48:23.123 [info] Getting sessions for user:email...
2025-10-08 21:48:23.123 [info] Got 1 sessions for user:email...
2025-10-08 21:48:27.959 [info] Getting sessions for all scopes...
2025-10-08 21:48:27.959 [info] Got 1 sessions for ...
2025-10-08 21:48:27.960 [info] Getting sessions for read:user,repo,user:email,workflow...
2025-10-08 21:48:27.960 [info] Got 0 sessions for read:user,repo,user:email,workflow...
2025-10-08 21:48:27.962 [info] Getting sessions for user:email...
2025-10-08 21:48:27.962 [info] Got 1 sessions for user:email...
2025-10-08 21:48:33.639 [info] Getting sessions for all scopes...
2025-10-08 21:48:33.639 [info] Got 1 sessions for ...
2025-10-08 21:48:33.640 [info] Getting sessions for read:user,repo,user:email,workflow...
2025-10-08 21:48:33.640 [info] Got 0 sessions for read:user,repo,user:email,workflow...
2025-10-08 21:48:33.641 [info] Getting sessions for user:email...
2025-10-08 21:48:33.641 [info] Got 1 sessions for user:email...
2025-10-08 21:48:36.858 [info] Getting sessions for all scopes...
2025-10-08 21:48:36.858 [info] Got 1 sessions for ...
2025-10-08 21:48:36.860 [info] Getting sessions for read:user,repo,user:email,workflow...
2025-10-08 21:48:36.860 [info] Got 0 sessions for read:user,repo,user:email,workflow...
2025-10-08 21:48:36.865 [info] Getting sessions for user:email...
2025-10-08 21:48:36.865 [info] Got 1 sessions for user:email...
2025-10-08 21:48:59.714 [info] Getting sessions for all scopes...
2025-10-08 21:48:59.714 [info] Got 1 sessions for ...
2025-10-08 21:48:59.715 [info] Getting sessions for read:user,repo,user:email,workflow...
2025-10-08 21:48:59.715 [info] Got 0 sessions for read:user,repo,user:email,workflow...
2025-10-08 21:48:59.717 [info] Getting sessions for user:email...
2025-10-08 21:48:59.717 [info] Got 1 sessions for user:email...
2025-10-08 21:49:10.133 [info] Getting sessions for all scopes...
2025-10-08 21:49:10.133 [info] Got 1 sessions for ...
2025-10-08 21:49:10.135 [info] Getting sessions for read:user,repo,user:email,workflow...
2025-10-08 21:49:10.135 [info] Got 0 sessions for read:user,repo,user:email,workflow...
2025-10-08 21:49:10.136 [info] Getting sessions for user:email...
2025-10-08 21:49:10.136 [info] Got 1 sessions for user:email...
2025-10-08 21:49:21.315 [info] Getting sessions for all scopes...
2025-10-08 21:49:21.315 [info] Got 1 sessions for ...
2025-10-08 21:49:21.316 [info] Getting sessions for read:user,repo,user:email,workflow...
2025-10-08 21:49:21.316 [info] Got 0 sessions for read:user,repo,user:email,workflow...
2025-10-08 21:49:21.318 [info] Getting sessions for user:email...
2025-10-08 21:49:21.318 [info] Got 1 sessions for user:email...
2025-10-08 21:49:24.980 [info] Getting sessions for all scopes...
2025-10-08 21:49:24.980 [info] Got 1 sessions for ...
2025-10-08 21:49:24.981 [info] Getting sessions for read:user,repo,user:email,workflow...
2025-10-08 21:49:24.981 [info] Got 0 sessions for read:user,repo,user:email,workflow...
2025-10-08 21:49:24.982 [info] Getting sessions for user:email...
2025-10-08 21:49:24.982 [info] Got 1 sessions for user:email...
2025-10-08 21:49:28.269 [info] Getting sessions for all scopes...
2025-10-08 21:49:28.269 [info] Got 1 sessions for ...
2025-10-08 21:49:28.270 [info] Getting sessions for read:user,repo,user:email,workflow...
2025-10-08 21:49:28.270 [info] Got 0 sessions for read:user,repo,user:email,workflow...
2025-10-08 21:49:28.271 [info] Getting sessions for user:email...
2025-10-08 21:49:28.271 [info] Got 1 sessions for user:email...
2025-10-08 21:49:31.603 [info] Getting sessions for all scopes...
2025-10-08 21:49:31.603 [info] Got 1 sessions for ...
2025-10-08 21:49:31.610 [info] Getting sessions for read:user,repo,user:email,workflow...
2025-10-08 21:49:31.610 [info] Got 0 sessions for read:user,repo,user:email,workflow...
2025-10-08 21:49:31.621 [info] Getting sessions for user:email...
2025-10-08 21:49:31.621 [info] Got 1 sessions for user:email...
2025-10-08 21:49:45.503 [info] Getting sessions for all scopes...
2025-10-08 21:49:45.503 [info] Got 1 sessions for ...
2025-10-08 21:49:45.506 [info] Getting sessions for read:user,repo,user:email,workflow...
2025-10-08 21:49:45.506 [info] Got 0 sessions for read:user,repo,user:email,workflow...
2025-10-08 21:49:45.507 [info] Getting sessions for user:email...
2025-10-08 21:49:45.507 [info] Got 1 sessions for user:email...
2025-10-08 21:49:57.897 [info] Getting sessions for all scopes...
2025-10-08 21:49:57.897 [info] Got 1 sessions for ...
2025-10-08 21:49:57.934 [info] Getting sessions for read:user,repo,user:email,workflow...
2025-10-08 21:49:57.934 [info] Got 0 sessions for read:user,repo,user:email,workflow...
2025-10-08 21:49:57.943 [info] Getting sessions for user:email...
2025-10-08 21:49:57.943 [info] Got 1 sessions for user:email...
2025-10-08 21:50:03.424 [info] Getting sessions for all scopes...
2025-10-08 21:50:03.424 [info] Got 1 sessions for ...
2025-10-08 21:50:03.427 [info] Getting sessions for read:user,repo,user:email,workflow...
2025-10-08 21:50:03.427 [info] Got 0 sessions for read:user,repo,user:email,workflow...
2025-10-08 21:50:03.430 [info] Getting sessions for user:email...
2025-10-08 21:50:03.430 [info] Got 1 sessions for user:email...
2025-10-08 21:50:09.102 [info] Getting sessions for all scopes...
2025-10-08 21:50:09.102 [info] Got 1 sessions for ...
2025-10-08 21:50:09.104 [info] Getting sessions for read:user,repo,user:email,workflow...
2025-10-08 21:50:09.104 [info] Got 0 sessions for read:user,repo,user:email,workflow...
2025-10-08 21:50:09.106 [info] Getting sessions for user:email...
2025-10-08 21:50:09.106 [info] Got 1 sessions for user:email...
2025-10-08 21:50:13.440 [info] Getting sessions for all scopes...
2025-10-08 21:50:13.441 [info] Got 1 sessions for ...
2025-10-08 21:50:13.447 [info] Getting sessions for read:user,repo,user:email,workflow...
2025-10-08 21:50:13.447 [info] Got 0 sessions for read:user,repo,user:email,workflow...
2025-10-08 21:50:13.452 [info] Getting sessions for user:email...
2025-10-08 21:50:13.453 [info] Got 1 sessions for user:email...
2025-10-08 21:50:25.733 [info] Getting sessions for all scopes...
2025-10-08 21:50:25.733 [info] Got 1 sessions for ...
2025-10-08 21:50:25.734 [info] Getting sessions for read:user,repo,user:email,workflow...
2025-10-08 21:50:25.734 [info] Got 0 sessions for read:user,repo,user:email,workflow...
2025-10-08 21:50:25.735 [info] Getting sessions for user:email...
2025-10-08 21:50:25.735 [info] Got 1 sessions for user:email...
2025-10-08 21:50:34.190 [info] Getting sessions for all scopes...
2025-10-08 21:50:34.190 [info] Got 1 sessions for ...
2025-10-08 21:50:34.191 [info] Getting sessions for read:user,repo,user:email,workflow...
2025-10-08 21:50:34.191 [info] Got 0 sessions for read:user,repo,user:email,workflow...
2025-10-08 21:50:34.194 [info] Getting sessions for user:email...
2025-10-08 21:50:34.195 [info] Got 1 sessions for user:email...
2025-10-08 21:50:40.275 [info] Getting sessions for all scopes...
2025-10-08 21:50:40.275 [info] Got 1 sessions for ...
2025-10-08 21:50:40.282 [info] Getting sessions for read:user,repo,user:email,workflow...
2025-10-08 21:50:40.282 [info] Got 0 sessions for read:user,repo,user:email,workflow...
2025-10-08 21:50:40.288 [info] Getting sessions for user:email...
2025-10-08 21:50:40.288 [info] Got 1 sessions for user:email...
2025-10-08 21:50:47.550 [info] Getting sessions for all scopes...
2025-10-08 21:50:47.550 [info] Got 1 sessions for ...
2025-10-08 21:50:47.551 [info] Getting sessions for read:user,repo,user:email,workflow...
2025-10-08 21:50:47.551 [info] Got 0 sessions for read:user,repo,user:email,workflow...
2025-10-08 21:50:47.552 [info] Getting sessions for user:email...
2025-10-08 21:50:47.552 [info] Got 1 sessions for user:email...
2025-10-08 21:51:00.153 [info] Getting sessions for all scopes...
2025-10-08 21:51:00.153 [info] Got 1 sessions for ...
2025-10-08 21:51:00.154 [info] Getting sessions for read:user,repo,user:email,workflow...
2025-10-08 21:51:00.154 [info] Got 0 sessions for read:user,repo,user:email,workflow...
2025-10-08 21:51:00.155 [info] Getting sessions for user:email...
2025-10-08 21:51:00.155 [info] Got 1 sessions for user:email...
2025-10-08 21:51:04.192 [info] Getting sessions for all scopes...
2025-10-08 21:51:04.192 [info] Got 1 sessions for ...
2025-10-08 21:51:04.193 [info] Getting sessions for read:user,repo,user:email,workflow...
2025-10-08 21:51:04.193 [info] Got 0 sessions for read:user,repo,user:email,workflow...
2025-10-08 21:51:04.195 [info] Getting sessions for user:email...
2025-10-08 21:51:04.195 [info] Got 1 sessions for user:email...
2025-10-08 21:51:09.664 [info] Getting sessions for all scopes...
2025-10-08 21:51:09.664 [info] Got 1 sessions for ...
2025-10-08 21:51:09.666 [info] Getting sessions for read:user,repo,user:email,workflow...
2025-10-08 21:51:09.666 [info] Got 0 sessions for read:user,repo,user:email,workflow...
2025-10-08 21:51:09.667 [info] Getting sessions for user:email...
2025-10-08 21:51:09.667 [info] Got 1 sessions for user:email...
2025-10-08 21:52:58.306 [info] Getting sessions for all scopes...
2025-10-08 21:52:58.306 [info] Got 1 sessions for ...
2025-10-08 21:52:58.307 [info] Getting sessions for read:user,repo,user:email,workflow...
2025-10-08 21:52:58.307 [info] Got 0 sessions for read:user,repo,user:email,workflow...
2025-10-08 21:52:58.313 [info] Getting sessions for user:email...
2025-10-08 21:52:58.313 [info] Got 1 sessions for user:email...
2025-10-08 21:53:12.017 [info] Getting sessions for all scopes...
2025-10-08 21:53:12.017 [info] Got 1 sessions for ...
2025-10-08 21:53:12.018 [info] Getting sessions for read:user,repo,user:email,workflow...
2025-10-08 21:53:12.018 [info] Got 0 sessions for read:user,repo,user:email,workflow...
2025-10-08 21:53:12.019 [info] Getting sessions for user:email...
2025-10-08 21:53:12.019 [info] Got 1 sessions for user:email...
2025-10-08 21:53:21.629 [info] Getting sessions for all scopes...
2025-10-08 21:53:21.629 [info] Got 1 sessions for ...
2025-10-08 21:53:21.631 [info] Getting sessions for read:user,repo,user:email,workflow...
2025-10-08 21:53:21.631 [info] Got 0 sessions for read:user,repo,user:email,workflow...
2025-10-08 21:53:21.633 [info] Getting sessions for user:email...
2025-10-08 21:53:21.633 [info] Got 1 sessions for user:email...
2025-10-08 21:53:25.576 [info] Getting sessions for all scopes...
2025-10-08 21:53:25.576 [info] Got 1 sessions for ...
2025-10-08 21:53:25.580 [info] Getting sessions for read:user,repo,user:email,workflow...
2025-10-08 21:53:25.580 [info] Got 0 sessions for read:user,repo,user:email,workflow...
2025-10-08 21:53:25.583 [info] Getting sessions for user:email...
2025-10-08 21:53:25.583 [info] Got 1 sessions for user:email...
2025-10-08 21:53:30.294 [info] Getting sessions for all scopes...
2025-10-08 21:53:30.294 [info] Got 1 sessions for ...
2025-10-08 21:53:30.295 [info] Getting sessions for read:user,repo,user:email,workflow...
2025-10-08 21:53:30.295 [info] Got 0 sessions for read:user,repo,user:email,workflow...
2025-10-08 21:53:30.296 [info] Getting sessions for user:email...
2025-10-08 21:53:30.296 [info] Got 1 sessions for user:email...
