2025-10-08 23:42:09.123 [info] [aebc6443-996d-45c2-90f0-388ff96faa56] Native Broker is only available on Windows
2025-10-08 23:42:09.129 [info] [getSessions] [all] starting
2025-10-08 23:42:09.129 [info] [getSessions] [all] returned 0 session(s)
2025-10-08 23:42:09.129 [info] [getSessions] [all] starting
2025-10-08 23:42:09.130 [info] [getSessions] [all] returned 0 session(s)
2025-10-08 23:42:09.130 [info] [getSessions] [all] starting
2025-10-08 23:42:09.130 [info] [getSessions] [all] returned 0 session(s)
2025-10-08 23:42:09.130 [info] [getSessions] [all] starting
2025-10-08 23:42:09.130 [info] [getSessions] [all] returned 0 session(s)
2025-10-08 23:42:09.131 [info] [getSessions] [499b84ac-1321-427f-aa17-267ca6975798/.default offline_access] starting
2025-10-08 23:42:09.131 [info] [aebc6443-996d-45c2-90f0-388ff96faa56] Native Broker is only available on Windows
2025-10-08 23:42:09.134 [info] [getSessions] [499b84ac-1321-427f-aa17-267ca6975798/.default offline_access] returned 0 session(s)
2025-10-08 23:42:10.622 [info] [getSessions] [499b84ac-1321-427f-aa17-267ca6975798/.default offline_access] starting
2025-10-08 23:42:10.622 [info] [getSessions] [499b84ac-1321-427f-aa17-267ca6975798/.default offline_access] returned 0 session(s)
2025-10-08 23:42:12.218 [info] [getSessions] [all] starting
2025-10-08 23:42:12.218 [info] [getSessions] [all] returned 0 session(s)
2025-10-08 23:42:12.218 [info] [getSessions] [all] starting
2025-10-08 23:42:12.218 [info] [getSessions] [all] returned 0 session(s)
2025-10-08 23:42:12.219 [info] [getSessions] [all] starting
2025-10-08 23:42:12.219 [info] [getSessions] [all] returned 0 session(s)
2025-10-08 23:42:13.418 [info] [getSessions] [all] starting
2025-10-08 23:42:13.418 [info] [getSessions] [all] returned 0 session(s)
