2025-10-08 21:05:38.745 [info] [main] Log level: Info
2025-10-08 21:05:38.745 [info] [main] Validating found git in: "git"
2025-10-08 21:05:38.745 [info] [main] Using git "2.51.0" from "git"
2025-10-08 21:05:38.745 [info] [Model][doInitialScan] Initial repository scan started
2025-10-08 21:05:38.745 [info] > git rev-parse --show-toplevel [19ms]
2025-10-08 21:05:38.745 [info] fatal: not a git repository (or any of the parent directories): .git
2025-10-08 21:05:38.745 [info] > git rev-parse --show-toplevel [2ms]
2025-10-08 21:05:38.745 [info] fatal: not a git repository (or any of the parent directories): .git
2025-10-08 21:05:38.745 [info] [Model][doInitialScan] Initial repository scan completed - repositories (0), closed repositories (0), parent repositories (0), unsafe repositories (0)
2025-10-08 21:06:45.178 [info] [main] Log level: Info
2025-10-08 21:06:45.178 [info] [main] Validating found git in: "git"
2025-10-08 21:06:45.178 [info] [main] Using git "2.51.0" from "git"
2025-10-08 21:06:45.178 [info] [Model][doInitialScan] Initial repository scan started
2025-10-08 21:06:45.178 [info] > git rev-parse --show-toplevel [215ms]
2025-10-08 21:06:45.178 [info] fatal: not a git repository (or any parent up to mount point /)
Stopping at filesystem boundary (GIT_DISCOVERY_ACROSS_FILESYSTEM not set).
2025-10-08 21:06:45.178 [info] [Model][doInitialScan] Initial repository scan completed - repositories (0), closed repositories (0), parent repositories (0), unsafe repositories (0)
2025-10-08 21:06:57.709 [info] [main] Log level: Info
2025-10-08 21:06:57.709 [info] [main] Validating found git in: "git"
2025-10-08 21:06:57.709 [info] [main] Using git "2.51.0" from "git"
2025-10-08 21:06:57.709 [info] [Model][doInitialScan] Initial repository scan started
2025-10-08 21:06:57.709 [info] > git rev-parse --show-toplevel [21ms]
2025-10-08 21:06:57.709 [info] fatal: not a git repository (or any parent up to mount point /)
Stopping at filesystem boundary (GIT_DISCOVERY_ACROSS_FILESYSTEM not set).
2025-10-08 21:06:57.725 [info] > git rev-parse --show-toplevel [8ms]
2025-10-08 21:06:57.725 [info] fatal: not a git repository (or any parent up to mount point /)
Stopping at filesystem boundary (GIT_DISCOVERY_ACROSS_FILESYSTEM not set).
2025-10-08 21:06:57.732 [info] [Model][doInitialScan] Initial repository scan completed - repositories (0), closed repositories (0), parent repositories (0), unsafe repositories (0)
2025-10-08 21:07:45.510 [info] > git rev-parse --show-toplevel [4ms]
2025-10-08 21:07:45.510 [info] fatal: not a git repository (or any of the parent directories): .git
