2025-10-09 14:31:07.700 [info] Starting Python Locator /home/avinas/.vscode/extensions/ms-python.python-2025.14.0-linux-x64/python-env-tools/bin/pet server
2025-10-09 14:31:11.869 [info] Discovered env: /home/avinas/code/.venv/bin/python
2025-10-09 14:31:11.904 [info] Discovered env: /usr/bin/python
2025-10-09 14:31:11.904 [info] Discovered env: /bin/python
2025-10-09 14:31:11.905 [info] Env ("/usr/sbin/python") in Path resolved as ResolvedPythonEnv { executable: "/usr/sbin/python", prefix: "/usr", version: "3.13.7.final.0", is64_bit: true, symlinks: Some(["/usr/sbin/python"]) } and reported as Some(GlobalPaths)
2025-10-09 14:31:11.905 [info] Discovered env: /usr/sbin/python
2025-10-09 14:31:11.906 [info] Env ("/sbin/python") in Path resolved as ResolvedPythonEnv { executable: "/sbin/python", prefix: "/usr", version: "3.13.7.final.0", is64_bit: true, symlinks: Some(["/sbin/python"]) } and reported as Some(GlobalPaths)
2025-10-09 14:31:11.906 [info] Discovered env: /sbin/python
2025-10-09 14:31:11.906 [info] Env ("/usr/sbin/python3") in Path resolved as ResolvedPythonEnv { executable: "/usr/sbin/python3", prefix: "/usr", version: "3.13.7.final.0", is64_bit: true, symlinks: Some(["/usr/sbin/python3"]) } and reported as Some(GlobalPaths)
2025-10-09 14:31:11.907 [info] Discovered env: /usr/sbin/python3
2025-10-09 14:31:11.907 [info] Env ("/sbin/python3") in Path resolved as ResolvedPythonEnv { executable: "/sbin/python3", prefix: "/usr", version: "3.13.7.final.0", is64_bit: true, symlinks: Some(["/sbin/python3"]) } and reported as Some(GlobalPaths)
2025-10-09 14:31:11.907 [info] Discovered env: /sbin/python3
2025-10-09 14:31:11.907 [info] Env ("/usr/sbin/python3.13") in Path resolved as ResolvedPythonEnv { executable: "/usr/sbin/python3.13", prefix: "/usr", version: "3.13.7.final.0", is64_bit: true, symlinks: Some(["/usr/sbin/python3.13"]) } and reported as Some(GlobalPaths)
2025-10-09 14:31:11.908 [info] Discovered env: /usr/sbin/python3.13
2025-10-09 14:31:11.908 [info] Env ("/sbin/python3.13") in Path resolved as ResolvedPythonEnv { executable: "/sbin/python3.13", prefix: "/usr", version: "3.13.7.final.0", is64_bit: true, symlinks: Some(["/sbin/python3.13"]) } and reported as Some(GlobalPaths)
2025-10-09 14:31:11.908 [info] Discovered env: /sbin/python3.13
2025-10-09 14:31:11.908 [info] Locator Conda took 256.384772ms
2025-10-09 14:31:11.908 [info] Locator Homebrew took 153.642µs
2025-10-09 14:31:11.909 [info] Locator LinuxGlobal took 297.086459ms
2025-10-09 14:31:11.909 [info] Locator PipEnv took 50.12µs
2025-10-09 14:31:11.909 [info] Locator Pixi took 42.591µs
2025-10-09 14:31:11.909 [info] Locator Poetry took 7.430054ms
2025-10-09 14:31:11.909 [info] Locator PyEnv took 180.537µs
2025-10-09 14:31:11.909 [info] Locator Venv took 38.157µs
2025-10-09 14:31:11.909 [info] Locator VirtualEnv took 37.362µs
2025-10-09 14:31:11.909 [info] Locator VirtualEnvWrapper took 41.549µs
2025-10-09 14:31:11.909 [info] Locator GlobalVirtualEnvs took 509.208µs
2025-10-09 14:31:11.909 [info] Locator Locators took 301.283104ms
2025-10-09 14:31:11.909 [info] Locator Path took 513.946731ms
2025-10-09 14:31:11.909 [info] Locator Workspaces took 122.920554ms
2025-10-09 14:31:11.909 [info] Refresh completed in 519ms
2025-10-09 14:31:11.911 [info] Resolved Python Environment /home/avinas/code/.venv/bin/python
2025-10-09 14:31:11.913 [info] Resolved Python Environment /bin/python
2025-10-09 14:34:59.277 [info] Resolved Python Environment /home/avinas/code/.venv/bin/python
2025-10-09 14:35:55.649 [info] Resolved Python Environment /home/avinas/code/.venv/bin/python
2025-10-09 14:36:14.511 [info] Resolved Python Environment /bin/python
2025-10-09 14:36:17.097 [info] Discovered env: /home/avinas/code/.venv/bin/python
2025-10-09 14:36:17.243 [info] Discovered env: /usr/bin/python
2025-10-09 14:36:17.303 [info] Discovered env: /bin/python
2025-10-09 14:36:17.324 [info] Env ("/sbin/python") in Path resolved as ResolvedPythonEnv { executable: "/sbin/python", prefix: "/usr", version: "3.13.7.final.0", is64_bit: true, symlinks: Some(["/sbin/python"]) } and reported as Some(GlobalPaths)
2025-10-09 14:36:17.326 [info] Discovered env: /sbin/python
2025-10-09 14:36:17.335 [info] Env ("/usr/sbin/python") in Path resolved as ResolvedPythonEnv { executable: "/usr/sbin/python", prefix: "/usr", version: "3.13.7.final.0", is64_bit: true, symlinks: Some(["/usr/sbin/python"]) } and reported as Some(GlobalPaths)
2025-10-09 14:36:17.335 [info] Discovered env: /usr/sbin/python
2025-10-09 14:36:17.353 [info] Env ("/usr/sbin/python3") in Path resolved as ResolvedPythonEnv { executable: "/usr/sbin/python3", prefix: "/usr", version: "3.13.7.final.0", is64_bit: true, symlinks: Some(["/usr/sbin/python3"]) } and reported as Some(GlobalPaths)
2025-10-09 14:36:17.357 [info] Discovered env: /usr/sbin/python3
2025-10-09 14:36:17.363 [info] Env ("/sbin/python3") in Path resolved as ResolvedPythonEnv { executable: "/sbin/python3", prefix: "/usr", version: "3.13.7.final.0", is64_bit: true, symlinks: Some(["/sbin/python3"]) } and reported as Some(GlobalPaths)
2025-10-09 14:36:17.364 [info] Discovered env: /sbin/python3
2025-10-09 14:36:17.393 [info] Env ("/sbin/python3.13") in Path resolved as ResolvedPythonEnv { executable: "/sbin/python3.13", prefix: "/usr", version: "3.13.7.final.0", is64_bit: true, symlinks: Some(["/sbin/python3.13"]) } and reported as Some(GlobalPaths)
2025-10-09 14:36:17.394 [info] Discovered env: /sbin/python3.13
2025-10-09 14:36:17.404 [info] Env ("/usr/sbin/python3.13") in Path resolved as ResolvedPythonEnv { executable: "/usr/sbin/python3.13", prefix: "/usr", version: "3.13.7.final.0", is64_bit: true, symlinks: Some(["/usr/sbin/python3.13"]) } and reported as Some(GlobalPaths)
2025-10-09 14:36:17.405 [info] Discovered env: /usr/sbin/python3.13
2025-10-09 14:36:17.407 [info] Locator Conda took 254.219561ms
2025-10-09 14:36:17.407 [info] Locator Homebrew took 54.69µs
2025-10-09 14:36:17.407 [info] Locator LinuxGlobal took 236.727445ms
2025-10-09 14:36:17.407 [info] Locator PipEnv took 36.781µs
2025-10-09 14:36:17.407 [info] Locator Pixi took 85.451µs
2025-10-09 14:36:17.407 [info] Locator Poetry took 3.208374ms
2025-10-09 14:36:17.407 [info] Locator PyEnv took 328.378µs
2025-10-09 14:36:17.407 [info] Locator Venv took 441.549µs
2025-10-09 14:36:17.407 [info] Locator VirtualEnv took 23.906µs
2025-10-09 14:36:17.407 [info] Locator VirtualEnvWrapper took 34.992µs
2025-10-09 14:36:17.407 [info] Locator GlobalVirtualEnvs took 63.387µs
2025-10-09 14:36:17.407 [info] Locator Locators took 254.44186ms
2025-10-09 14:36:17.407 [info] Locator Path took 354.313897ms
2025-10-09 14:36:17.407 [info] Locator Workspaces took 36.841435ms
2025-10-09 14:36:17.407 [info] Refresh completed in 354ms
2025-10-09 14:36:17.450 [info] Resolved Python Environment /usr/bin/python
