2025-10-08 23:42:03.705 [info] Reading sessions from keychain...
2025-10-08 23:42:03.705 [info] Got stored sessions!
2025-10-08 23:42:03.705 [info] Got 1 verified sessions.
2025-10-08 23:42:03.705 [info] Getting sessions for all scopes...
2025-10-08 23:42:03.705 [info] Got 1 sessions for ...
2025-10-08 23:42:03.705 [info] Getting sessions for all scopes...
2025-10-08 23:42:03.705 [info] Got 1 sessions for ...
2025-10-08 23:42:03.705 [info] Getting sessions for all scopes...
2025-10-08 23:42:03.705 [info] Got 1 sessions for ...
2025-10-08 23:42:03.705 [info] Getting sessions for all scopes...
2025-10-08 23:42:03.705 [info] Got 1 sessions for ...
2025-10-08 23:42:03.705 [info] Getting sessions for all scopes...
2025-10-08 23:42:03.705 [info] Got 1 sessions for ...
2025-10-08 23:42:03.705 [info] Getting sessions for all scopes...
2025-10-08 23:42:03.705 [info] Got 1 sessions for ...
2025-10-08 23:42:03.705 [info] Getting sessions for all scopes...
2025-10-08 23:42:03.705 [info] Got 1 sessions for ...
2025-10-08 23:42:03.705 [info] Getting sessions for all scopes...
2025-10-08 23:42:03.705 [info] Got 1 sessions for ...
2025-10-08 23:42:03.705 [info] Getting sessions for all scopes...
2025-10-08 23:42:03.705 [info] Got 1 sessions for ...
2025-10-08 23:42:03.705 [info] Getting sessions for all scopes...
2025-10-08 23:42:03.705 [info] Got 1 sessions for ...
2025-10-08 23:42:03.705 [info] Getting sessions for all scopes...
2025-10-08 23:42:03.705 [info] Got 1 sessions for ...
2025-10-08 23:42:03.705 [info] Getting sessions for all scopes...
2025-10-08 23:42:03.705 [info] Got 1 sessions for ...
2025-10-08 23:42:03.705 [info] Getting sessions for all scopes...
2025-10-08 23:42:03.705 [info] Got 1 sessions for ...
2025-10-08 23:42:03.705 [info] Getting sessions for all scopes...
2025-10-08 23:42:03.705 [info] Got 1 sessions for ...
2025-10-08 23:42:05.573 [info] Getting sessions for user:email...
2025-10-08 23:42:05.573 [info] Got 1 sessions for user:email...
2025-10-08 23:42:05.582 [info] Getting sessions for all scopes...
2025-10-08 23:42:05.582 [info] Got 1 sessions for ...
2025-10-08 23:42:05.667 [info] Getting sessions for all scopes...
2025-10-08 23:42:05.667 [info] Got 1 sessions for ...
2025-10-08 23:42:05.668 [info] Getting sessions for all scopes...
2025-10-08 23:42:05.668 [info] Got 1 sessions for ...
2025-10-08 23:42:05.669 [info] Getting sessions for all scopes...
2025-10-08 23:42:05.669 [info] Got 1 sessions for ...
2025-10-08 23:42:08.207 [info] Getting sessions for all scopes...
2025-10-08 23:42:08.207 [info] Got 1 sessions for ...
2025-10-08 23:42:08.208 [info] Getting sessions for all scopes...
2025-10-08 23:42:08.208 [info] Got 1 sessions for ...
2025-10-08 23:42:08.347 [info] fetching: Electron fetch failed with status: 429 
2025-10-08 23:42:08.615 [info] Getting sessions for read:user,repo,user:email,workflow...
2025-10-08 23:42:08.615 [info] Got 0 sessions for read:user,repo,user:email,workflow...
2025-10-08 23:42:09.119 [info] Getting sessions for user:email...
2025-10-08 23:42:09.119 [info] Got 1 sessions for user:email...
2025-10-08 23:42:09.119 [info] Getting sessions for read:user,repo,user:email,workflow...
2025-10-08 23:42:09.119 [info] Got 0 sessions for read:user,repo,user:email,workflow...
2025-10-08 23:42:09.119 [info] Getting sessions for all scopes...
2025-10-08 23:42:09.119 [info] Got 1 sessions for ...
2025-10-08 23:42:09.123 [info] Getting sessions for all scopes...
2025-10-08 23:42:09.123 [info] Got 1 sessions for ...
2025-10-08 23:42:09.123 [info] Getting sessions for read:user,repo,user:email,workflow...
2025-10-08 23:42:09.123 [info] Got 0 sessions for read:user,repo,user:email,workflow...
2025-10-08 23:42:09.127 [info] Getting sessions for all scopes...
2025-10-08 23:42:09.127 [info] Got 1 sessions for ...
2025-10-08 23:42:09.128 [info] Getting sessions for user:email...
2025-10-08 23:42:09.128 [info] Got 1 sessions for user:email...
2025-10-08 23:42:09.132 [info] Getting sessions for read:user...
2025-10-08 23:42:09.132 [info] Got 0 sessions for read:user...
2025-10-08 23:42:09.133 [info] Getting sessions for user:email...
2025-10-08 23:42:09.133 [info] Got 1 sessions for user:email...
2025-10-08 23:42:09.138 [info] Getting sessions for all scopes...
2025-10-08 23:42:09.138 [info] Got 1 sessions for ...
2025-10-08 23:42:09.266 [info] Getting sessions for read:user,repo,user:email,workflow...
2025-10-08 23:42:09.266 [info] Got 0 sessions for read:user,repo,user:email,workflow...
2025-10-08 23:42:09.271 [info] Getting sessions for user:email...
2025-10-08 23:42:09.271 [info] Got 1 sessions for user:email...
2025-10-08 23:42:09.273 [info] Getting sessions for all scopes...
2025-10-08 23:42:09.273 [info] Got 1 sessions for ...
2025-10-08 23:42:09.273 [info] Getting sessions for read:user,repo,user:email,workflow...
2025-10-08 23:42:09.274 [info] Got 0 sessions for read:user,repo,user:email,workflow...
2025-10-08 23:42:09.275 [info] Getting sessions for user:email...
2025-10-08 23:42:09.275 [info] Got 1 sessions for user:email...
2025-10-08 23:42:09.552 [info] Getting sessions for all scopes...
2025-10-08 23:42:09.552 [info] Got 1 sessions for ...
2025-10-08 23:42:09.553 [info] Getting sessions for read:user,repo,user:email,workflow...
2025-10-08 23:42:09.553 [info] Got 0 sessions for read:user,repo,user:email,workflow...
2025-10-08 23:42:09.554 [info] Getting sessions for user:email...
2025-10-08 23:42:09.554 [info] Got 1 sessions for user:email...
2025-10-08 23:42:09.884 [info] fetching: Node fetch failed with status: 429 Too Many Requests
2025-10-08 23:42:09.957 [info] Getting sessions for all scopes...
2025-10-08 23:42:09.957 [info] Got 1 sessions for ...
2025-10-08 23:42:09.962 [info] Getting sessions for read:user,repo,user:email,workflow...
2025-10-08 23:42:09.962 [info] Got 0 sessions for read:user,repo,user:email,workflow...
2025-10-08 23:42:09.965 [info] Getting sessions for user:email...
2025-10-08 23:42:09.965 [info] Got 1 sessions for user:email...
2025-10-08 23:42:10.622 [info] Getting sessions for all scopes...
2025-10-08 23:42:10.622 [info] Got 1 sessions for ...
2025-10-08 23:42:10.622 [info] Getting sessions for all scopes...
2025-10-08 23:42:10.622 [info] Got 1 sessions for ...
2025-10-08 23:42:10.637 [info] Getting sessions for read:user,repo,user:email,workflow...
2025-10-08 23:42:10.637 [info] Got 0 sessions for read:user,repo,user:email,workflow...
2025-10-08 23:42:10.638 [info] Getting sessions for user:email...
2025-10-08 23:42:10.638 [info] Got 1 sessions for user:email...
2025-10-08 23:42:10.638 [info] Getting sessions for read:user,repo,user:email,workflow...
2025-10-08 23:42:10.638 [info] Got 0 sessions for read:user,repo,user:email,workflow...
2025-10-08 23:42:10.640 [info] Getting sessions for all scopes...
2025-10-08 23:42:10.640 [info] Got 1 sessions for ...
2025-10-08 23:42:10.641 [info] Getting sessions for read:user,repo,user:email,workflow...
2025-10-08 23:42:10.641 [info] Got 0 sessions for read:user,repo,user:email,workflow...
2025-10-08 23:42:10.642 [info] Getting sessions for user:email...
2025-10-08 23:42:10.642 [info] Got 1 sessions for user:email...
2025-10-08 23:42:11.474 [info] Getting sessions for all scopes...
2025-10-08 23:42:11.474 [info] Got 1 sessions for ...
2025-10-08 23:42:11.474 [info] Getting sessions for all scopes...
2025-10-08 23:42:11.474 [info] Got 1 sessions for ...
2025-10-08 23:42:11.493 [info] fetching: Node http/s failed with status: 429 Too Many Requests
2025-10-08 23:42:12.213 [info] Getting sessions for read:user,repo,user:email,workflow...
2025-10-08 23:42:12.213 [info] Got 0 sessions for read:user,repo,user:email,workflow...
2025-10-08 23:42:12.218 [info] Getting sessions for all scopes...
2025-10-08 23:42:12.218 [info] Got 1 sessions for ...
2025-10-08 23:42:12.218 [info] Getting sessions for all scopes...
2025-10-08 23:42:12.218 [info] Got 1 sessions for ...
2025-10-08 23:42:12.219 [info] Getting sessions for all scopes...
2025-10-08 23:42:12.219 [info] Got 1 sessions for ...
2025-10-08 23:42:12.240 [info] Getting sessions for user:email...
2025-10-08 23:42:12.240 [info] Got 1 sessions for user:email...
2025-10-08 23:42:12.240 [info] Getting sessions for read:user,repo,user:email,workflow...
2025-10-08 23:42:12.240 [info] Got 0 sessions for read:user,repo,user:email,workflow...
2025-10-08 23:42:12.249 [info] Getting sessions for all scopes...
2025-10-08 23:42:12.249 [info] Got 1 sessions for ...
2025-10-08 23:42:12.250 [info] Getting sessions for all scopes...
2025-10-08 23:42:12.250 [info] Got 1 sessions for ...
2025-10-08 23:42:12.250 [info] Getting sessions for all scopes...
2025-10-08 23:42:12.250 [info] Got 1 sessions for ...
2025-10-08 23:42:12.253 [info] Getting sessions for read:user,repo,user:email,workflow...
2025-10-08 23:42:12.253 [info] Got 0 sessions for read:user,repo,user:email,workflow...
2025-10-08 23:42:12.254 [info] Getting sessions for user:email...
2025-10-08 23:42:12.254 [info] Got 1 sessions for user:email...
2025-10-08 23:42:12.256 [info] Getting sessions for all scopes...
2025-10-08 23:42:12.256 [info] Got 1 sessions for ...
2025-10-08 23:42:12.257 [info] Getting sessions for read:user,repo,user:email,workflow...
2025-10-08 23:42:12.257 [info] Got 0 sessions for read:user,repo,user:email,workflow...
2025-10-08 23:42:12.257 [info] Getting sessions for user:email...
2025-10-08 23:42:12.257 [info] Got 1 sessions for user:email...
2025-10-08 23:42:13.418 [info] Getting sessions for all scopes...
2025-10-08 23:42:13.418 [info] Got 1 sessions for ...
