2025-10-09 14:31:07.280 [info] Reading sessions from keychain...
2025-10-09 14:31:07.280 [info] Getting sessions for all scopes...
2025-10-09 14:31:07.280 [info] Got stored sessions!
2025-10-09 14:31:07.280 [info] Got 1 verified sessions.
2025-10-09 14:31:07.280 [info] Got 1 sessions for ...
2025-10-09 14:31:07.280 [info] Getting sessions for all scopes...
2025-10-09 14:31:07.280 [info] Got 1 sessions for ...
2025-10-09 14:31:07.280 [info] Getting sessions for all scopes...
2025-10-09 14:31:07.280 [info] Got 1 sessions for ...
2025-10-09 14:31:07.280 [info] Getting sessions for all scopes...
2025-10-09 14:31:07.280 [info] Got 1 sessions for ...
2025-10-09 14:31:07.280 [info] Getting sessions for all scopes...
2025-10-09 14:31:07.280 [info] Got 1 sessions for ...
2025-10-09 14:31:07.280 [info] Getting sessions for all scopes...
2025-10-09 14:31:07.280 [info] Got 1 sessions for ...
2025-10-09 14:31:07.280 [info] Getting sessions for all scopes...
2025-10-09 14:31:07.280 [info] Got 1 sessions for ...
2025-10-09 14:31:07.280 [info] Getting sessions for all scopes...
2025-10-09 14:31:07.280 [info] Got 1 sessions for ...
2025-10-09 14:31:07.280 [info] Getting sessions for all scopes...
2025-10-09 14:31:07.280 [info] Got 1 sessions for ...
2025-10-09 14:31:07.280 [info] Getting sessions for all scopes...
2025-10-09 14:31:07.280 [info] Got 1 sessions for ...
2025-10-09 14:31:07.280 [info] Getting sessions for all scopes...
2025-10-09 14:31:07.280 [info] Got 1 sessions for ...
2025-10-09 14:31:07.280 [info] Getting sessions for all scopes...
2025-10-09 14:31:07.280 [info] Got 1 sessions for ...
2025-10-09 14:31:07.280 [info] Getting sessions for all scopes...
2025-10-09 14:31:07.280 [info] Got 1 sessions for ...
2025-10-09 14:31:07.280 [info] Getting sessions for all scopes...
2025-10-09 14:31:07.280 [info] Got 1 sessions for ...
2025-10-09 14:31:07.280 [info] Getting sessions for all scopes...
2025-10-09 14:31:07.280 [info] Got 1 sessions for ...
2025-10-09 14:31:07.280 [info] Getting sessions for all scopes...
2025-10-09 14:31:07.280 [info] Got 1 sessions for ...
2025-10-09 14:31:07.280 [info] Getting sessions for user:email...
2025-10-09 14:31:07.280 [info] Got 1 sessions for user:email...
2025-10-09 14:31:07.280 [info] Getting sessions for all scopes...
2025-10-09 14:31:07.280 [info] Got 1 sessions for ...
2025-10-09 14:31:07.280 [info] Getting sessions for all scopes...
2025-10-09 14:31:07.280 [info] Got 1 sessions for ...
2025-10-09 14:31:07.280 [info] Getting sessions for all scopes...
2025-10-09 14:31:07.280 [info] Got 1 sessions for ...
2025-10-09 14:31:07.280 [info] Getting sessions for all scopes...
2025-10-09 14:31:07.280 [info] Got 1 sessions for ...
2025-10-09 14:31:07.280 [info] Getting sessions for read:user,repo,user:email,workflow...
2025-10-09 14:31:07.280 [info] Got 0 sessions for read:user,repo,user:email,workflow...
2025-10-09 14:31:07.467 [info] Getting sessions for user:email...
2025-10-09 14:31:07.467 [info] Got 1 sessions for user:email...
2025-10-09 14:31:07.468 [info] Getting sessions for read:user,repo,user:email,workflow...
2025-10-09 14:31:07.468 [info] Got 0 sessions for read:user,repo,user:email,workflow...
2025-10-09 14:31:10.606 [info] Getting sessions for all scopes...
2025-10-09 14:31:10.606 [info] Got 1 sessions for ...
2025-10-09 14:31:10.607 [info] Getting sessions for user:email...
2025-10-09 14:31:10.607 [info] Got 1 sessions for user:email...
2025-10-09 14:31:11.562 [info] Getting sessions for all scopes...
2025-10-09 14:31:11.562 [info] Got 1 sessions for ...
2025-10-09 14:31:11.625 [info] Getting sessions for all scopes...
2025-10-09 14:31:11.625 [info] Got 1 sessions for ...
2025-10-09 14:31:11.627 [info] Getting sessions for read:user,repo,user:email,workflow...
2025-10-09 14:31:11.627 [info] Got 0 sessions for read:user,repo,user:email,workflow...
2025-10-09 14:31:11.632 [info] Getting sessions for all scopes...
2025-10-09 14:31:11.633 [info] Got 1 sessions for ...
2025-10-09 14:31:11.646 [info] Getting sessions for read:user...
2025-10-09 14:31:11.646 [info] Got 0 sessions for read:user...
2025-10-09 14:31:11.667 [info] Getting sessions for read:user,repo,user:email,workflow...
2025-10-09 14:31:11.667 [info] Got 0 sessions for read:user,repo,user:email,workflow...
2025-10-09 14:31:11.670 [info] Getting sessions for user:email...
2025-10-09 14:31:11.670 [info] Got 1 sessions for user:email...
2025-10-09 14:31:11.697 [info] Getting sessions for user:email...
2025-10-09 14:31:11.697 [info] Got 1 sessions for user:email...
2025-10-09 14:31:11.858 [info] Getting sessions for all scopes...
2025-10-09 14:31:11.858 [info] Got 1 sessions for ...
2025-10-09 14:31:11.871 [info] Getting sessions for read:user,repo,user:email,workflow...
2025-10-09 14:31:11.871 [info] Got 0 sessions for read:user,repo,user:email,workflow...
2025-10-09 14:31:11.891 [info] Getting sessions for user:email...
2025-10-09 14:31:11.891 [info] Got 1 sessions for user:email...
2025-10-09 14:31:11.975 [info] Getting sessions for all scopes...
2025-10-09 14:31:11.975 [info] Got 1 sessions for ...
2025-10-09 14:31:19.834 [info] Getting sessions for all scopes...
2025-10-09 14:31:19.834 [info] Got 1 sessions for ...
2025-10-09 14:31:19.842 [info] Getting sessions for read:user,repo,user:email,workflow...
2025-10-09 14:31:19.842 [info] Got 0 sessions for read:user,repo,user:email,workflow...
2025-10-09 14:31:19.853 [info] Getting sessions for user:email...
2025-10-09 14:31:19.853 [info] Got 1 sessions for user:email...
2025-10-09 14:31:38.883 [info] fetching: Electron fetch failed with error: net::ERR_TIMED_OUT
2025-10-09 14:31:49.407 [info] fetching: Node fetch failed with error: fetch failed
2025-10-09 14:31:51.115 [info] Getting sessions for all scopes...
2025-10-09 14:31:51.115 [info] Got 1 sessions for ...
2025-10-09 14:31:51.115 [info] Getting sessions for all scopes...
2025-10-09 14:31:51.115 [info] Got 1 sessions for ...
2025-10-09 14:31:51.119 [info] Getting sessions for read:user,repo,user:email,workflow...
2025-10-09 14:31:51.119 [info] Got 0 sessions for read:user,repo,user:email,workflow...
2025-10-09 14:31:51.122 [info] Getting sessions for user:email...
2025-10-09 14:31:51.122 [info] Got 1 sessions for user:email...
2025-10-09 14:31:51.122 [info] Getting sessions for read:user,repo,user:email,workflow...
2025-10-09 14:31:51.123 [info] Got 0 sessions for read:user,repo,user:email,workflow...
2025-10-09 14:31:51.134 [info] Getting sessions for all scopes...
2025-10-09 14:31:51.134 [info] Got 1 sessions for ...
2025-10-09 14:31:51.135 [info] Getting sessions for read:user,repo,user:email,workflow...
2025-10-09 14:31:51.135 [info] Got 0 sessions for read:user,repo,user:email,workflow...
2025-10-09 14:31:51.139 [info] Getting sessions for user:email...
2025-10-09 14:31:51.140 [info] Got 1 sessions for user:email...
2025-10-09 14:31:51.250 [info] Getting sessions for all scopes...
2025-10-09 14:31:51.250 [info] Got 1 sessions for ...
2025-10-09 14:31:51.250 [info] Getting sessions for all scopes...
2025-10-09 14:31:51.250 [info] Got 1 sessions for ...
2025-10-09 14:31:51.252 [info] Getting sessions for read:user,repo,user:email,workflow...
2025-10-09 14:31:51.252 [info] Got 0 sessions for read:user,repo,user:email,workflow...
2025-10-09 14:31:51.261 [info] Getting sessions for user:email...
2025-10-09 14:31:51.261 [info] Got 1 sessions for user:email...
2025-10-09 14:31:51.261 [info] Getting sessions for read:user,repo,user:email,workflow...
2025-10-09 14:31:51.261 [info] Got 0 sessions for read:user,repo,user:email,workflow...
2025-10-09 14:31:51.283 [info] Getting sessions for all scopes...
2025-10-09 14:31:51.283 [info] Got 1 sessions for ...
2025-10-09 14:31:51.375 [info] Getting sessions for all scopes...
2025-10-09 14:31:51.375 [info] Got 1 sessions for ...
2025-10-09 14:31:51.375 [info] Getting sessions for all scopes...
2025-10-09 14:31:51.375 [info] Got 1 sessions for ...
2025-10-09 14:31:51.386 [info] Getting sessions for read:user,repo,user:email,workflow...
2025-10-09 14:31:51.386 [info] Got 0 sessions for read:user,repo,user:email,workflow...
2025-10-09 14:31:51.394 [info] Getting sessions for user:email...
2025-10-09 14:31:51.394 [info] Got 1 sessions for user:email...
2025-10-09 14:31:51.406 [info] Getting sessions for all scopes...
2025-10-09 14:31:51.406 [info] Got 1 sessions for ...
2025-10-09 14:31:51.437 [info] Getting sessions for read:user,repo,user:email,workflow...
2025-10-09 14:31:51.437 [info] Got 0 sessions for read:user,repo,user:email,workflow...
2025-10-09 14:31:51.454 [info] Getting sessions for user:email...
2025-10-09 14:31:51.454 [info] Got 1 sessions for user:email...
2025-10-09 14:31:51.458 [info] Getting sessions for all scopes...
2025-10-09 14:31:51.458 [info] Got 1 sessions for ...
2025-10-09 14:31:51.459 [info] Getting sessions for read:user,repo,user:email,workflow...
2025-10-09 14:31:51.459 [info] Got 0 sessions for read:user,repo,user:email,workflow...
2025-10-09 14:31:51.461 [info] Getting sessions for user:email...
2025-10-09 14:31:51.461 [info] Got 1 sessions for user:email...
2025-10-09 14:31:51.462 [info] Getting sessions for all scopes...
2025-10-09 14:31:51.462 [info] Got 1 sessions for ...
2025-10-09 14:31:51.463 [info] Getting sessions for read:user,repo,user:email,workflow...
2025-10-09 14:31:51.463 [info] Got 0 sessions for read:user,repo,user:email,workflow...
2025-10-09 14:31:51.464 [info] Getting sessions for user:email...
2025-10-09 14:31:51.464 [info] Got 1 sessions for user:email...
2025-10-09 14:32:21.325 [info] Getting sessions for all scopes...
2025-10-09 14:32:21.325 [info] Got 1 sessions for ...
2025-10-09 14:32:21.333 [info] Getting sessions for read:user,repo,user:email,workflow...
2025-10-09 14:32:21.333 [info] Got 0 sessions for read:user,repo,user:email,workflow...
2025-10-09 14:32:21.336 [info] Getting sessions for user:email...
2025-10-09 14:32:21.336 [info] Got 1 sessions for user:email...
2025-10-09 14:32:21.342 [info] Getting sessions for all scopes...
2025-10-09 14:32:21.342 [info] Got 1 sessions for ...
2025-10-09 14:32:21.345 [info] Getting sessions for read:user,repo,user:email,workflow...
2025-10-09 14:32:21.345 [info] Got 0 sessions for read:user,repo,user:email,workflow...
2025-10-09 14:32:21.347 [info] Getting sessions for user:email...
2025-10-09 14:32:21.347 [info] Got 1 sessions for user:email...
2025-10-09 14:32:23.191 [info] Getting sessions for all scopes...
2025-10-09 14:32:23.191 [info] Got 1 sessions for ...
