2025-10-09 14:07:57.633 [info] autoApprove: Sub-command DENIED auto approval []
2025-10-09 14:07:57.633 [info] - Command 'chmod +x /home/avinas/.local/bin/waybar-nm-editor.sh' is denied by deny list rule: chmod []
2025-10-09 14:07:57.633 [info] - Command 'echo 'ok'' is approved by allow list rule: echo []
2025-10-09 14:07:57.634 [info] - Command line 'chmod +x /home/avinas/.local/bin/waybar-nm-editor.sh && echo 'ok'' has no matching auto approve entries []
2025-10-09 14:08:04.882 [info] ToolTerminalCreator#createTerminal: Waiting 5000ms for shell integration []
2025-10-09 14:08:05.019 [info] ToolTerminalCreator#_waitForShellIntegration: Rich SI available eventually []
2025-10-09 14:08:05.021 [info] ToolTerminalCreator#_waitForShellIntegration: Promise complete, disposing store []
2025-10-09 14:08:05.021 [info] ToolTerminalCreator#createTerminal: Waiting up to 2s for PromptInputModel state to change []
2025-10-09 14:10:54.817 [info] autoApprove: Sub-command DENIED auto approval []
2025-10-09 14:10:54.818 [info] - Command 'chmod +x /home/avinas/.local/bin/waybar-mini-control.py' is denied by deny list rule: chmod []
2025-10-09 14:10:54.818 [info] - Command 'echo ok' is approved by allow list rule: echo []
2025-10-09 14:10:54.818 [info] - Command line 'chmod +x /home/avinas/.local/bin/waybar-mini-control.py && echo ok' has no matching auto approve entries []
2025-10-09 14:11:18.405 [info] autoApprove: All sub-commands NOT auto-approved []
2025-10-09 14:11:18.406 [info] autoApprove: Command line NOT auto-approved []
2025-10-09 14:11:18.407 [info] - Command '/home/avinas/.local/bin/waybar-mini-control.py network --help' has no matching auto approve entries []
2025-10-09 14:11:18.413 [info] - Command '/dev/null' has no matching auto approve entries []
2025-10-09 14:11:18.413 [info] - Command 'echo exitcode:$?' is approved by allow list rule: echo []
2025-10-09 14:11:18.414 [info] - Command line '/home/avinas/.local/bin/waybar-mini-control.py network --help >/dev/null 2>&1 || echo exitcode:$?' has no matching auto approve entries []
2025-10-09 14:14:00.061 [info] autoApprove: All sub-commands NOT auto-approved []
2025-10-09 14:14:00.061 [info] autoApprove: Command line NOT auto-approved []
2025-10-09 14:14:00.062 [info] - Command '/home/avinas/.local/bin/waybar-mini-control.py network --help' has no matching auto approve entries []
2025-10-09 14:14:00.062 [info] - Command '/dev/null' has no matching auto approve entries []
2025-10-09 14:14:00.063 [info] - Command 'echo exitcode:$?' is approved by allow list rule: echo []
2025-10-09 14:14:00.063 [info] - Command line '/home/avinas/.local/bin/waybar-mini-control.py network --help >/dev/null 2>&1 || echo exitcode:$?' has no matching auto approve entries []
2025-10-09 14:17:50.435 [info] autoApprove: All sub-commands NOT auto-approved []
2025-10-09 14:17:50.436 [info] autoApprove: Command line NOT auto-approved []
2025-10-09 14:17:50.437 [info] - Command '/home/avinas/.local/bin/waybar-mini-control.py network --version' has no matching auto approve entries []
2025-10-09 14:17:50.437 [info] - Command '/dev/null' has no matching auto approve entries []
2025-10-09 14:17:50.437 [info] - Command 'echo exit:$?' is approved by allow list rule: echo []
2025-10-09 14:17:50.438 [info] - Command line '/home/avinas/.local/bin/waybar-mini-control.py network --version >/dev/null 2>&1 || echo exit:$?' has no matching auto approve entries []
2025-10-09 14:18:29.259 [info] autoApprove: All sub-commands NOT auto-approved []
2025-10-09 14:18:29.260 [info] autoApprove: Command line NOT auto-approved []
2025-10-09 14:18:29.263 [info] - Command '/home/avinas/.local/bin/waybar-mini-control.py network' has no matching auto approve entries []
2025-10-09 14:18:29.263 [info] - Command '/dev/null' has no matching auto approve entries []
2025-10-09 14:18:29.264 [info] - Command 'sleep 0.2' is approved by allow list rule: sleep []
2025-10-09 14:18:29.265 [info] - Command 'pgrep -f waybar-mini-control.py' has no matching auto approve entries []
2025-10-09 14:18:29.265 [info] - Command 'echo no-process' is approved by allow list rule: echo []
2025-10-09 14:18:29.266 [info] - Command line '/home/avinas/.local/bin/waybar-mini-control.py network >/dev/null 2>&1 & sleep 0.2; pgrep -f waybar-mini-control.py || echo no-process' has no matching auto approve entries []
2025-10-09 14:18:34.747 [info] autoApprove: All sub-commands NOT auto-approved []
2025-10-09 14:18:34.747 [info] autoApprove: Command line NOT auto-approved []
2025-10-09 14:18:34.747 [info] - Command 'pgrep -a -f waybar-mini-control.py' has no matching auto approve entries []
2025-10-09 14:18:34.748 [info] - Command 'true' has no matching auto approve entries []
2025-10-09 14:18:34.749 [info] - Command line 'pgrep -a -f waybar-mini-control.py || true' has no matching auto approve entries []
2025-10-09 14:21:10.940 [info] autoApprove: All sub-commands NOT auto-approved []
2025-10-09 14:21:10.940 [info] autoApprove: Command line NOT auto-approved []
2025-10-09 14:21:10.941 [info] - Command '/home/avinas/.local/bin/waybar-mini-control.py network' has no matching auto approve entries []
2025-10-09 14:21:10.941 [info] - Command '/dev/null' has no matching auto approve entries []
2025-10-09 14:21:10.941 [info] - Command 'sleep 0.1' is approved by allow list rule: sleep []
2025-10-09 14:21:10.941 [info] - Command 'pgrep -a -f waybar-mini-control.py' has no matching auto approve entries []
2025-10-09 14:21:10.941 [info] - Command 'echo not-running' is approved by allow list rule: echo []
2025-10-09 14:21:10.941 [info] - Command line '/home/avinas/.local/bin/waybar-mini-control.py network >/dev/null 2>&1 & sleep 0.1; pgrep -a -f waybar-mini-control.py || echo not-running' has no matching auto approve entries []
2025-10-09 14:21:18.872 [info] autoApprove: All sub-commands NOT auto-approved []
2025-10-09 14:21:18.873 [info] autoApprove: Command line NOT auto-approved []
2025-10-09 14:21:18.873 [info] - Command 'sleep 0.1' is approved by allow list rule: sleep []
2025-10-09 14:21:18.873 [info] - Command 'pgrep -a -f waybar-mini-control.py' has no matching auto approve entries []
2025-10-09 14:21:18.873 [info] - Command 'true' has no matching auto approve entries []
2025-10-09 14:21:18.873 [info] - Command line 'sleep 0.1; pgrep -a -f waybar-mini-control.py || true' has no matching auto approve entries []
2025-10-09 14:26:24.567 [info] autoApprove: All sub-commands NOT auto-approved []
2025-10-09 14:26:24.568 [info] autoApprove: Command line NOT auto-approved []
2025-10-09 14:26:24.572 [info] - Command '/home/avinas/.local/bin/waybar-mini-control.py network' has no matching auto approve entries []
2025-10-09 14:26:24.574 [info] - Command '/dev/null' has no matching auto approve entries []
2025-10-09 14:26:24.576 [info] - Command 'sleep 0.15' is approved by allow list rule: sleep []
2025-10-09 14:26:24.577 [info] - Command 'pgrep -a -f waybar-mini-control.py' has no matching auto approve entries []
2025-10-09 14:26:24.577 [info] - Command 'echo not-running' is approved by allow list rule: echo []
2025-10-09 14:26:24.578 [info] - Command line '/home/avinas/.local/bin/waybar-mini-control.py network >/dev/null 2>&1 & sleep 0.15; pgrep -a -f waybar-mini-control.py || echo not-running' has no matching auto approve entries []
2025-10-09 14:27:11.944 [info] autoApprove: All sub-commands NOT auto-approved []
2025-10-09 14:27:11.944 [info] autoApprove: Command line NOT auto-approved []
2025-10-09 14:27:11.945 [info] - Command 'sleep 0.15' is approved by allow list rule: sleep []
2025-10-09 14:27:11.945 [info] - Command 'pgrep -a -f waybar-mini-control.py' has no matching auto approve entries []
2025-10-09 14:27:11.945 [info] - Command 'true' has no matching auto approve entries []
2025-10-09 14:27:11.945 [info] - Command line 'sleep 0.15; pgrep -a -f waybar-mini-control.py || true' has no matching auto approve entries []
