2025-10-09 13:55:30.643 [info] [main] Log level: Info
2025-10-09 13:55:30.643 [info] [main] Validating found git in: "git"
2025-10-09 13:55:30.643 [info] [main] Using git "2.51.0" from "git"
2025-10-09 13:55:30.643 [info] [Model][doInitialScan] Initial repository scan started
2025-10-09 13:55:30.643 [info] > git rev-parse --show-toplevel [6ms]
2025-10-09 13:55:30.643 [info] fatal: not a git repository (or any parent up to mount point /)
Stopping at filesystem boundary (GIT_DISCOVERY_ACROSS_FILESYSTEM not set).
2025-10-09 13:55:30.643 [info] > git rev-parse --show-toplevel [5ms]
2025-10-09 13:55:30.643 [info] fatal: not a git repository (or any parent up to mount point /)
Stopping at filesystem boundary (GIT_DISCOVERY_ACROSS_FILESYSTEM not set).
2025-10-09 13:55:30.643 [info] > git rev-parse --show-toplevel [7ms]
2025-10-09 13:55:30.643 [info] fatal: not a git repository (or any of the parent directories): .git
2025-10-09 13:55:30.643 [info] > git rev-parse --show-toplevel [6ms]
2025-10-09 13:55:30.643 [info] fatal: not a git repository (or any parent up to mount point /)
Stopping at filesystem boundary (GIT_DISCOVERY_ACROSS_FILESYSTEM not set).
2025-10-09 13:55:30.643 [info] > git rev-parse --show-toplevel [8ms]
2025-10-09 13:55:30.643 [info] fatal: not a git repository (or any parent up to mount point /)
Stopping at filesystem boundary (GIT_DISCOVERY_ACROSS_FILESYSTEM not set).
2025-10-09 13:55:30.643 [info] > git rev-parse --show-toplevel [10ms]
2025-10-09 13:55:30.643 [info] fatal: not a git repository (or any parent up to mount point /)
Stopping at filesystem boundary (GIT_DISCOVERY_ACROSS_FILESYSTEM not set).
2025-10-09 13:55:30.643 [info] [Model][doInitialScan] Initial repository scan completed - repositories (0), closed repositories (0), parent repositories (0), unsafe repositories (0)
2025-10-09 13:55:30.763 [info] > git rev-parse --show-toplevel [17ms]
2025-10-09 13:55:30.763 [info] fatal: not a git repository (or any parent up to mount point /)
Stopping at filesystem boundary (GIT_DISCOVERY_ACROSS_FILESYSTEM not set).
2025-10-09 13:55:30.815 [info] > git rev-parse --show-toplevel [38ms]
2025-10-09 13:55:30.816 [info] fatal: not a git repository (or any parent up to mount point /)
Stopping at filesystem boundary (GIT_DISCOVERY_ACROSS_FILESYSTEM not set).
2025-10-09 13:55:30.875 [info] > git rev-parse --show-toplevel [16ms]
2025-10-09 13:55:30.875 [info] fatal: not a git repository (or any of the parent directories): .git
2025-10-09 13:55:30.888 [info] > git rev-parse --show-toplevel [4ms]
2025-10-09 13:55:30.888 [info] fatal: not a git repository (or any parent up to mount point /)
Stopping at filesystem boundary (GIT_DISCOVERY_ACROSS_FILESYSTEM not set).
2025-10-09 13:55:30.897 [info] > git rev-parse --show-toplevel [1ms]
2025-10-09 13:55:30.897 [info] fatal: not a git repository (or any parent up to mount point /)
Stopping at filesystem boundary (GIT_DISCOVERY_ACROSS_FILESYSTEM not set).
2025-10-09 13:55:30.906 [info] > git rev-parse --show-toplevel [3ms]
2025-10-09 13:55:30.906 [info] fatal: not a git repository (or any of the parent directories): .git
2025-10-09 13:55:30.915 [info] > git rev-parse --show-toplevel [2ms]
2025-10-09 13:55:30.915 [info] fatal: not a git repository (or any parent up to mount point /)
Stopping at filesystem boundary (GIT_DISCOVERY_ACROSS_FILESYSTEM not set).
2025-10-09 13:55:30.922 [info] > git rev-parse --show-toplevel [1ms]
2025-10-09 13:55:30.922 [info] fatal: not a git repository (or any parent up to mount point /)
Stopping at filesystem boundary (GIT_DISCOVERY_ACROSS_FILESYSTEM not set).
2025-10-09 13:55:30.929 [info] > git rev-parse --show-toplevel [1ms]
2025-10-09 13:55:30.929 [info] fatal: not a git repository (or any of the parent directories): .git
2025-10-09 13:55:31.051 [info] > git rev-parse --show-toplevel [4ms]
2025-10-09 13:55:31.051 [info] fatal: not a git repository (or any parent up to mount point /)
Stopping at filesystem boundary (GIT_DISCOVERY_ACROSS_FILESYSTEM not set).
2025-10-09 13:55:36.719 [info] > git rev-parse --show-toplevel [138ms]
2025-10-09 13:55:36.719 [info] fatal: not a git repository (or any parent up to mount point /)
Stopping at filesystem boundary (GIT_DISCOVERY_ACROSS_FILESYSTEM not set).
2025-10-09 13:55:37.078 [info] > git rev-parse --show-toplevel [262ms]
2025-10-09 13:55:37.078 [info] fatal: not a git repository (or any parent up to mount point /)
Stopping at filesystem boundary (GIT_DISCOVERY_ACROSS_FILESYSTEM not set).
2025-10-09 13:55:37.566 [info] > git rev-parse --show-toplevel [476ms]
2025-10-09 13:55:37.567 [info] fatal: not a git repository (or any of the parent directories): .git
2025-10-09 13:55:37.651 [info] > git rev-parse --show-toplevel [16ms]
2025-10-09 13:55:37.651 [info] fatal: not a git repository (or any parent up to mount point /)
Stopping at filesystem boundary (GIT_DISCOVERY_ACROSS_FILESYSTEM not set).
2025-10-09 13:55:37.666 [info] > git rev-parse --show-toplevel [2ms]
2025-10-09 13:55:37.666 [info] fatal: not a git repository (or any parent up to mount point /)
Stopping at filesystem boundary (GIT_DISCOVERY_ACROSS_FILESYSTEM not set).
2025-10-09 13:55:37.679 [info] > git rev-parse --show-toplevel [2ms]
2025-10-09 13:55:37.679 [info] fatal: not a git repository (or any of the parent directories): .git
2025-10-09 13:55:37.694 [info] > git rev-parse --show-toplevel [4ms]
2025-10-09 13:55:37.694 [info] fatal: not a git repository (or any parent up to mount point /)
Stopping at filesystem boundary (GIT_DISCOVERY_ACROSS_FILESYSTEM not set).
2025-10-09 13:55:37.715 [info] > git rev-parse --show-toplevel [9ms]
2025-10-09 13:55:37.715 [info] fatal: not a git repository (or any parent up to mount point /)
Stopping at filesystem boundary (GIT_DISCOVERY_ACROSS_FILESYSTEM not set).
2025-10-09 13:55:37.730 [info] > git rev-parse --show-toplevel [3ms]
2025-10-09 13:55:37.730 [info] fatal: not a git repository (or any of the parent directories): .git
2025-10-09 13:55:37.743 [info] > git rev-parse --show-toplevel [3ms]
2025-10-09 13:55:37.743 [info] fatal: not a git repository (or any parent up to mount point /)
Stopping at filesystem boundary (GIT_DISCOVERY_ACROSS_FILESYSTEM not set).
2025-10-09 13:55:37.752 [info] > git rev-parse --show-toplevel [2ms]
2025-10-09 13:55:37.752 [info] fatal: not a git repository (or any parent up to mount point /)
Stopping at filesystem boundary (GIT_DISCOVERY_ACROSS_FILESYSTEM not set).
2025-10-09 13:55:37.767 [info] > git rev-parse --show-toplevel [2ms]
2025-10-09 13:55:37.767 [info] fatal: not a git repository (or any of the parent directories): .git
2025-10-09 13:55:43.973 [info] > git rev-parse --show-toplevel [9ms]
2025-10-09 13:55:43.973 [info] fatal: not a git repository (or any parent up to mount point /)
Stopping at filesystem boundary (GIT_DISCOVERY_ACROSS_FILESYSTEM not set).
2025-10-09 13:59:14.147 [info] > git rev-parse --show-toplevel [14ms]
2025-10-09 13:59:14.147 [info] fatal: not a git repository (or any of the parent directories): .git
2025-10-09 14:02:25.820 [info] > git rev-parse --show-toplevel [1ms]
2025-10-09 14:02:25.820 [info] fatal: not a git repository (or any parent up to mount point /)
Stopping at filesystem boundary (GIT_DISCOVERY_ACROSS_FILESYSTEM not set).
2025-10-09 14:06:31.335 [info] > git rev-parse --show-toplevel [5ms]
2025-10-09 14:06:31.335 [info] fatal: not a git repository (or any parent up to mount point /)
Stopping at filesystem boundary (GIT_DISCOVERY_ACROSS_FILESYSTEM not set).
2025-10-09 14:06:44.831 [info] > git rev-parse --show-toplevel [11ms]
2025-10-09 14:06:44.831 [info] fatal: not a git repository (or any of the parent directories): .git
2025-10-09 14:10:30.893 [info] > git rev-parse --show-toplevel [4ms]
2025-10-09 14:10:30.893 [info] fatal: not a git repository (or any parent up to mount point /)
Stopping at filesystem boundary (GIT_DISCOVERY_ACROSS_FILESYSTEM not set).
2025-10-09 14:10:35.018 [info] > git rev-parse --show-toplevel [11ms]
2025-10-09 14:10:35.019 [info] fatal: not a git repository (or any of the parent directories): .git
2025-10-09 14:11:36.279 [info] > git rev-parse --show-toplevel [3ms]
2025-10-09 14:11:36.279 [info] fatal: not a git repository (or any of the parent directories): .git
2025-10-09 14:11:36.569 [info] > git rev-parse --show-toplevel [2ms]
2025-10-09 14:11:36.569 [info] fatal: not a git repository (or any of the parent directories): .git
2025-10-09 14:13:54.183 [info] > git rev-parse --show-toplevel [2ms]
2025-10-09 14:13:54.183 [info] fatal: not a git repository (or any of the parent directories): .git
2025-10-09 14:13:54.201 [info] > git rev-parse --show-toplevel [1ms]
2025-10-09 14:13:54.201 [info] fatal: not a git repository (or any of the parent directories): .git
2025-10-09 14:21:29.225 [info] > git rev-parse --show-toplevel [1ms]
2025-10-09 14:21:29.225 [info] fatal: not a git repository (or any of the parent directories): .git
2025-10-09 14:24:30.588 [info] > git rev-parse --show-toplevel [2ms]
2025-10-09 14:24:30.588 [info] fatal: not a git repository (or any of the parent directories): .git
2025-10-09 14:27:06.099 [info] > git rev-parse --show-toplevel [20ms]
2025-10-09 14:27:06.099 [info] fatal: not a git repository (or any parent up to mount point /)
Stopping at filesystem boundary (GIT_DISCOVERY_ACROSS_FILESYSTEM not set).
2025-10-09 14:30:08.328 [info] > git rev-parse --show-toplevel [13ms]
2025-10-09 14:30:08.328 [info] fatal: not a git repository (or any of the parent directories): .git
