2025-10-08 21:54:37.765 [info] [main] Log level: Info
2025-10-08 21:54:37.765 [info] [main] Validating found git in: "git"
2025-10-08 21:54:37.765 [info] [main] Using git "2.51.0" from "git"
2025-10-08 21:54:37.765 [info] [Model][doInitialScan] Initial repository scan started
2025-10-08 21:54:37.765 [info] > git rev-parse --show-toplevel [10ms]
2025-10-08 21:54:37.765 [info] fatal: not a git repository (or any parent up to mount point /)
Stopping at filesystem boundary (GIT_DISCOVERY_ACROSS_FILESYSTEM not set).
2025-10-08 21:54:37.765 [info] > git rev-parse --show-toplevel [10ms]
2025-10-08 21:54:37.765 [info] fatal: not a git repository (or any parent up to mount point /)
Stopping at filesystem boundary (GIT_DISCOVERY_ACROSS_FILESYSTEM not set).
2025-10-08 21:54:37.765 [info] > git rev-parse --show-toplevel [2ms]
2025-10-08 21:54:37.765 [info] fatal: not a git repository (or any of the parent directories): .git
2025-10-08 21:54:37.765 [info] > git rev-parse --show-toplevel [3ms]
2025-10-08 21:54:37.765 [info] fatal: not a git repository (or any parent up to mount point /)
Stopping at filesystem boundary (GIT_DISCOVERY_ACROSS_FILESYSTEM not set).
2025-10-08 21:54:37.765 [info] [Model][doInitialScan] Initial repository scan completed - repositories (0), closed repositories (0), parent repositories (0), unsafe repositories (0)
2025-10-08 21:54:40.226 [info] > git rev-parse --show-toplevel [81ms]
2025-10-08 21:54:40.226 [info] fatal: not a git repository (or any parent up to mount point /)
Stopping at filesystem boundary (GIT_DISCOVERY_ACROSS_FILESYSTEM not set).
2025-10-08 21:54:40.764 [info] > git rev-parse --show-toplevel [516ms]
2025-10-08 21:54:40.764 [info] fatal: not a git repository (or any parent up to mount point /)
Stopping at filesystem boundary (GIT_DISCOVERY_ACROSS_FILESYSTEM not set).
2025-10-08 21:54:41.201 [info] > git rev-parse --show-toplevel [9ms]
2025-10-08 21:54:41.201 [info] fatal: not a git repository (or any of the parent directories): .git
2025-10-08 21:54:41.350 [info] > git rev-parse --show-toplevel [118ms]
2025-10-08 21:54:41.350 [info] fatal: not a git repository (or any parent up to mount point /)
Stopping at filesystem boundary (GIT_DISCOVERY_ACROSS_FILESYSTEM not set).
2025-10-08 21:54:41.399 [info] > git rev-parse --show-toplevel [7ms]
2025-10-08 21:54:41.399 [info] fatal: not a git repository (or any parent up to mount point /)
Stopping at filesystem boundary (GIT_DISCOVERY_ACROSS_FILESYSTEM not set).
2025-10-08 21:54:41.481 [info] > git rev-parse --show-toplevel [41ms]
2025-10-08 21:54:41.481 [info] fatal: not a git repository (or any of the parent directories): .git
2025-10-08 21:54:41.511 [info] > git rev-parse --show-toplevel [2ms]
2025-10-08 21:54:41.511 [info] fatal: not a git repository (or any parent up to mount point /)
Stopping at filesystem boundary (GIT_DISCOVERY_ACROSS_FILESYSTEM not set).
2025-10-08 21:54:41.525 [info] > git rev-parse --show-toplevel [2ms]
2025-10-08 21:54:41.525 [info] fatal: not a git repository (or any parent up to mount point /)
Stopping at filesystem boundary (GIT_DISCOVERY_ACROSS_FILESYSTEM not set).
2025-10-08 21:54:41.541 [info] > git rev-parse --show-toplevel [4ms]
2025-10-08 21:54:41.541 [info] fatal: not a git repository (or any of the parent directories): .git
2025-10-08 21:54:41.556 [info] > git rev-parse --show-toplevel [2ms]
2025-10-08 21:54:41.556 [info] fatal: not a git repository (or any parent up to mount point /)
Stopping at filesystem boundary (GIT_DISCOVERY_ACROSS_FILESYSTEM not set).
2025-10-08 21:54:41.571 [info] > git rev-parse --show-toplevel [5ms]
2025-10-08 21:54:41.571 [info] fatal: not a git repository (or any parent up to mount point /)
Stopping at filesystem boundary (GIT_DISCOVERY_ACROSS_FILESYSTEM not set).
2025-10-08 21:54:41.579 [info] > git rev-parse --show-toplevel [2ms]
2025-10-08 21:54:41.579 [info] fatal: not a git repository (or any of the parent directories): .git
2025-10-08 21:54:41.588 [info] > git rev-parse --show-toplevel [2ms]
2025-10-08 21:54:41.588 [info] fatal: not a git repository (or any parent up to mount point /)
Stopping at filesystem boundary (GIT_DISCOVERY_ACROSS_FILESYSTEM not set).
2025-10-08 21:54:41.787 [info] > git rev-parse --show-toplevel [16ms]
2025-10-08 21:54:41.787 [info] fatal: not a git repository (or any parent up to mount point /)
Stopping at filesystem boundary (GIT_DISCOVERY_ACROSS_FILESYSTEM not set).
2025-10-08 21:54:41.802 [info] > git rev-parse --show-toplevel [4ms]
2025-10-08 21:54:41.802 [info] fatal: not a git repository (or any of the parent directories): .git
2025-10-08 21:54:47.219 [info] > git rev-parse --show-toplevel [1ms]
2025-10-08 21:54:47.219 [info] fatal: not a git repository (or any parent up to mount point /)
Stopping at filesystem boundary (GIT_DISCOVERY_ACROSS_FILESYSTEM not set).
2025-10-08 21:54:47.265 [info] > git rev-parse --show-toplevel [18ms]
2025-10-08 21:54:47.265 [info] fatal: not a git repository (or any parent up to mount point /)
Stopping at filesystem boundary (GIT_DISCOVERY_ACROSS_FILESYSTEM not set).
2025-10-08 21:54:47.280 [info] > git rev-parse --show-toplevel [1ms]
2025-10-08 21:54:47.280 [info] fatal: not a git repository (or any parent up to mount point /)
Stopping at filesystem boundary (GIT_DISCOVERY_ACROSS_FILESYSTEM not set).
2025-10-08 21:55:10.711 [info] > git rev-parse --show-toplevel [2ms]
2025-10-08 21:55:10.711 [info] fatal: not a git repository (or any parent up to mount point /)
Stopping at filesystem boundary (GIT_DISCOVERY_ACROSS_FILESYSTEM not set).
2025-10-08 21:55:10.725 [info] > git rev-parse --show-toplevel [3ms]
2025-10-08 21:55:10.725 [info] fatal: not a git repository (or any parent up to mount point /)
Stopping at filesystem boundary (GIT_DISCOVERY_ACROSS_FILESYSTEM not set).
2025-10-08 21:55:10.744 [info] > git rev-parse --show-toplevel [5ms]
2025-10-08 21:55:10.744 [info] fatal: not a git repository (or any of the parent directories): .git
2025-10-08 21:56:42.945 [info] > git rev-parse --show-toplevel [1ms]
2025-10-08 21:56:42.945 [info] fatal: not a git repository (or any parent up to mount point /)
Stopping at filesystem boundary (GIT_DISCOVERY_ACROSS_FILESYSTEM not set).
2025-10-08 21:56:43.039 [info] > git rev-parse --show-toplevel [2ms]
2025-10-08 21:56:43.039 [info] fatal: not a git repository (or any parent up to mount point /)
Stopping at filesystem boundary (GIT_DISCOVERY_ACROSS_FILESYSTEM not set).
2025-10-08 21:56:43.342 [info] > git rev-parse --show-toplevel [3ms]
2025-10-08 21:56:43.342 [info] fatal: not a git repository (or any parent up to mount point /)
Stopping at filesystem boundary (GIT_DISCOVERY_ACROSS_FILESYSTEM not set).
2025-10-08 21:56:43.734 [info] > git rev-parse --show-toplevel [1ms]
2025-10-08 21:56:43.734 [info] fatal: not a git repository (or any parent up to mount point /)
Stopping at filesystem boundary (GIT_DISCOVERY_ACROSS_FILESYSTEM not set).
2025-10-08 21:57:34.556 [info] > git rev-parse --show-toplevel [3ms]
2025-10-08 21:57:34.556 [info] fatal: not a git repository (or any parent up to mount point /)
Stopping at filesystem boundary (GIT_DISCOVERY_ACROSS_FILESYSTEM not set).
2025-10-08 21:57:36.102 [info] > git rev-parse --show-toplevel [4ms]
2025-10-08 21:57:36.102 [info] fatal: not a git repository (or any parent up to mount point /)
Stopping at filesystem boundary (GIT_DISCOVERY_ACROSS_FILESYSTEM not set).
2025-10-08 21:57:37.855 [info] > git rev-parse --show-toplevel [6ms]
2025-10-08 21:57:37.855 [info] fatal: not a git repository (or any parent up to mount point /)
Stopping at filesystem boundary (GIT_DISCOVERY_ACROSS_FILESYSTEM not set).
2025-10-08 21:57:40.328 [info] > git rev-parse --show-toplevel [2ms]
2025-10-08 21:57:40.329 [info] fatal: not a git repository (or any parent up to mount point /)
Stopping at filesystem boundary (GIT_DISCOVERY_ACROSS_FILESYSTEM not set).
2025-10-08 21:58:12.516 [info] > git rev-parse --show-toplevel [3ms]
2025-10-08 21:58:12.517 [info] fatal: not a git repository (or any parent up to mount point /)
Stopping at filesystem boundary (GIT_DISCOVERY_ACROSS_FILESYSTEM not set).
2025-10-08 21:58:16.713 [info] > git rev-parse --show-toplevel [3ms]
2025-10-08 21:58:16.713 [info] fatal: not a git repository (or any parent up to mount point /)
Stopping at filesystem boundary (GIT_DISCOVERY_ACROSS_FILESYSTEM not set).
2025-10-08 21:58:21.032 [info] > git rev-parse --show-toplevel [4ms]
2025-10-08 21:58:21.032 [info] fatal: not a git repository (or any parent up to mount point /)
Stopping at filesystem boundary (GIT_DISCOVERY_ACROSS_FILESYSTEM not set).
2025-10-08 21:58:30.199 [info] > git rev-parse --show-toplevel [4ms]
2025-10-08 21:58:30.199 [info] fatal: not a git repository (or any parent up to mount point /)
Stopping at filesystem boundary (GIT_DISCOVERY_ACROSS_FILESYSTEM not set).
2025-10-08 21:58:31.163 [info] > git rev-parse --show-toplevel [3ms]
2025-10-08 21:58:31.163 [info] fatal: not a git repository (or any parent up to mount point /)
Stopping at filesystem boundary (GIT_DISCOVERY_ACROSS_FILESYSTEM not set).
2025-10-08 21:58:34.704 [info] > git rev-parse --show-toplevel [1ms]
2025-10-08 21:58:34.704 [info] fatal: not a git repository (or any parent up to mount point /)
Stopping at filesystem boundary (GIT_DISCOVERY_ACROSS_FILESYSTEM not set).
2025-10-08 22:08:15.220 [info] > git rev-parse --show-toplevel [2ms]
2025-10-08 22:08:15.220 [info] fatal: not a git repository (or any parent up to mount point /)
Stopping at filesystem boundary (GIT_DISCOVERY_ACROSS_FILESYSTEM not set).
2025-10-08 22:39:23.812 [info] > git rev-parse --show-toplevel [7ms]
2025-10-08 22:39:23.812 [info] fatal: not a git repository (or any parent up to mount point /)
Stopping at filesystem boundary (GIT_DISCOVERY_ACROSS_FILESYSTEM not set).
2025-10-08 22:39:24.081 [info] > git rev-parse --show-toplevel [5ms]
2025-10-08 22:39:24.081 [info] fatal: not a git repository (or any parent up to mount point /)
Stopping at filesystem boundary (GIT_DISCOVERY_ACROSS_FILESYSTEM not set).
2025-10-08 22:39:24.389 [info] > git rev-parse --show-toplevel [6ms]
2025-10-08 22:39:24.389 [info] fatal: not a git repository (or any parent up to mount point /)
Stopping at filesystem boundary (GIT_DISCOVERY_ACROSS_FILESYSTEM not set).
2025-10-08 22:39:24.596 [info] > git rev-parse --show-toplevel [1ms]
2025-10-08 22:39:24.596 [info] fatal: not a git repository (or any parent up to mount point /)
Stopping at filesystem boundary (GIT_DISCOVERY_ACROSS_FILESYSTEM not set).
2025-10-08 22:39:24.662 [info] > git rev-parse --show-toplevel [2ms]
2025-10-08 22:39:24.662 [info] fatal: not a git repository (or any parent up to mount point /)
Stopping at filesystem boundary (GIT_DISCOVERY_ACROSS_FILESYSTEM not set).
2025-10-08 22:39:25.350 [info] > git rev-parse --show-toplevel [2ms]
2025-10-08 22:39:25.350 [info] fatal: not a git repository (or any parent up to mount point /)
Stopping at filesystem boundary (GIT_DISCOVERY_ACROSS_FILESYSTEM not set).
2025-10-08 22:44:33.678 [info] > git rev-parse --show-toplevel [8ms]
2025-10-08 22:44:33.678 [info] fatal: not a git repository (or any parent up to mount point /)
Stopping at filesystem boundary (GIT_DISCOVERY_ACROSS_FILESYSTEM not set).
2025-10-08 22:44:33.919 [info] > git rev-parse --show-toplevel [5ms]
2025-10-08 22:44:33.919 [info] fatal: not a git repository (or any parent up to mount point /)
Stopping at filesystem boundary (GIT_DISCOVERY_ACROSS_FILESYSTEM not set).
2025-10-08 22:44:34.167 [info] > git rev-parse --show-toplevel [4ms]
2025-10-08 22:44:34.167 [info] fatal: not a git repository (or any parent up to mount point /)
Stopping at filesystem boundary (GIT_DISCOVERY_ACROSS_FILESYSTEM not set).
2025-10-08 22:44:34.446 [info] > git rev-parse --show-toplevel [5ms]
2025-10-08 22:44:34.446 [info] fatal: not a git repository (or any parent up to mount point /)
Stopping at filesystem boundary (GIT_DISCOVERY_ACROSS_FILESYSTEM not set).
2025-10-08 22:48:34.162 [info] > git rev-parse --show-toplevel [7ms]
2025-10-08 22:48:34.162 [info] fatal: not a git repository (or any parent up to mount point /)
Stopping at filesystem boundary (GIT_DISCOVERY_ACROSS_FILESYSTEM not set).
2025-10-08 22:48:34.303 [info] > git rev-parse --show-toplevel [4ms]
2025-10-08 22:48:34.303 [info] fatal: not a git repository (or any parent up to mount point /)
Stopping at filesystem boundary (GIT_DISCOVERY_ACROSS_FILESYSTEM not set).
2025-10-08 22:48:34.732 [info] > git rev-parse --show-toplevel [2ms]
2025-10-08 22:48:34.732 [info] fatal: not a git repository (or any parent up to mount point /)
Stopping at filesystem boundary (GIT_DISCOVERY_ACROSS_FILESYSTEM not set).
2025-10-08 22:49:03.992 [info] > git rev-parse --show-toplevel [3ms]
2025-10-08 22:49:03.992 [info] fatal: not a git repository (or any parent up to mount point /)
Stopping at filesystem boundary (GIT_DISCOVERY_ACROSS_FILESYSTEM not set).
2025-10-08 22:49:51.581 [info] > git rev-parse --show-toplevel [3ms]
2025-10-08 22:49:51.581 [info] fatal: not a git repository (or any parent up to mount point /)
Stopping at filesystem boundary (GIT_DISCOVERY_ACROSS_FILESYSTEM not set).
2025-10-08 23:02:20.559 [info] > git rev-parse --show-toplevel [1ms]
2025-10-08 23:02:20.559 [info] fatal: not a git repository (or any parent up to mount point /)
Stopping at filesystem boundary (GIT_DISCOVERY_ACROSS_FILESYSTEM not set).
2025-10-08 23:02:20.757 [info] > git rev-parse --show-toplevel [2ms]
2025-10-08 23:02:20.757 [info] fatal: not a git repository (or any parent up to mount point /)
Stopping at filesystem boundary (GIT_DISCOVERY_ACROSS_FILESYSTEM not set).
2025-10-08 23:02:20.903 [info] > git rev-parse --show-toplevel [2ms]
2025-10-08 23:02:20.903 [info] fatal: not a git repository (or any parent up to mount point /)
Stopping at filesystem boundary (GIT_DISCOVERY_ACROSS_FILESYSTEM not set).
2025-10-08 23:10:13.531 [info] > git rev-parse --show-toplevel [3ms]
2025-10-08 23:10:13.531 [info] fatal: not a git repository (or any parent up to mount point /)
Stopping at filesystem boundary (GIT_DISCOVERY_ACROSS_FILESYSTEM not set).
2025-10-08 23:19:33.730 [info] > git rev-parse --show-toplevel [3ms]
2025-10-08 23:19:33.730 [info] fatal: not a git repository (or any parent up to mount point /)
Stopping at filesystem boundary (GIT_DISCOVERY_ACROSS_FILESYSTEM not set).
2025-10-08 23:19:37.894 [info] > git rev-parse --show-toplevel [3ms]
2025-10-08 23:19:37.894 [info] fatal: not a git repository (or any parent up to mount point /)
Stopping at filesystem boundary (GIT_DISCOVERY_ACROSS_FILESYSTEM not set).
2025-10-08 23:24:28.206 [info] > git rev-parse --show-toplevel [6ms]
2025-10-08 23:24:28.207 [info] fatal: not a git repository (or any parent up to mount point /)
Stopping at filesystem boundary (GIT_DISCOVERY_ACROSS_FILESYSTEM not set).
2025-10-08 23:25:10.953 [info] > git rev-parse --show-toplevel [18ms]
2025-10-08 23:25:10.959 [info] fatal: not a git repository (or any parent up to mount point /)
Stopping at filesystem boundary (GIT_DISCOVERY_ACROSS_FILESYSTEM not set).
2025-10-08 23:26:16.682 [info] > git rev-parse --show-toplevel [2ms]
2025-10-08 23:26:16.682 [info] fatal: not a git repository (or any parent up to mount point /)
Stopping at filesystem boundary (GIT_DISCOVERY_ACROSS_FILESYSTEM not set).
2025-10-08 23:27:44.791 [info] > git rev-parse --show-toplevel [12ms]
2025-10-08 23:27:44.791 [info] fatal: not a git repository (or any parent up to mount point /)
Stopping at filesystem boundary (GIT_DISCOVERY_ACROSS_FILESYSTEM not set).
2025-10-08 23:29:06.134 [info] > git rev-parse --show-toplevel [1ms]
2025-10-08 23:29:06.134 [info] fatal: not a git repository (or any parent up to mount point /)
Stopping at filesystem boundary (GIT_DISCOVERY_ACROSS_FILESYSTEM not set).
2025-10-08 23:35:52.902 [info] > git rev-parse --show-toplevel [2ms]
2025-10-08 23:35:52.902 [info] fatal: not a git repository (or any parent up to mount point /)
Stopping at filesystem boundary (GIT_DISCOVERY_ACROSS_FILESYSTEM not set).
2025-10-08 23:35:53.088 [info] > git rev-parse --show-toplevel [1ms]
2025-10-08 23:35:53.088 [info] fatal: not a git repository (or any parent up to mount point /)
Stopping at filesystem boundary (GIT_DISCOVERY_ACROSS_FILESYSTEM not set).
2025-10-08 23:35:55.372 [info] > git rev-parse --show-toplevel [1ms]
2025-10-08 23:35:55.372 [info] fatal: not a git repository (or any parent up to mount point /)
Stopping at filesystem boundary (GIT_DISCOVERY_ACROSS_FILESYSTEM not set).
2025-10-08 23:35:55.972 [info] > git rev-parse --show-toplevel [3ms]
2025-10-08 23:35:55.972 [info] fatal: not a git repository (or any parent up to mount point /)
Stopping at filesystem boundary (GIT_DISCOVERY_ACROSS_FILESYSTEM not set).
2025-10-08 23:35:56.323 [info] > git rev-parse --show-toplevel [3ms]
2025-10-08 23:35:56.323 [info] fatal: not a git repository (or any parent up to mount point /)
Stopping at filesystem boundary (GIT_DISCOVERY_ACROSS_FILESYSTEM not set).
2025-10-08 23:36:00.100 [info] > git rev-parse --show-toplevel [1ms]
2025-10-08 23:36:00.100 [info] fatal: not a git repository (or any parent up to mount point /)
Stopping at filesystem boundary (GIT_DISCOVERY_ACROSS_FILESYSTEM not set).
2025-10-08 23:36:48.843 [info] > git rev-parse --show-toplevel [4ms]
2025-10-08 23:36:48.843 [info] fatal: not a git repository (or any parent up to mount point /)
Stopping at filesystem boundary (GIT_DISCOVERY_ACROSS_FILESYSTEM not set).
2025-10-08 23:36:52.023 [info] > git rev-parse --show-toplevel [2ms]
2025-10-08 23:36:52.023 [info] fatal: not a git repository (or any parent up to mount point /)
Stopping at filesystem boundary (GIT_DISCOVERY_ACROSS_FILESYSTEM not set).
2025-10-08 23:44:39.488 [info] > git rev-parse --show-toplevel [3ms]
2025-10-08 23:44:39.493 [info] fatal: not a git repository (or any parent up to mount point /)
Stopping at filesystem boundary (GIT_DISCOVERY_ACROSS_FILESYSTEM not set).
2025-10-08 23:44:46.463 [info] > git rev-parse --show-toplevel [3ms]
2025-10-08 23:44:46.463 [info] fatal: not a git repository (or any parent up to mount point /)
Stopping at filesystem boundary (GIT_DISCOVERY_ACROSS_FILESYSTEM not set).
2025-10-08 23:45:01.379 [info] > git rev-parse --show-toplevel [4ms]
2025-10-08 23:45:01.379 [info] fatal: not a git repository (or any parent up to mount point /)
Stopping at filesystem boundary (GIT_DISCOVERY_ACROSS_FILESYSTEM not set).
2025-10-08 23:45:05.288 [info] > git rev-parse --show-toplevel [5ms]
2025-10-08 23:45:05.288 [info] fatal: not a git repository (or any parent up to mount point /)
Stopping at filesystem boundary (GIT_DISCOVERY_ACROSS_FILESYSTEM not set).
2025-10-09 00:00:50.915 [info] > git rev-parse --show-toplevel [2ms]
2025-10-09 00:00:50.915 [info] fatal: not a git repository (or any parent up to mount point /)
Stopping at filesystem boundary (GIT_DISCOVERY_ACROSS_FILESYSTEM not set).
2025-10-09 00:00:51.818 [info] > git rev-parse --show-toplevel [2ms]
2025-10-09 00:00:51.818 [info] fatal: not a git repository (or any parent up to mount point /)
Stopping at filesystem boundary (GIT_DISCOVERY_ACROSS_FILESYSTEM not set).
2025-10-09 00:00:52.523 [info] > git rev-parse --show-toplevel [6ms]
2025-10-09 00:00:52.523 [info] fatal: not a git repository (or any parent up to mount point /)
Stopping at filesystem boundary (GIT_DISCOVERY_ACROSS_FILESYSTEM not set).
2025-10-09 00:01:40.306 [info] > git rev-parse --show-toplevel [5ms]
2025-10-09 00:01:40.306 [info] fatal: not a git repository (or any parent up to mount point /)
Stopping at filesystem boundary (GIT_DISCOVERY_ACROSS_FILESYSTEM not set).
2025-10-09 00:01:40.686 [info] > git rev-parse --show-toplevel [2ms]
2025-10-09 00:01:40.686 [info] fatal: not a git repository (or any parent up to mount point /)
Stopping at filesystem boundary (GIT_DISCOVERY_ACROSS_FILESYSTEM not set).
2025-10-09 00:01:42.094 [info] > git rev-parse --show-toplevel [6ms]
2025-10-09 00:01:42.094 [info] fatal: not a git repository (or any parent up to mount point /)
Stopping at filesystem boundary (GIT_DISCOVERY_ACROSS_FILESYSTEM not set).
2025-10-09 00:01:42.603 [info] > git rev-parse --show-toplevel [22ms]
2025-10-09 00:01:42.603 [info] fatal: not a git repository (or any parent up to mount point /)
Stopping at filesystem boundary (GIT_DISCOVERY_ACROSS_FILESYSTEM not set).
2025-10-09 00:18:46.586 [info] > git rev-parse --show-toplevel [6ms]
2025-10-09 00:18:46.592 [info] fatal: not a git repository (or any parent up to mount point /)
Stopping at filesystem boundary (GIT_DISCOVERY_ACROSS_FILESYSTEM not set).
2025-10-09 00:18:46.609 [info] > git rev-parse --show-toplevel [4ms]
2025-10-09 00:18:46.609 [info] fatal: not a git repository (or any parent up to mount point /)
Stopping at filesystem boundary (GIT_DISCOVERY_ACROSS_FILESYSTEM not set).
2025-10-09 00:20:51.783 [info] > git rev-parse --show-toplevel [1ms]
2025-10-09 00:20:51.783 [info] fatal: not a git repository (or any parent up to mount point /)
Stopping at filesystem boundary (GIT_DISCOVERY_ACROSS_FILESYSTEM not set).
2025-10-09 00:20:52.497 [info] > git rev-parse --show-toplevel [4ms]
2025-10-09 00:20:52.497 [info] fatal: not a git repository (or any parent up to mount point /)
Stopping at filesystem boundary (GIT_DISCOVERY_ACROSS_FILESYSTEM not set).
2025-10-09 00:20:52.633 [info] > git rev-parse --show-toplevel [98ms]
2025-10-09 00:20:52.633 [info] fatal: not a git repository (or any parent up to mount point /)
Stopping at filesystem boundary (GIT_DISCOVERY_ACROSS_FILESYSTEM not set).
2025-10-09 00:20:52.730 [info] > git rev-parse --show-toplevel [8ms]
2025-10-09 00:20:52.730 [info] fatal: not a git repository (or any parent up to mount point /)
Stopping at filesystem boundary (GIT_DISCOVERY_ACROSS_FILESYSTEM not set).
2025-10-09 00:20:52.762 [info] > git rev-parse --show-toplevel [5ms]
2025-10-09 00:20:52.762 [info] fatal: not a git repository (or any parent up to mount point /)
Stopping at filesystem boundary (GIT_DISCOVERY_ACROSS_FILESYSTEM not set).
2025-10-09 00:20:52.775 [info] > git rev-parse --show-toplevel [3ms]
2025-10-09 00:20:52.775 [info] fatal: not a git repository (or any parent up to mount point /)
Stopping at filesystem boundary (GIT_DISCOVERY_ACROSS_FILESYSTEM not set).
2025-10-09 00:20:52.792 [info] > git rev-parse --show-toplevel [5ms]
2025-10-09 00:20:52.792 [info] fatal: not a git repository (or any parent up to mount point /)
Stopping at filesystem boundary (GIT_DISCOVERY_ACROSS_FILESYSTEM not set).
2025-10-09 00:20:52.807 [info] > git rev-parse --show-toplevel [3ms]
2025-10-09 00:20:52.807 [info] fatal: not a git repository (or any parent up to mount point /)
Stopping at filesystem boundary (GIT_DISCOVERY_ACROSS_FILESYSTEM not set).
2025-10-09 00:20:52.820 [info] > git rev-parse --show-toplevel [3ms]
2025-10-09 00:20:52.820 [info] fatal: not a git repository (or any parent up to mount point /)
Stopping at filesystem boundary (GIT_DISCOVERY_ACROSS_FILESYSTEM not set).
2025-10-09 00:20:52.836 [info] > git rev-parse --show-toplevel [1ms]
2025-10-09 00:20:52.836 [info] fatal: not a git repository (or any parent up to mount point /)
Stopping at filesystem boundary (GIT_DISCOVERY_ACROSS_FILESYSTEM not set).
2025-10-09 00:20:52.851 [info] > git rev-parse --show-toplevel [4ms]
2025-10-09 00:20:52.851 [info] fatal: not a git repository (or any parent up to mount point /)
Stopping at filesystem boundary (GIT_DISCOVERY_ACROSS_FILESYSTEM not set).
2025-10-09 00:20:52.863 [info] > git rev-parse --show-toplevel [2ms]
2025-10-09 00:20:52.863 [info] fatal: not a git repository (or any parent up to mount point /)
Stopping at filesystem boundary (GIT_DISCOVERY_ACROSS_FILESYSTEM not set).
2025-10-09 00:30:19.286 [info] > git rev-parse --show-toplevel [3ms]
2025-10-09 00:30:19.286 [info] fatal: not a git repository (or any parent up to mount point /)
Stopping at filesystem boundary (GIT_DISCOVERY_ACROSS_FILESYSTEM not set).
2025-10-09 00:31:01.704 [info] > git rev-parse --show-toplevel [2ms]
2025-10-09 00:31:01.704 [info] fatal: not a git repository (or any parent up to mount point /)
Stopping at filesystem boundary (GIT_DISCOVERY_ACROSS_FILESYSTEM not set).
2025-10-09 00:31:07.142 [info] > git rev-parse --show-toplevel [6ms]
2025-10-09 00:31:07.142 [info] fatal: not a git repository (or any parent up to mount point /)
Stopping at filesystem boundary (GIT_DISCOVERY_ACROSS_FILESYSTEM not set).
2025-10-09 00:31:17.528 [info] > git rev-parse --show-toplevel [8ms]
2025-10-09 00:31:17.528 [info] fatal: not a git repository (or any parent up to mount point /)
Stopping at filesystem boundary (GIT_DISCOVERY_ACROSS_FILESYSTEM not set).
2025-10-09 00:31:18.659 [info] > git rev-parse --show-toplevel [6ms]
2025-10-09 00:31:18.659 [info] fatal: not a git repository (or any parent up to mount point /)
Stopping at filesystem boundary (GIT_DISCOVERY_ACROSS_FILESYSTEM not set).
2025-10-09 00:31:24.527 [info] > git rev-parse --show-toplevel [3ms]
2025-10-09 00:31:24.527 [info] fatal: not a git repository (or any parent up to mount point /)
Stopping at filesystem boundary (GIT_DISCOVERY_ACROSS_FILESYSTEM not set).
2025-10-09 00:31:30.022 [info] > git rev-parse --show-toplevel [15ms]
2025-10-09 00:31:30.022 [info] fatal: not a git repository (or any parent up to mount point /)
Stopping at filesystem boundary (GIT_DISCOVERY_ACROSS_FILESYSTEM not set).
2025-10-09 00:31:30.917 [info] > git rev-parse --show-toplevel [5ms]
2025-10-09 00:31:30.918 [info] fatal: not a git repository (or any parent up to mount point /)
Stopping at filesystem boundary (GIT_DISCOVERY_ACROSS_FILESYSTEM not set).
2025-10-09 00:31:33.075 [info] > git rev-parse --show-toplevel [3ms]
2025-10-09 00:31:33.075 [info] fatal: not a git repository (or any parent up to mount point /)
Stopping at filesystem boundary (GIT_DISCOVERY_ACROSS_FILESYSTEM not set).
2025-10-09 00:31:37.289 [info] > git rev-parse --show-toplevel [4ms]
2025-10-09 00:31:37.289 [info] fatal: not a git repository (or any parent up to mount point /)
Stopping at filesystem boundary (GIT_DISCOVERY_ACROSS_FILESYSTEM not set).
2025-10-09 00:36:30.319 [info] > git rev-parse --show-toplevel [4ms]
2025-10-09 00:36:30.324 [info] fatal: not a git repository (or any parent up to mount point /)
Stopping at filesystem boundary (GIT_DISCOVERY_ACROSS_FILESYSTEM not set).
2025-10-09 00:40:35.561 [info] > git rev-parse --show-toplevel [27ms]
2025-10-09 00:40:35.562 [info] fatal: not a git repository (or any parent up to mount point /)
Stopping at filesystem boundary (GIT_DISCOVERY_ACROSS_FILESYSTEM not set).
2025-10-09 00:50:49.891 [info] > git rev-parse --show-toplevel [8ms]
2025-10-09 00:50:49.896 [info] fatal: not a git repository (or any parent up to mount point /)
Stopping at filesystem boundary (GIT_DISCOVERY_ACROSS_FILESYSTEM not set).
2025-10-09 00:50:51.556 [info] > git rev-parse --show-toplevel [4ms]
2025-10-09 00:50:51.556 [info] fatal: not a git repository (or any parent up to mount point /)
Stopping at filesystem boundary (GIT_DISCOVERY_ACROSS_FILESYSTEM not set).
2025-10-09 00:50:53.776 [info] > git rev-parse --show-toplevel [1ms]
2025-10-09 00:50:53.776 [info] fatal: not a git repository (or any parent up to mount point /)
Stopping at filesystem boundary (GIT_DISCOVERY_ACROSS_FILESYSTEM not set).
2025-10-09 00:50:54.329 [info] > git rev-parse --show-toplevel [3ms]
2025-10-09 00:50:54.329 [info] fatal: not a git repository (or any parent up to mount point /)
Stopping at filesystem boundary (GIT_DISCOVERY_ACROSS_FILESYSTEM not set).
2025-10-09 00:53:27.722 [info] > git rev-parse --show-toplevel [5ms]
2025-10-09 00:53:27.722 [info] fatal: not a git repository (or any parent up to mount point /)
Stopping at filesystem boundary (GIT_DISCOVERY_ACROSS_FILESYSTEM not set).
2025-10-09 00:53:27.745 [info] > git rev-parse --show-toplevel [1ms]
2025-10-09 00:53:27.745 [info] fatal: not a git repository (or any parent up to mount point /)
Stopping at filesystem boundary (GIT_DISCOVERY_ACROSS_FILESYSTEM not set).
2025-10-09 00:53:27.760 [info] > git rev-parse --show-toplevel [2ms]
2025-10-09 00:53:27.760 [info] fatal: not a git repository (or any parent up to mount point /)
Stopping at filesystem boundary (GIT_DISCOVERY_ACROSS_FILESYSTEM not set).
2025-10-09 00:53:27.776 [info] > git rev-parse --show-toplevel [1ms]
2025-10-09 00:53:27.776 [info] fatal: not a git repository (or any parent up to mount point /)
Stopping at filesystem boundary (GIT_DISCOVERY_ACROSS_FILESYSTEM not set).
2025-10-09 01:08:37.384 [info] > git rev-parse --show-toplevel [4ms]
2025-10-09 01:08:37.385 [info] fatal: not a git repository (or any parent up to mount point /)
Stopping at filesystem boundary (GIT_DISCOVERY_ACROSS_FILESYSTEM not set).
2025-10-09 01:08:49.077 [info] > git rev-parse --show-toplevel [5ms]
2025-10-09 01:08:49.078 [info] fatal: not a git repository (or any parent up to mount point /)
Stopping at filesystem boundary (GIT_DISCOVERY_ACROSS_FILESYSTEM not set).
