2025-10-09 13:49:48.110 [info] update#setState idle
2025-10-09 13:49:54.507 [info] Extension host with pid 2674 exited with code: 0, signal: unknown.
2025-10-09 13:49:56.399 [error] [UtilityProcess id: 2, type: fileWatcher, pid: 2641]: crashed with code 15 and reason 'killed'
2025-10-09 13:50:03.114 [info] Extension host with pid 2673 exited with code: 0, signal: unknown.
2025-10-09 13:50:18.127 [info] update#setState checking for updates
2025-10-09 13:50:26.977 [error] #1: https://update.code.visualstudio.com/api/update/linux-x64/stable/385651c938df8a906869babee516bffd0ddb9829 - error undefined net::ERR_TIMED_OUT
2025-10-09 13:50:26.978 [error] update#isLatestVersion(): failed to check for updates
2025-10-09 13:50:26.978 [error] Error: net::ERR_TIMED_OUT
    at SimpleURLLoaderWrapper.<anonymous> (node:electron/js2c/browser_init:2:123921)
    at SimpleURLLoaderWrapper.emit (node:events:518:28)
2025-10-09 13:50:44.182 [error] #2: https://update.code.visualstudio.com/api/update/linux-x64/stable/385651c938df8a906869babee516bffd0ddb9829 - error undefined net::ERR_TIMED_OUT
2025-10-09 13:50:44.183 [error] update#isLatestVersion(): failed to check for updates
2025-10-09 13:50:44.183 [error] Error: net::ERR_TIMED_OUT
    at SimpleURLLoaderWrapper.<anonymous> (node:electron/js2c/browser_init:2:123921)
    at SimpleURLLoaderWrapper.emit (node:events:518:28)
2025-10-09 13:50:51.824 [error] #3: https://update.code.visualstudio.com/api/update/linux-x64/stable/385651c938df8a906869babee516bffd0ddb9829 - error undefined net::ERR_TIMED_OUT
2025-10-09 13:50:51.825 [error] update#isLatestVersion(): failed to check for updates
2025-10-09 13:50:51.825 [error] Error: net::ERR_TIMED_OUT
    at SimpleURLLoaderWrapper.<anonymous> (node:electron/js2c/browser_init:2:123921)
    at SimpleURLLoaderWrapper.emit (node:events:518:28)
2025-10-09 13:52:08.386 [info] Extension host with pid 2705 exited with code: 0, signal: unknown.
