2025-10-08 21:05:38.743 [info] [aebc6443-996d-45c2-90f0-388ff96faa56] Native Broker is only available on Windows
2025-10-08 21:05:38.743 [info] [getSessions] [all] starting
2025-10-08 21:05:38.743 [info] [getSessions] [all] returned 0 session(s)
2025-10-08 21:05:38.743 [info] [getSessions] [all] starting
2025-10-08 21:05:38.743 [info] [getSessions] [all] returned 0 session(s)
2025-10-08 21:05:38.743 [info] [getSessions] [all] starting
2025-10-08 21:05:38.743 [info] [getSessions] [all] returned 0 session(s)
2025-10-08 21:05:38.743 [info] [getSessions] [all] starting
2025-10-08 21:05:38.743 [info] [getSessions] [all] returned 0 session(s)
2025-10-08 21:05:38.743 [info] [getSessions] [499b84ac-1321-427f-aa17-267ca6975798/.default offline_access] starting
2025-10-08 21:05:38.743 [info] [aebc6443-996d-45c2-90f0-388ff96faa56] Native Broker is only available on Windows
2025-10-08 21:05:38.743 [info] [getSessions] [499b84ac-1321-427f-aa17-267ca6975798/.default offline_access] returned 0 session(s)
2025-10-08 21:05:43.332 [info] [getSessions] [499b84ac-1321-427f-aa17-267ca6975798/.default offline_access] starting
2025-10-08 21:05:43.333 [info] [getSessions] [499b84ac-1321-427f-aa17-267ca6975798/.default offline_access] returned 0 session(s)
2025-10-08 21:05:46.133 [info] [getSessions] [all] starting
2025-10-08 21:05:46.133 [info] [getSessions] [all] returned 0 session(s)
2025-10-08 21:06:46.140 [info] [aebc6443-996d-45c2-90f0-388ff96faa56] Native Broker is only available on Windows
2025-10-08 21:06:46.188 [info] [getSessions] [all] starting
2025-10-08 21:06:46.189 [info] [getSessions] [all] returned 0 session(s)
2025-10-08 21:06:46.189 [info] [getSessions] [all] starting
2025-10-08 21:06:46.189 [info] [getSessions] [all] returned 0 session(s)
2025-10-08 21:06:46.189 [info] [getSessions] [all] starting
2025-10-08 21:06:46.189 [info] [getSessions] [all] returned 0 session(s)
2025-10-08 21:06:46.189 [info] [getSessions] [all] starting
2025-10-08 21:06:46.189 [info] [getSessions] [all] returned 0 session(s)
2025-10-08 21:06:46.367 [info] [getSessions] [499b84ac-1321-427f-aa17-267ca6975798/.default offline_access] starting
2025-10-08 21:06:46.367 [info] [aebc6443-996d-45c2-90f0-388ff96faa56] Native Broker is only available on Windows
2025-10-08 21:06:46.445 [info] [getSessions] [499b84ac-1321-427f-aa17-267ca6975798/.default offline_access] returned 0 session(s)
2025-10-08 21:06:48.184 [info] [getSessions] [499b84ac-1321-427f-aa17-267ca6975798/.default offline_access] starting
2025-10-08 21:06:48.184 [info] [getSessions] [499b84ac-1321-427f-aa17-267ca6975798/.default offline_access] returned 0 session(s)
2025-10-08 21:06:50.586 [info] [getSessions] [all] starting
2025-10-08 21:06:50.586 [info] [getSessions] [all] returned 0 session(s)
2025-10-08 21:06:50.588 [info] [getSessions] [all] starting
2025-10-08 21:06:50.588 [info] [getSessions] [all] returned 0 session(s)
2025-10-08 21:06:51.904 [info] [getSessions] [all] starting
2025-10-08 21:06:51.904 [info] [getSessions] [all] returned 0 session(s)
2025-10-08 21:06:57.670 [info] [aebc6443-996d-45c2-90f0-388ff96faa56] Native Broker is only available on Windows
2025-10-08 21:06:57.742 [info] [getSessions] [all] starting
2025-10-08 21:06:57.742 [info] [getSessions] [all] returned 0 session(s)
2025-10-08 21:06:57.742 [info] [getSessions] [all] starting
2025-10-08 21:06:57.742 [info] [getSessions] [all] returned 0 session(s)
2025-10-08 21:06:57.742 [info] [getSessions] [all] starting
2025-10-08 21:06:57.742 [info] [getSessions] [all] returned 0 session(s)
2025-10-08 21:06:57.742 [info] [getSessions] [all] starting
2025-10-08 21:06:57.742 [info] [getSessions] [all] returned 0 session(s)
2025-10-08 21:07:02.014 [info] [getSessions] [499b84ac-1321-427f-aa17-267ca6975798/.default offline_access] starting
2025-10-08 21:07:02.014 [info] [aebc6443-996d-45c2-90f0-388ff96faa56] Native Broker is only available on Windows
2025-10-08 21:07:02.049 [info] [getSessions] [499b84ac-1321-427f-aa17-267ca6975798/.default offline_access] returned 0 session(s)
2025-10-08 21:07:04.065 [info] [getSessions] [all] starting
2025-10-08 21:07:04.065 [info] [getSessions] [all] returned 0 session(s)
2025-10-08 21:07:04.065 [info] [getSessions] [all] starting
2025-10-08 21:07:04.065 [info] [getSessions] [all] returned 0 session(s)
2025-10-08 21:07:05.433 [info] [getSessions] [all] starting
2025-10-08 21:07:05.433 [info] [getSessions] [all] returned 0 session(s)
