2025-10-09 14:31:07.700 [info] [main] Log level: Info
2025-10-09 14:31:07.700 [info] [main] Validating found git in: "git"
2025-10-09 14:31:07.700 [info] [main] Using git "2.51.0" from "git"
2025-10-09 14:31:07.700 [info] [Model][doInitialScan] Initial repository scan started
2025-10-09 14:31:07.700 [info] > git rev-parse --show-toplevel [56ms]
2025-10-09 14:31:07.700 [info] fatal: not a git repository (or any parent up to mount point /)
Stopping at filesystem boundary (GIT_DISCOVERY_ACROSS_FILESYSTEM not set).
2025-10-09 14:31:07.700 [info] > git rev-parse --show-toplevel [5ms]
2025-10-09 14:31:07.700 [info] fatal: not a git repository (or any parent up to mount point /)
Stopping at filesystem boundary (GIT_DISCOVERY_ACROSS_FILESYSTEM not set).
2025-10-09 14:31:07.700 [info] > git rev-parse --show-toplevel [3ms]
2025-10-09 14:31:07.700 [info] fatal: not a git repository (or any of the parent directories): .git
2025-10-09 14:31:07.700 [info] > git rev-parse --show-toplevel [8ms]
2025-10-09 14:31:07.700 [info] fatal: not a git repository (or any parent up to mount point /)
Stopping at filesystem boundary (GIT_DISCOVERY_ACROSS_FILESYSTEM not set).
2025-10-09 14:31:07.700 [info] > git rev-parse --show-toplevel [1ms]
2025-10-09 14:31:07.700 [info] fatal: not a git repository (or any of the parent directories): .git
2025-10-09 14:31:07.700 [info] > git rev-parse --show-toplevel [10ms]
2025-10-09 14:31:07.700 [info] fatal: not a git repository (or any parent up to mount point /)
Stopping at filesystem boundary (GIT_DISCOVERY_ACROSS_FILESYSTEM not set).
2025-10-09 14:31:07.700 [info] > git rev-parse --show-toplevel [42ms]
2025-10-09 14:31:07.700 [info] fatal: not a git repository (or any parent up to mount point /)
Stopping at filesystem boundary (GIT_DISCOVERY_ACROSS_FILESYSTEM not set).
2025-10-09 14:31:07.700 [info] > git rev-parse --show-toplevel [146ms]
2025-10-09 14:31:07.700 [info] fatal: not a git repository (or any parent up to mount point /)
Stopping at filesystem boundary (GIT_DISCOVERY_ACROSS_FILESYSTEM not set).
2025-10-09 14:31:07.782 [info] > git rev-parse --show-toplevel [73ms]
2025-10-09 14:31:07.782 [info] fatal: not a git repository (or any parent up to mount point /)
Stopping at filesystem boundary (GIT_DISCOVERY_ACROSS_FILESYSTEM not set).
2025-10-09 14:31:10.620 [info] > git rev-parse --show-toplevel [491ms]
2025-10-09 14:31:10.620 [info] fatal: not a git repository (or any parent up to mount point /)
Stopping at filesystem boundary (GIT_DISCOVERY_ACROSS_FILESYSTEM not set).
2025-10-09 14:31:10.731 [info] > git rev-parse --show-toplevel [39ms]
2025-10-09 14:31:10.731 [info] fatal: not a git repository (or any parent up to mount point /)
Stopping at filesystem boundary (GIT_DISCOVERY_ACROSS_FILESYSTEM not set).
2025-10-09 14:31:10.982 [info] > git rev-parse --show-toplevel [2ms]
2025-10-09 14:31:10.982 [info] fatal: not a git repository (or any parent up to mount point /)
Stopping at filesystem boundary (GIT_DISCOVERY_ACROSS_FILESYSTEM not set).
2025-10-09 14:31:11.557 [info] > git rev-parse --show-toplevel [9ms]
2025-10-09 14:31:11.558 [info] fatal: not a git repository (or any parent up to mount point /)
Stopping at filesystem boundary (GIT_DISCOVERY_ACROSS_FILESYSTEM not set).
2025-10-09 14:31:11.586 [info] > git rev-parse --show-toplevel [10ms]
2025-10-09 14:31:11.586 [info] fatal: not a git repository (or any parent up to mount point /)
Stopping at filesystem boundary (GIT_DISCOVERY_ACROSS_FILESYSTEM not set).
2025-10-09 14:31:11.613 [info] > git rev-parse --show-toplevel [2ms]
2025-10-09 14:31:11.614 [info] fatal: not a git repository (or any parent up to mount point /)
Stopping at filesystem boundary (GIT_DISCOVERY_ACROSS_FILESYSTEM not set).
2025-10-09 14:31:11.630 [info] > git rev-parse --show-toplevel [6ms]
2025-10-09 14:31:11.630 [info] fatal: not a git repository (or any parent up to mount point /)
Stopping at filesystem boundary (GIT_DISCOVERY_ACROSS_FILESYSTEM not set).
2025-10-09 14:31:11.646 [info] > git rev-parse --show-toplevel [2ms]
2025-10-09 14:31:11.646 [info] fatal: not a git repository (or any parent up to mount point /)
Stopping at filesystem boundary (GIT_DISCOVERY_ACROSS_FILESYSTEM not set).
2025-10-09 14:31:11.658 [info] > git rev-parse --show-toplevel [3ms]
2025-10-09 14:31:11.658 [info] fatal: not a git repository (or any parent up to mount point /)
Stopping at filesystem boundary (GIT_DISCOVERY_ACROSS_FILESYSTEM not set).
2025-10-09 14:31:11.669 [info] > git rev-parse --show-toplevel [3ms]
2025-10-09 14:31:11.669 [info] fatal: not a git repository (or any parent up to mount point /)
Stopping at filesystem boundary (GIT_DISCOVERY_ACROSS_FILESYSTEM not set).
2025-10-09 14:31:11.685 [info] > git rev-parse --show-toplevel [4ms]
2025-10-09 14:31:11.685 [info] fatal: not a git repository (or any parent up to mount point /)
Stopping at filesystem boundary (GIT_DISCOVERY_ACROSS_FILESYSTEM not set).
2025-10-09 14:31:11.697 [info] > git rev-parse --show-toplevel [3ms]
2025-10-09 14:31:11.697 [info] fatal: not a git repository (or any parent up to mount point /)
Stopping at filesystem boundary (GIT_DISCOVERY_ACROSS_FILESYSTEM not set).
2025-10-09 14:31:11.710 [info] > git rev-parse --show-toplevel [1ms]
2025-10-09 14:31:11.710 [info] fatal: not a git repository (or any parent up to mount point /)
Stopping at filesystem boundary (GIT_DISCOVERY_ACROSS_FILESYSTEM not set).
2025-10-09 14:31:11.850 [info] > git rev-parse --show-toplevel [130ms]
2025-10-09 14:31:11.850 [info] fatal: not a git repository (or any parent up to mount point /)
Stopping at filesystem boundary (GIT_DISCOVERY_ACROSS_FILESYSTEM not set).
2025-10-09 14:31:11.859 [info] > git rev-parse --show-toplevel [1ms]
2025-10-09 14:31:11.859 [info] fatal: not a git repository (or any parent up to mount point /)
Stopping at filesystem boundary (GIT_DISCOVERY_ACROSS_FILESYSTEM not set).
2025-10-09 14:31:11.861 [info] [Model][doInitialScan] Initial repository scan completed - repositories (0), closed repositories (0), parent repositories (0), unsafe repositories (0)
2025-10-09 14:31:11.872 [info] > git rev-parse --show-toplevel [4ms]
2025-10-09 14:31:11.872 [info] fatal: not a git repository (or any parent up to mount point /)
Stopping at filesystem boundary (GIT_DISCOVERY_ACROSS_FILESYSTEM not set).
2025-10-09 14:31:11.882 [info] > git rev-parse --show-toplevel [3ms]
2025-10-09 14:31:11.882 [info] fatal: not a git repository (or any parent up to mount point /)
Stopping at filesystem boundary (GIT_DISCOVERY_ACROSS_FILESYSTEM not set).
2025-10-09 14:31:11.891 [info] > git rev-parse --show-toplevel [1ms]
2025-10-09 14:31:11.891 [info] fatal: not a git repository (or any of the parent directories): .git
2025-10-09 14:31:11.903 [info] > git rev-parse --show-toplevel [5ms]
2025-10-09 14:31:11.903 [info] fatal: not a git repository (or any parent up to mount point /)
Stopping at filesystem boundary (GIT_DISCOVERY_ACROSS_FILESYSTEM not set).
2025-10-09 14:31:37.035 [info] > git rev-parse --show-toplevel [128ms]
2025-10-09 14:31:37.035 [info] fatal: not a git repository (or any parent up to mount point /)
Stopping at filesystem boundary (GIT_DISCOVERY_ACROSS_FILESYSTEM not set).
2025-10-09 14:31:37.067 [info] > git rev-parse --show-toplevel [13ms]
2025-10-09 14:31:37.067 [info] fatal: not a git repository (or any parent up to mount point /)
Stopping at filesystem boundary (GIT_DISCOVERY_ACROSS_FILESYSTEM not set).
2025-10-09 14:31:37.085 [info] > git rev-parse --show-toplevel [5ms]
2025-10-09 14:31:37.085 [info] fatal: not a git repository (or any of the parent directories): .git
2025-10-09 14:31:37.102 [info] > git rev-parse --show-toplevel [5ms]
2025-10-09 14:31:37.102 [info] fatal: not a git repository (or any parent up to mount point /)
Stopping at filesystem boundary (GIT_DISCOVERY_ACROSS_FILESYSTEM not set).
2025-10-09 14:31:37.132 [info] > git rev-parse --show-toplevel [19ms]
2025-10-09 14:31:37.132 [info] fatal: not a git repository (or any parent up to mount point /)
Stopping at filesystem boundary (GIT_DISCOVERY_ACROSS_FILESYSTEM not set).
2025-10-09 14:31:37.157 [info] > git rev-parse --show-toplevel [9ms]
2025-10-09 14:31:37.157 [info] fatal: not a git repository (or any parent up to mount point /)
Stopping at filesystem boundary (GIT_DISCOVERY_ACROSS_FILESYSTEM not set).
2025-10-09 14:31:37.196 [info] > git rev-parse --show-toplevel [18ms]
2025-10-09 14:31:37.196 [info] fatal: not a git repository (or any of the parent directories): .git
2025-10-09 14:31:37.236 [info] > git rev-parse --show-toplevel [26ms]
2025-10-09 14:31:37.236 [info] fatal: not a git repository (or any parent up to mount point /)
Stopping at filesystem boundary (GIT_DISCOVERY_ACROSS_FILESYSTEM not set).
2025-10-09 14:31:37.269 [info] > git rev-parse --show-toplevel [17ms]
2025-10-09 14:31:37.270 [info] fatal: not a git repository (or any parent up to mount point /)
Stopping at filesystem boundary (GIT_DISCOVERY_ACROSS_FILESYSTEM not set).
2025-10-09 14:31:37.298 [info] > git rev-parse --show-toplevel [15ms]
2025-10-09 14:31:37.298 [info] fatal: not a git repository (or any parent up to mount point /)
Stopping at filesystem boundary (GIT_DISCOVERY_ACROSS_FILESYSTEM not set).
2025-10-09 14:31:37.328 [info] > git rev-parse --show-toplevel [20ms]
2025-10-09 14:31:37.328 [info] fatal: not a git repository (or any of the parent directories): .git
2025-10-09 14:31:37.348 [info] > git rev-parse --show-toplevel [4ms]
2025-10-09 14:31:37.348 [info] fatal: not a git repository (or any parent up to mount point /)
Stopping at filesystem boundary (GIT_DISCOVERY_ACROSS_FILESYSTEM not set).
2025-10-09 14:31:37.370 [info] > git rev-parse --show-toplevel [10ms]
2025-10-09 14:31:37.370 [info] fatal: not a git repository (or any parent up to mount point /)
Stopping at filesystem boundary (GIT_DISCOVERY_ACROSS_FILESYSTEM not set).
2025-10-09 14:31:37.384 [info] > git rev-parse --show-toplevel [2ms]
2025-10-09 14:31:37.384 [info] fatal: not a git repository (or any parent up to mount point /)
Stopping at filesystem boundary (GIT_DISCOVERY_ACROSS_FILESYSTEM not set).
2025-10-09 14:31:37.400 [info] > git rev-parse --show-toplevel [8ms]
2025-10-09 14:31:37.400 [info] fatal: not a git repository (or any of the parent directories): .git
2025-10-09 14:31:37.414 [info] > git rev-parse --show-toplevel [3ms]
2025-10-09 14:31:37.414 [info] fatal: not a git repository (or any parent up to mount point /)
Stopping at filesystem boundary (GIT_DISCOVERY_ACROSS_FILESYSTEM not set).
2025-10-09 14:34:49.664 [info] > git rev-parse --show-toplevel [12ms]
2025-10-09 14:34:49.664 [info] fatal: not a git repository (or any of the parent directories): .git
2025-10-09 14:34:59.268 [info] > git rev-parse --show-toplevel [42ms]
2025-10-09 14:34:59.268 [info] fatal: not a git repository (or any parent up to mount point /)
Stopping at filesystem boundary (GIT_DISCOVERY_ACROSS_FILESYSTEM not set).
2025-10-09 14:35:55.648 [info] > git rev-parse --show-toplevel [5ms]
2025-10-09 14:35:55.648 [info] fatal: not a git repository (or any parent up to mount point /)
Stopping at filesystem boundary (GIT_DISCOVERY_ACROSS_FILESYSTEM not set).
2025-10-09 14:36:14.503 [info] > git rev-parse --show-toplevel [8ms]
2025-10-09 14:36:14.503 [info] fatal: not a git repository (or any of the parent directories): .git
2025-10-09 14:36:17.050 [info] > git rev-parse --show-toplevel [3ms]
2025-10-09 14:36:17.051 [info] fatal: not a git repository (or any parent up to mount point /)
Stopping at filesystem boundary (GIT_DISCOVERY_ACROSS_FILESYSTEM not set).
2025-10-09 14:36:30.599 [info] > git rev-parse --show-toplevel [5ms]
2025-10-09 14:36:30.599 [info] fatal: not a git repository (or any of the parent directories): .git
