2025-10-09 13:55:28.754 [info] Reading sessions from keychain...
2025-10-09 13:55:28.754 [info] Getting sessions for all scopes...
2025-10-09 13:55:29.766 [info] Got stored sessions!
2025-10-09 13:55:29.766 [info] Got 1 verified sessions.
2025-10-09 13:55:29.766 [info] Got 1 sessions for ...
2025-10-09 13:55:29.767 [info] Getting sessions for all scopes...
2025-10-09 13:55:29.767 [info] Got 1 sessions for ...
2025-10-09 13:55:29.768 [info] Getting sessions for all scopes...
2025-10-09 13:55:29.768 [info] Got 1 sessions for ...
2025-10-09 13:55:29.769 [info] Getting sessions for all scopes...
2025-10-09 13:55:29.769 [info] Got 1 sessions for ...
2025-10-09 13:55:29.769 [info] Getting sessions for all scopes...
2025-10-09 13:55:29.769 [info] Got 1 sessions for ...
2025-10-09 13:55:29.769 [info] Getting sessions for all scopes...
2025-10-09 13:55:29.769 [info] Got 1 sessions for ...
2025-10-09 13:55:29.769 [info] Getting sessions for all scopes...
2025-10-09 13:55:29.769 [info] Got 1 sessions for ...
2025-10-09 13:55:30.106 [info] Getting sessions for all scopes...
2025-10-09 13:55:30.106 [info] Got 1 sessions for ...
2025-10-09 13:55:30.107 [info] Getting sessions for all scopes...
2025-10-09 13:55:30.107 [info] Got 1 sessions for ...
2025-10-09 13:55:30.108 [info] Getting sessions for all scopes...
2025-10-09 13:55:30.108 [info] Got 1 sessions for ...
2025-10-09 13:55:30.108 [info] Getting sessions for all scopes...
2025-10-09 13:55:30.108 [info] Got 1 sessions for ...
2025-10-09 13:55:30.109 [info] Getting sessions for all scopes...
2025-10-09 13:55:30.109 [info] Got 1 sessions for ...
2025-10-09 13:55:30.109 [info] Getting sessions for all scopes...
2025-10-09 13:55:30.109 [info] Got 1 sessions for ...
2025-10-09 13:55:30.243 [info] Getting sessions for all scopes...
2025-10-09 13:55:30.243 [info] Got 1 sessions for ...
2025-10-09 13:55:36.228 [info] fetching: Electron fetch failed with status: 429 
2025-10-09 13:55:36.244 [info] Getting sessions for user:email...
2025-10-09 13:55:36.244 [info] Got 1 sessions for user:email...
2025-10-09 13:55:36.272 [info] Getting sessions for all scopes...
2025-10-09 13:55:36.272 [info] Got 1 sessions for ...
2025-10-09 13:55:36.333 [info] Getting sessions for all scopes...
2025-10-09 13:55:36.333 [info] Got 1 sessions for ...
2025-10-09 13:55:36.333 [info] Getting sessions for all scopes...
2025-10-09 13:55:36.333 [info] Got 1 sessions for ...
2025-10-09 13:55:36.334 [info] Getting sessions for all scopes...
2025-10-09 13:55:36.334 [info] Got 1 sessions for ...
2025-10-09 13:55:36.725 [info] Getting sessions for all scopes...
2025-10-09 13:55:36.725 [info] Got 1 sessions for ...
2025-10-09 13:55:36.726 [info] Getting sessions for all scopes...
2025-10-09 13:55:36.726 [info] Got 1 sessions for ...
2025-10-09 13:55:37.602 [info] Getting sessions for read:user,repo,user:email,workflow...
2025-10-09 13:55:37.602 [info] Got 0 sessions for read:user,repo,user:email,workflow...
2025-10-09 13:55:37.646 [info] Getting sessions for all scopes...
2025-10-09 13:55:37.646 [info] Got 1 sessions for ...
2025-10-09 13:55:37.665 [info] Getting sessions for all scopes...
2025-10-09 13:55:37.665 [info] Got 1 sessions for ...
2025-10-09 13:55:37.665 [info] Getting sessions for read:user,repo,user:email,workflow...
2025-10-09 13:55:37.665 [info] Got 0 sessions for read:user,repo,user:email,workflow...
2025-10-09 13:55:37.693 [info] Getting sessions for user:email...
2025-10-09 13:55:37.693 [info] Got 1 sessions for user:email...
2025-10-09 13:55:37.694 [info] Getting sessions for read:user,repo,user:email,workflow...
2025-10-09 13:55:37.694 [info] Got 0 sessions for read:user,repo,user:email,workflow...
2025-10-09 13:55:37.716 [info] Getting sessions for read:user...
2025-10-09 13:55:37.716 [info] Got 0 sessions for read:user...
2025-10-09 13:55:37.731 [info] Getting sessions for all scopes...
2025-10-09 13:55:37.731 [info] Got 1 sessions for ...
2025-10-09 13:55:37.741 [info] Getting sessions for user:email...
2025-10-09 13:55:37.741 [info] Got 1 sessions for user:email...
2025-10-09 13:55:37.744 [info] Getting sessions for user:email...
2025-10-09 13:55:37.744 [info] Got 1 sessions for user:email...
2025-10-09 13:55:37.949 [info] Getting sessions for all scopes...
2025-10-09 13:55:37.949 [info] Got 1 sessions for ...
2025-10-09 13:55:37.950 [info] Getting sessions for read:user,repo,user:email,workflow...
2025-10-09 13:55:37.950 [info] Got 0 sessions for read:user,repo,user:email,workflow...
2025-10-09 13:55:37.953 [info] Getting sessions for user:email...
2025-10-09 13:55:37.954 [info] Got 1 sessions for user:email...
2025-10-09 13:55:37.957 [info] Getting sessions for all scopes...
2025-10-09 13:55:37.957 [info] Got 1 sessions for ...
2025-10-09 13:55:37.960 [info] Getting sessions for read:user,repo,user:email,workflow...
2025-10-09 13:55:37.960 [info] Got 0 sessions for read:user,repo,user:email,workflow...
2025-10-09 13:55:37.961 [info] Getting sessions for user:email...
2025-10-09 13:55:37.961 [info] Got 1 sessions for user:email...
2025-10-09 13:55:38.589 [info] fetching: Node fetch failed with status: 429 Too Many Requests
2025-10-09 13:55:38.747 [info] Getting sessions for all scopes...
2025-10-09 13:55:38.747 [info] Got 1 sessions for ...
2025-10-09 13:55:39.126 [info] Getting sessions for all scopes...
2025-10-09 13:55:39.126 [info] Got 1 sessions for ...
2025-10-09 13:55:39.127 [info] Getting sessions for all scopes...
2025-10-09 13:55:39.127 [info] Got 1 sessions for ...
2025-10-09 13:55:39.167 [info] Getting sessions for read:user,repo,user:email,workflow...
2025-10-09 13:55:39.167 [info] Got 0 sessions for read:user,repo,user:email,workflow...
2025-10-09 13:55:39.168 [info] Getting sessions for user:email...
2025-10-09 13:55:39.168 [info] Got 1 sessions for user:email...
2025-10-09 13:55:39.168 [info] Getting sessions for read:user,repo,user:email,workflow...
2025-10-09 13:55:39.168 [info] Got 0 sessions for read:user,repo,user:email,workflow...
2025-10-09 13:55:39.170 [info] Getting sessions for all scopes...
2025-10-09 13:55:39.170 [info] Got 1 sessions for ...
2025-10-09 13:55:39.171 [info] Getting sessions for read:user,repo,user:email,workflow...
2025-10-09 13:55:39.171 [info] Got 0 sessions for read:user,repo,user:email,workflow...
2025-10-09 13:55:39.173 [info] Getting sessions for user:email...
2025-10-09 13:55:39.173 [info] Got 1 sessions for user:email...
2025-10-09 13:55:39.592 [info] fetching: Node http/s failed with status: 429 Too Many Requests
2025-10-09 13:55:40.375 [info] Getting sessions for all scopes...
2025-10-09 13:55:40.375 [info] Got 1 sessions for ...
2025-10-09 13:55:40.381 [info] Getting sessions for read:user,repo,user:email,workflow...
2025-10-09 13:55:40.381 [info] Got 0 sessions for read:user,repo,user:email,workflow...
2025-10-09 13:55:40.382 [info] Getting sessions for user:email...
2025-10-09 13:55:40.382 [info] Got 1 sessions for user:email...
2025-10-09 13:55:40.401 [info] Getting sessions for all scopes...
2025-10-09 13:55:40.401 [info] Got 1 sessions for ...
2025-10-09 13:55:40.402 [info] Getting sessions for all scopes...
2025-10-09 13:55:40.402 [info] Got 1 sessions for ...
2025-10-09 13:55:40.408 [info] Getting sessions for read:user,repo,user:email,workflow...
2025-10-09 13:55:40.408 [info] Got 0 sessions for read:user,repo,user:email,workflow...
2025-10-09 13:55:40.415 [info] Getting sessions for user:email...
2025-10-09 13:55:40.415 [info] Got 1 sessions for user:email...
2025-10-09 13:55:40.415 [info] Getting sessions for read:user,repo,user:email,workflow...
2025-10-09 13:55:40.415 [info] Got 0 sessions for read:user,repo,user:email,workflow...
2025-10-09 13:55:40.419 [info] Getting sessions for all scopes...
2025-10-09 13:55:40.419 [info] Got 1 sessions for ...
2025-10-09 13:55:40.427 [info] Getting sessions for read:user,repo,user:email,workflow...
2025-10-09 13:55:40.427 [info] Got 0 sessions for read:user,repo,user:email,workflow...
2025-10-09 13:55:40.430 [info] Getting sessions for user:email...
2025-10-09 13:55:40.430 [info] Got 1 sessions for user:email...
2025-10-09 13:55:40.859 [info] Getting sessions for all scopes...
2025-10-09 13:55:40.859 [info] Got 1 sessions for ...
2025-10-09 13:55:40.860 [info] Getting sessions for read:user,repo,user:email,workflow...
2025-10-09 13:55:40.860 [info] Got 0 sessions for read:user,repo,user:email,workflow...
2025-10-09 13:55:40.863 [info] Getting sessions for user:email...
2025-10-09 13:55:40.863 [info] Got 1 sessions for user:email...
2025-10-09 13:55:40.865 [info] Getting sessions for all scopes...
2025-10-09 13:55:40.865 [info] Got 1 sessions for ...
2025-10-09 13:55:40.869 [info] Getting sessions for read:user,repo,user:email,workflow...
2025-10-09 13:55:40.869 [info] Got 0 sessions for read:user,repo,user:email,workflow...
2025-10-09 13:55:40.872 [info] Getting sessions for user:email...
2025-10-09 13:55:40.872 [info] Got 1 sessions for user:email...
2025-10-09 13:55:40.874 [info] Getting sessions for all scopes...
2025-10-09 13:55:40.874 [info] Got 1 sessions for ...
2025-10-09 13:55:40.875 [info] Getting sessions for read:user,repo,user:email,workflow...
2025-10-09 13:55:40.875 [info] Got 0 sessions for read:user,repo,user:email,workflow...
2025-10-09 13:55:40.876 [info] Getting sessions for user:email...
2025-10-09 13:55:40.876 [info] Got 1 sessions for user:email...
2025-10-09 13:55:40.877 [info] Getting sessions for all scopes...
2025-10-09 13:55:40.877 [info] Got 1 sessions for ...
2025-10-09 13:55:40.878 [info] Getting sessions for read:user,repo,user:email,workflow...
2025-10-09 13:55:40.878 [info] Got 0 sessions for read:user,repo,user:email,workflow...
2025-10-09 13:55:40.879 [info] Getting sessions for user:email...
2025-10-09 13:55:40.879 [info] Got 1 sessions for user:email...
2025-10-09 13:55:41.875 [info] Getting sessions for all scopes...
2025-10-09 13:55:41.875 [info] Got 1 sessions for ...
2025-10-09 13:55:41.997 [info] Getting sessions for read:user,repo,user:email,workflow...
2025-10-09 13:55:41.997 [info] Got 0 sessions for read:user,repo,user:email,workflow...
2025-10-09 13:55:42.038 [info] Getting sessions for user:email...
2025-10-09 13:55:42.038 [info] Got 1 sessions for user:email...
2025-10-09 13:55:42.070 [info] Getting sessions for all scopes...
2025-10-09 13:55:42.070 [info] Got 1 sessions for ...
2025-10-09 13:55:42.180 [info] Getting sessions for read:user,repo,user:email,workflow...
2025-10-09 13:55:42.180 [info] Got 0 sessions for read:user,repo,user:email,workflow...
2025-10-09 13:55:42.213 [info] Getting sessions for user:email...
2025-10-09 13:55:42.213 [info] Got 1 sessions for user:email...
2025-10-09 13:55:45.354 [info] Getting sessions for all scopes...
2025-10-09 13:55:45.354 [info] Got 1 sessions for ...
2025-10-09 14:03:54.147 [info] Getting sessions for all scopes...
2025-10-09 14:03:54.147 [info] Got 1 sessions for ...
2025-10-09 14:03:54.149 [info] Getting sessions for read:user,repo,user:email,workflow...
2025-10-09 14:03:54.149 [info] Got 0 sessions for read:user,repo,user:email,workflow...
2025-10-09 14:03:54.150 [info] Getting sessions for user:email...
2025-10-09 14:03:54.150 [info] Got 1 sessions for user:email...
2025-10-09 14:04:16.248 [info] Getting sessions for all scopes...
2025-10-09 14:04:16.248 [info] Got 1 sessions for ...
2025-10-09 14:04:16.249 [info] Getting sessions for read:user,repo,user:email,workflow...
2025-10-09 14:04:16.249 [info] Got 0 sessions for read:user,repo,user:email,workflow...
2025-10-09 14:04:16.250 [info] Getting sessions for user:email...
2025-10-09 14:04:16.250 [info] Got 1 sessions for user:email...
2025-10-09 14:04:39.966 [info] Getting sessions for all scopes...
2025-10-09 14:04:39.966 [info] Got 1 sessions for ...
2025-10-09 14:04:39.982 [info] Getting sessions for read:user,repo,user:email,workflow...
2025-10-09 14:04:39.982 [info] Got 0 sessions for read:user,repo,user:email,workflow...
2025-10-09 14:04:39.986 [info] Getting sessions for user:email...
2025-10-09 14:04:39.986 [info] Got 1 sessions for user:email...
2025-10-09 14:05:04.568 [info] Getting sessions for all scopes...
2025-10-09 14:05:04.568 [info] Got 1 sessions for ...
2025-10-09 14:05:04.569 [info] Getting sessions for read:user,repo,user:email,workflow...
2025-10-09 14:05:04.569 [info] Got 0 sessions for read:user,repo,user:email,workflow...
2025-10-09 14:05:04.570 [info] Getting sessions for user:email...
2025-10-09 14:05:04.570 [info] Got 1 sessions for user:email...
2025-10-09 14:06:03.502 [info] Getting sessions for all scopes...
2025-10-09 14:06:03.502 [info] Got 1 sessions for ...
2025-10-09 14:06:03.503 [info] Getting sessions for read:user,repo,user:email,workflow...
2025-10-09 14:06:03.503 [info] Got 0 sessions for read:user,repo,user:email,workflow...
2025-10-09 14:06:03.505 [info] Getting sessions for user:email...
2025-10-09 14:06:03.505 [info] Got 1 sessions for user:email...
2025-10-09 14:06:15.114 [info] Getting sessions for all scopes...
2025-10-09 14:06:15.114 [info] Got 1 sessions for ...
2025-10-09 14:06:15.124 [info] Getting sessions for read:user,repo,user:email,workflow...
2025-10-09 14:06:15.124 [info] Got 0 sessions for read:user,repo,user:email,workflow...
2025-10-09 14:06:15.151 [info] Getting sessions for user:email...
2025-10-09 14:06:15.152 [info] Got 1 sessions for user:email...
2025-10-09 14:07:23.053 [info] Getting sessions for all scopes...
2025-10-09 14:07:23.053 [info] Got 1 sessions for ...
2025-10-09 14:07:23.061 [info] Getting sessions for read:user,repo,user:email,workflow...
2025-10-09 14:07:23.061 [info] Got 0 sessions for read:user,repo,user:email,workflow...
2025-10-09 14:07:23.062 [info] Getting sessions for user:email...
2025-10-09 14:07:23.062 [info] Got 1 sessions for user:email...
2025-10-09 14:07:23.560 [info] Getting sessions for all scopes...
2025-10-09 14:07:23.560 [info] Got 1 sessions for ...
2025-10-09 14:07:23.566 [info] Getting sessions for read:user,repo,user:email,workflow...
2025-10-09 14:07:23.566 [info] Got 0 sessions for read:user,repo,user:email,workflow...
2025-10-09 14:07:23.571 [info] Getting sessions for user:email...
2025-10-09 14:07:23.572 [info] Got 1 sessions for user:email...
2025-10-09 14:07:29.252 [info] Getting sessions for all scopes...
2025-10-09 14:07:29.252 [info] Got 1 sessions for ...
2025-10-09 14:07:29.258 [info] Getting sessions for read:user,repo,user:email,workflow...
2025-10-09 14:07:29.258 [info] Got 0 sessions for read:user,repo,user:email,workflow...
2025-10-09 14:07:29.261 [info] Getting sessions for user:email...
2025-10-09 14:07:29.261 [info] Got 1 sessions for user:email...
2025-10-09 14:07:35.361 [info] Getting sessions for all scopes...
2025-10-09 14:07:35.361 [info] Got 1 sessions for ...
2025-10-09 14:07:35.364 [info] Getting sessions for read:user,repo,user:email,workflow...
2025-10-09 14:07:35.364 [info] Got 0 sessions for read:user,repo,user:email,workflow...
2025-10-09 14:07:35.365 [info] Getting sessions for user:email...
2025-10-09 14:07:35.365 [info] Got 1 sessions for user:email...
2025-10-09 14:07:38.985 [info] Getting sessions for all scopes...
2025-10-09 14:07:38.985 [info] Got 1 sessions for ...
2025-10-09 14:07:38.991 [info] Getting sessions for read:user,repo,user:email,workflow...
2025-10-09 14:07:38.991 [info] Got 0 sessions for read:user,repo,user:email,workflow...
2025-10-09 14:07:38.994 [info] Getting sessions for user:email...
2025-10-09 14:07:38.994 [info] Got 1 sessions for user:email...
2025-10-09 14:07:54.401 [info] Getting sessions for all scopes...
2025-10-09 14:07:54.401 [info] Got 1 sessions for ...
2025-10-09 14:07:54.405 [info] Getting sessions for read:user,repo,user:email,workflow...
2025-10-09 14:07:54.405 [info] Got 0 sessions for read:user,repo,user:email,workflow...
2025-10-09 14:07:54.412 [info] Getting sessions for user:email...
2025-10-09 14:07:54.412 [info] Got 1 sessions for user:email...
2025-10-09 14:08:05.397 [info] Getting sessions for all scopes...
2025-10-09 14:08:05.397 [info] Got 1 sessions for ...
2025-10-09 14:08:05.399 [info] Getting sessions for read:user,repo,user:email,workflow...
2025-10-09 14:08:05.399 [info] Got 0 sessions for read:user,repo,user:email,workflow...
2025-10-09 14:08:05.400 [info] Getting sessions for user:email...
2025-10-09 14:08:05.400 [info] Got 1 sessions for user:email...
2025-10-09 14:08:11.001 [info] Getting sessions for all scopes...
2025-10-09 14:08:11.001 [info] Got 1 sessions for ...
2025-10-09 14:08:11.003 [info] Getting sessions for read:user,repo,user:email,workflow...
2025-10-09 14:08:11.004 [info] Got 0 sessions for read:user,repo,user:email,workflow...
2025-10-09 14:08:11.008 [info] Getting sessions for user:email...
2025-10-09 14:08:11.009 [info] Got 1 sessions for user:email...
2025-10-09 14:10:01.460 [info] Getting sessions for all scopes...
2025-10-09 14:10:01.460 [info] Got 1 sessions for ...
2025-10-09 14:10:01.485 [info] Getting sessions for read:user,repo,user:email,workflow...
2025-10-09 14:10:01.485 [info] Got 0 sessions for read:user,repo,user:email,workflow...
2025-10-09 14:10:01.488 [info] Getting sessions for user:email...
2025-10-09 14:10:01.489 [info] Got 1 sessions for user:email...
2025-10-09 14:10:51.618 [info] Getting sessions for all scopes...
2025-10-09 14:10:51.618 [info] Got 1 sessions for ...
2025-10-09 14:10:51.639 [info] Getting sessions for read:user,repo,user:email,workflow...
2025-10-09 14:10:51.639 [info] Got 0 sessions for read:user,repo,user:email,workflow...
2025-10-09 14:10:51.652 [info] Getting sessions for user:email...
2025-10-09 14:10:51.652 [info] Got 1 sessions for user:email...
2025-10-09 14:10:57.266 [info] Getting sessions for all scopes...
2025-10-09 14:10:57.267 [info] Got 1 sessions for ...
2025-10-09 14:10:57.268 [info] Getting sessions for read:user,repo,user:email,workflow...
2025-10-09 14:10:57.268 [info] Got 0 sessions for read:user,repo,user:email,workflow...
2025-10-09 14:10:57.270 [info] Getting sessions for user:email...
2025-10-09 14:10:57.270 [info] Got 1 sessions for user:email...
2025-10-09 14:11:01.275 [info] Getting sessions for all scopes...
2025-10-09 14:11:01.275 [info] Got 1 sessions for ...
2025-10-09 14:11:01.283 [info] Getting sessions for read:user,repo,user:email,workflow...
2025-10-09 14:11:01.283 [info] Got 0 sessions for read:user,repo,user:email,workflow...
2025-10-09 14:11:01.289 [info] Getting sessions for user:email...
2025-10-09 14:11:01.289 [info] Got 1 sessions for user:email...
2025-10-09 14:11:09.234 [info] Getting sessions for all scopes...
2025-10-09 14:11:09.234 [info] Got 1 sessions for ...
2025-10-09 14:11:09.235 [info] Getting sessions for read:user,repo,user:email,workflow...
2025-10-09 14:11:09.235 [info] Got 0 sessions for read:user,repo,user:email,workflow...
2025-10-09 14:11:09.237 [info] Getting sessions for user:email...
2025-10-09 14:11:09.237 [info] Got 1 sessions for user:email...
2025-10-09 14:11:13.392 [info] Getting sessions for all scopes...
2025-10-09 14:11:13.392 [info] Got 1 sessions for ...
2025-10-09 14:11:13.394 [info] Getting sessions for read:user,repo,user:email,workflow...
2025-10-09 14:11:13.394 [info] Got 0 sessions for read:user,repo,user:email,workflow...
2025-10-09 14:11:13.396 [info] Getting sessions for user:email...
2025-10-09 14:11:13.396 [info] Got 1 sessions for user:email...
2025-10-09 14:11:24.195 [info] Getting sessions for all scopes...
2025-10-09 14:11:24.196 [info] Got 1 sessions for ...
2025-10-09 14:11:24.197 [info] Getting sessions for read:user,repo,user:email,workflow...
2025-10-09 14:11:24.197 [info] Got 0 sessions for read:user,repo,user:email,workflow...
2025-10-09 14:11:24.199 [info] Getting sessions for user:email...
2025-10-09 14:11:24.199 [info] Got 1 sessions for user:email...
2025-10-09 14:11:24.201 [info] Getting sessions for all scopes...
2025-10-09 14:11:24.202 [info] Got 1 sessions for ...
2025-10-09 14:11:24.204 [info] Getting sessions for read:user,repo,user:email,workflow...
2025-10-09 14:11:24.204 [info] Got 0 sessions for read:user,repo,user:email,workflow...
2025-10-09 14:11:24.208 [info] Getting sessions for user:email...
2025-10-09 14:11:24.208 [info] Got 1 sessions for user:email...
2025-10-09 14:11:24.234 [info] Getting sessions for all scopes...
2025-10-09 14:11:24.234 [info] Got 1 sessions for ...
2025-10-09 14:11:24.236 [info] Getting sessions for read:user,repo,user:email,workflow...
2025-10-09 14:11:24.236 [info] Got 0 sessions for read:user,repo,user:email,workflow...
2025-10-09 14:11:24.239 [info] Getting sessions for user:email...
2025-10-09 14:11:24.240 [info] Got 1 sessions for user:email...
2025-10-09 14:11:25.332 [info] Getting sessions for all scopes...
2025-10-09 14:11:25.332 [info] Got 1 sessions for ...
2025-10-09 14:11:25.371 [info] Getting sessions for read:user,repo,user:email,workflow...
2025-10-09 14:11:25.371 [info] Got 0 sessions for read:user,repo,user:email,workflow...
2025-10-09 14:11:25.381 [info] Getting sessions for user:email...
2025-10-09 14:11:25.381 [info] Got 1 sessions for user:email...
2025-10-09 14:11:25.388 [info] Getting sessions for all scopes...
2025-10-09 14:11:25.389 [info] Got 1 sessions for ...
2025-10-09 14:11:25.394 [info] Getting sessions for read:user,repo,user:email,workflow...
2025-10-09 14:11:25.394 [info] Got 0 sessions for read:user,repo,user:email,workflow...
2025-10-09 14:11:25.397 [info] Getting sessions for user:email...
2025-10-09 14:11:25.398 [info] Got 1 sessions for user:email...
2025-10-09 14:11:25.431 [info] Getting sessions for all scopes...
2025-10-09 14:11:25.431 [info] Got 1 sessions for ...
2025-10-09 14:11:25.433 [info] Getting sessions for read:user,repo,user:email,workflow...
2025-10-09 14:11:25.433 [info] Got 0 sessions for read:user,repo,user:email,workflow...
2025-10-09 14:11:25.435 [info] Getting sessions for user:email...
2025-10-09 14:11:25.435 [info] Got 1 sessions for user:email...
2025-10-09 14:11:26.974 [info] Getting sessions for all scopes...
2025-10-09 14:11:26.974 [info] Got 1 sessions for ...
2025-10-09 14:11:27.031 [info] Getting sessions for read:user,repo,user:email,workflow...
2025-10-09 14:11:27.031 [info] Got 0 sessions for read:user,repo,user:email,workflow...
2025-10-09 14:11:27.035 [info] Getting sessions for user:email...
2025-10-09 14:11:27.035 [info] Got 1 sessions for user:email...
2025-10-09 14:13:23.664 [info] Getting sessions for all scopes...
2025-10-09 14:13:23.664 [info] Got 1 sessions for ...
2025-10-09 14:13:23.667 [info] Getting sessions for read:user,repo,user:email,workflow...
2025-10-09 14:13:23.667 [info] Got 0 sessions for read:user,repo,user:email,workflow...
2025-10-09 14:13:23.700 [info] Getting sessions for user:email...
2025-10-09 14:13:23.700 [info] Got 1 sessions for user:email...
2025-10-09 14:13:55.517 [info] Getting sessions for all scopes...
2025-10-09 14:13:55.517 [info] Got 1 sessions for ...
2025-10-09 14:13:55.518 [info] Getting sessions for read:user,repo,user:email,workflow...
2025-10-09 14:13:55.518 [info] Got 0 sessions for read:user,repo,user:email,workflow...
2025-10-09 14:13:55.519 [info] Getting sessions for user:email...
2025-10-09 14:13:55.519 [info] Got 1 sessions for user:email...
2025-10-09 14:14:04.408 [info] Getting sessions for all scopes...
2025-10-09 14:14:04.409 [info] Got 1 sessions for ...
2025-10-09 14:14:04.415 [info] Getting sessions for read:user,repo,user:email,workflow...
2025-10-09 14:14:04.415 [info] Got 0 sessions for read:user,repo,user:email,workflow...
2025-10-09 14:14:04.419 [info] Getting sessions for user:email...
2025-10-09 14:14:04.420 [info] Got 1 sessions for user:email...
2025-10-09 14:14:04.429 [info] Getting sessions for all scopes...
2025-10-09 14:14:04.429 [info] Got 1 sessions for ...
2025-10-09 14:14:04.434 [info] Getting sessions for read:user,repo,user:email,workflow...
2025-10-09 14:14:04.434 [info] Got 0 sessions for read:user,repo,user:email,workflow...
2025-10-09 14:14:04.438 [info] Getting sessions for user:email...
2025-10-09 14:14:04.439 [info] Got 1 sessions for user:email...
2025-10-09 14:14:04.529 [info] Getting sessions for all scopes...
2025-10-09 14:14:04.529 [info] Got 1 sessions for ...
2025-10-09 14:14:04.531 [info] Getting sessions for read:user,repo,user:email,workflow...
2025-10-09 14:14:04.531 [info] Got 0 sessions for read:user,repo,user:email,workflow...
2025-10-09 14:14:04.532 [info] Getting sessions for user:email...
2025-10-09 14:14:04.532 [info] Got 1 sessions for user:email...
2025-10-09 14:14:05.132 [info] Getting sessions for all scopes...
2025-10-09 14:14:05.132 [info] Got 1 sessions for ...
2025-10-09 14:14:05.139 [info] Getting sessions for read:user,repo,user:email,workflow...
2025-10-09 14:14:05.139 [info] Got 0 sessions for read:user,repo,user:email,workflow...
2025-10-09 14:14:05.150 [info] Getting sessions for user:email...
2025-10-09 14:14:05.151 [info] Got 1 sessions for user:email...
2025-10-09 14:14:05.159 [info] Getting sessions for all scopes...
2025-10-09 14:14:05.159 [info] Got 1 sessions for ...
2025-10-09 14:14:05.165 [info] Getting sessions for read:user,repo,user:email,workflow...
2025-10-09 14:14:05.165 [info] Got 0 sessions for read:user,repo,user:email,workflow...
2025-10-09 14:14:05.170 [info] Getting sessions for user:email...
2025-10-09 14:14:05.170 [info] Got 1 sessions for user:email...
2025-10-09 14:14:05.219 [info] Getting sessions for all scopes...
2025-10-09 14:14:05.219 [info] Got 1 sessions for ...
2025-10-09 14:14:05.222 [info] Getting sessions for read:user,repo,user:email,workflow...
2025-10-09 14:14:05.222 [info] Got 0 sessions for read:user,repo,user:email,workflow...
2025-10-09 14:14:05.228 [info] Getting sessions for user:email...
2025-10-09 14:14:05.229 [info] Got 1 sessions for user:email...
2025-10-09 14:14:50.119 [info] Getting sessions for all scopes...
2025-10-09 14:14:50.119 [info] Got 1 sessions for ...
2025-10-09 14:14:50.121 [info] Getting sessions for read:user,repo,user:email,workflow...
2025-10-09 14:14:50.121 [info] Got 0 sessions for read:user,repo,user:email,workflow...
2025-10-09 14:14:50.124 [info] Getting sessions for user:email...
2025-10-09 14:14:50.124 [info] Got 1 sessions for user:email...
2025-10-09 14:16:55.437 [info] Getting sessions for all scopes...
2025-10-09 14:16:55.437 [info] Got 1 sessions for ...
2025-10-09 14:16:55.438 [info] Getting sessions for read:user,repo,user:email,workflow...
2025-10-09 14:16:55.438 [info] Got 0 sessions for read:user,repo,user:email,workflow...
2025-10-09 14:16:55.439 [info] Getting sessions for user:email...
2025-10-09 14:16:55.439 [info] Got 1 sessions for user:email...
2025-10-09 14:16:55.444 [info] Getting sessions for all scopes...
2025-10-09 14:16:55.444 [info] Got 1 sessions for ...
2025-10-09 14:16:55.450 [info] Getting sessions for read:user,repo,user:email,workflow...
2025-10-09 14:16:55.450 [info] Got 0 sessions for read:user,repo,user:email,workflow...
2025-10-09 14:16:55.451 [info] Getting sessions for user:email...
2025-10-09 14:16:55.451 [info] Got 1 sessions for user:email...
2025-10-09 14:16:56.581 [info] Getting sessions for all scopes...
2025-10-09 14:16:56.581 [info] Got 1 sessions for ...
2025-10-09 14:16:56.581 [info] Getting sessions for all scopes...
2025-10-09 14:16:56.581 [info] Got 1 sessions for ...
2025-10-09 14:16:56.583 [info] Getting sessions for read:user,repo,user:email,workflow...
2025-10-09 14:16:56.583 [info] Got 0 sessions for read:user,repo,user:email,workflow...
2025-10-09 14:16:56.584 [info] Getting sessions for user:email...
2025-10-09 14:16:56.584 [info] Got 1 sessions for user:email...
2025-10-09 14:16:56.584 [info] Getting sessions for read:user,repo,user:email,workflow...
2025-10-09 14:16:56.584 [info] Got 0 sessions for read:user,repo,user:email,workflow...
2025-10-09 14:16:56.585 [info] Getting sessions for all scopes...
2025-10-09 14:16:56.585 [info] Got 1 sessions for ...
2025-10-09 14:16:56.586 [info] Getting sessions for read:user,repo,user:email,workflow...
2025-10-09 14:16:56.586 [info] Got 0 sessions for read:user,repo,user:email,workflow...
2025-10-09 14:16:56.587 [info] Getting sessions for user:email...
2025-10-09 14:16:56.587 [info] Got 1 sessions for user:email...
2025-10-09 14:16:56.596 [info] Getting sessions for all scopes...
2025-10-09 14:16:56.597 [info] Got 1 sessions for ...
2025-10-09 14:16:56.598 [info] Getting sessions for all scopes...
2025-10-09 14:16:56.598 [info] Got 1 sessions for ...
2025-10-09 14:16:56.599 [info] Getting sessions for read:user,repo,user:email,workflow...
2025-10-09 14:16:56.599 [info] Got 0 sessions for read:user,repo,user:email,workflow...
2025-10-09 14:16:56.600 [info] Getting sessions for user:email...
2025-10-09 14:16:56.600 [info] Got 1 sessions for user:email...
2025-10-09 14:16:56.600 [info] Getting sessions for read:user,repo,user:email,workflow...
2025-10-09 14:16:56.600 [info] Got 0 sessions for read:user,repo,user:email,workflow...
2025-10-09 14:16:56.604 [info] Getting sessions for all scopes...
2025-10-09 14:16:56.604 [info] Got 1 sessions for ...
2025-10-09 14:16:56.605 [info] Getting sessions for all scopes...
2025-10-09 14:16:56.605 [info] Got 1 sessions for ...
2025-10-09 14:16:56.608 [info] Getting sessions for all scopes...
2025-10-09 14:16:56.608 [info] Got 1 sessions for ...
2025-10-09 14:16:56.613 [info] Getting sessions for read:user,repo,user:email,workflow...
2025-10-09 14:16:56.613 [info] Got 0 sessions for read:user,repo,user:email,workflow...
2025-10-09 14:16:56.615 [info] Getting sessions for user:email...
2025-10-09 14:16:56.615 [info] Got 1 sessions for user:email...
2025-10-09 14:17:46.722 [info] Getting sessions for all scopes...
2025-10-09 14:17:46.722 [info] Got 1 sessions for ...
2025-10-09 14:17:46.724 [info] Getting sessions for read:user,repo,user:email,workflow...
2025-10-09 14:17:46.724 [info] Got 0 sessions for read:user,repo,user:email,workflow...
2025-10-09 14:17:46.735 [info] Getting sessions for user:email...
2025-10-09 14:17:46.735 [info] Got 1 sessions for user:email...
2025-10-09 14:17:54.499 [info] Getting sessions for all scopes...
2025-10-09 14:17:54.499 [info] Got 1 sessions for ...
2025-10-09 14:17:54.504 [info] Getting sessions for read:user,repo,user:email,workflow...
2025-10-09 14:17:54.505 [info] Got 0 sessions for read:user,repo,user:email,workflow...
2025-10-09 14:17:54.514 [info] Getting sessions for user:email...
2025-10-09 14:17:54.515 [info] Got 1 sessions for user:email...
2025-10-09 14:17:54.551 [info] Getting sessions for all scopes...
2025-10-09 14:17:54.551 [info] Got 1 sessions for ...
2025-10-09 14:17:54.553 [info] Getting sessions for read:user,repo,user:email,workflow...
2025-10-09 14:17:54.553 [info] Got 0 sessions for read:user,repo,user:email,workflow...
2025-10-09 14:17:54.555 [info] Getting sessions for user:email...
2025-10-09 14:17:54.556 [info] Got 1 sessions for user:email...
2025-10-09 14:17:54.585 [info] Getting sessions for all scopes...
2025-10-09 14:17:54.585 [info] Got 1 sessions for ...
2025-10-09 14:17:54.587 [info] Getting sessions for read:user,repo,user:email,workflow...
2025-10-09 14:17:54.587 [info] Got 0 sessions for read:user,repo,user:email,workflow...
2025-10-09 14:17:54.588 [info] Getting sessions for user:email...
2025-10-09 14:17:54.588 [info] Got 1 sessions for user:email...
2025-10-09 14:17:56.838 [info] Getting sessions for all scopes...
2025-10-09 14:17:56.838 [info] Got 1 sessions for ...
2025-10-09 14:17:56.839 [info] Getting sessions for read:user,repo,user:email,workflow...
2025-10-09 14:17:56.839 [info] Got 0 sessions for read:user,repo,user:email,workflow...
2025-10-09 14:17:56.841 [info] Getting sessions for user:email...
2025-10-09 14:17:56.841 [info] Got 1 sessions for user:email...
2025-10-09 14:17:56.849 [info] Getting sessions for all scopes...
2025-10-09 14:17:56.849 [info] Got 1 sessions for ...
2025-10-09 14:17:56.853 [info] Getting sessions for read:user,repo,user:email,workflow...
2025-10-09 14:17:56.853 [info] Got 0 sessions for read:user,repo,user:email,workflow...
2025-10-09 14:17:56.854 [info] Getting sessions for user:email...
2025-10-09 14:17:56.854 [info] Got 1 sessions for user:email...
2025-10-09 14:17:56.881 [info] Getting sessions for all scopes...
2025-10-09 14:17:56.881 [info] Got 1 sessions for ...
2025-10-09 14:17:56.884 [info] Getting sessions for read:user,repo,user:email,workflow...
2025-10-09 14:17:56.884 [info] Got 0 sessions for read:user,repo,user:email,workflow...
2025-10-09 14:17:56.886 [info] Getting sessions for user:email...
2025-10-09 14:17:56.886 [info] Got 1 sessions for user:email...
2025-10-09 14:18:02.336 [info] Getting sessions for all scopes...
2025-10-09 14:18:02.336 [info] Got 1 sessions for ...
2025-10-09 14:18:02.365 [info] Getting sessions for read:user,repo,user:email,workflow...
2025-10-09 14:18:02.365 [info] Got 0 sessions for read:user,repo,user:email,workflow...
2025-10-09 14:18:02.367 [info] Getting sessions for user:email...
2025-10-09 14:18:02.368 [info] Got 1 sessions for user:email...
2025-10-09 14:18:25.170 [info] Getting sessions for all scopes...
2025-10-09 14:18:25.171 [info] Got 1 sessions for ...
2025-10-09 14:18:25.172 [info] Getting sessions for read:user,repo,user:email,workflow...
2025-10-09 14:18:25.172 [info] Got 0 sessions for read:user,repo,user:email,workflow...
2025-10-09 14:18:25.173 [info] Getting sessions for user:email...
2025-10-09 14:18:25.173 [info] Got 1 sessions for user:email...
2025-10-09 14:18:31.267 [info] Getting sessions for all scopes...
2025-10-09 14:18:31.268 [info] Got 1 sessions for ...
2025-10-09 14:18:31.270 [info] Getting sessions for read:user,repo,user:email,workflow...
2025-10-09 14:18:31.270 [info] Got 0 sessions for read:user,repo,user:email,workflow...
2025-10-09 14:18:31.271 [info] Getting sessions for user:email...
2025-10-09 14:18:31.271 [info] Got 1 sessions for user:email...
2025-10-09 14:18:37.248 [info] Getting sessions for all scopes...
2025-10-09 14:18:37.248 [info] Got 1 sessions for ...
2025-10-09 14:18:37.297 [info] Getting sessions for read:user,repo,user:email,workflow...
2025-10-09 14:18:37.297 [info] Got 0 sessions for read:user,repo,user:email,workflow...
2025-10-09 14:18:37.300 [info] Getting sessions for user:email...
2025-10-09 14:18:37.300 [info] Got 1 sessions for user:email...
2025-10-09 14:19:36.201 [info] Getting sessions for all scopes...
2025-10-09 14:19:36.201 [info] Got 1 sessions for ...
2025-10-09 14:19:36.204 [info] Getting sessions for read:user,repo,user:email,workflow...
2025-10-09 14:19:36.204 [info] Got 0 sessions for read:user,repo,user:email,workflow...
2025-10-09 14:19:36.205 [info] Getting sessions for user:email...
2025-10-09 14:19:36.205 [info] Got 1 sessions for user:email...
2025-10-09 14:19:59.069 [info] Getting sessions for all scopes...
2025-10-09 14:19:59.069 [info] Got 1 sessions for ...
2025-10-09 14:19:59.070 [info] Getting sessions for read:user,repo,user:email,workflow...
2025-10-09 14:19:59.070 [info] Got 0 sessions for read:user,repo,user:email,workflow...
2025-10-09 14:19:59.072 [info] Getting sessions for user:email...
2025-10-09 14:19:59.072 [info] Got 1 sessions for user:email...
2025-10-09 14:20:12.165 [info] Getting sessions for all scopes...
2025-10-09 14:20:12.165 [info] Got 1 sessions for ...
2025-10-09 14:20:12.174 [info] Getting sessions for read:user,repo,user:email,workflow...
2025-10-09 14:20:12.174 [info] Got 0 sessions for read:user,repo,user:email,workflow...
2025-10-09 14:20:12.184 [info] Getting sessions for user:email...
2025-10-09 14:20:12.184 [info] Got 1 sessions for user:email...
2025-10-09 14:20:19.136 [info] Getting sessions for all scopes...
2025-10-09 14:20:19.136 [info] Got 1 sessions for ...
2025-10-09 14:20:19.137 [info] Getting sessions for read:user,repo,user:email,workflow...
2025-10-09 14:20:19.137 [info] Got 0 sessions for read:user,repo,user:email,workflow...
2025-10-09 14:20:19.138 [info] Getting sessions for user:email...
2025-10-09 14:20:19.138 [info] Got 1 sessions for user:email...
2025-10-09 14:20:35.472 [info] Getting sessions for all scopes...
2025-10-09 14:20:35.472 [info] Got 1 sessions for ...
2025-10-09 14:20:35.473 [info] Getting sessions for read:user,repo,user:email,workflow...
2025-10-09 14:20:35.473 [info] Got 0 sessions for read:user,repo,user:email,workflow...
2025-10-09 14:20:35.474 [info] Getting sessions for user:email...
2025-10-09 14:20:35.474 [info] Got 1 sessions for user:email...
2025-10-09 14:20:48.440 [info] Getting sessions for all scopes...
2025-10-09 14:20:48.440 [info] Got 1 sessions for ...
2025-10-09 14:20:48.441 [info] Getting sessions for read:user,repo,user:email,workflow...
2025-10-09 14:20:48.441 [info] Got 0 sessions for read:user,repo,user:email,workflow...
2025-10-09 14:20:48.442 [info] Getting sessions for user:email...
2025-10-09 14:20:48.442 [info] Got 1 sessions for user:email...
2025-10-09 14:20:52.985 [info] Getting sessions for all scopes...
2025-10-09 14:20:52.985 [info] Got 1 sessions for ...
2025-10-09 14:20:52.986 [info] Getting sessions for read:user,repo,user:email,workflow...
2025-10-09 14:20:52.986 [info] Got 0 sessions for read:user,repo,user:email,workflow...
2025-10-09 14:20:52.987 [info] Getting sessions for user:email...
2025-10-09 14:20:52.987 [info] Got 1 sessions for user:email...
2025-10-09 14:21:05.612 [info] Getting sessions for all scopes...
2025-10-09 14:21:05.612 [info] Got 1 sessions for ...
2025-10-09 14:21:05.615 [info] Getting sessions for read:user,repo,user:email,workflow...
2025-10-09 14:21:05.615 [info] Got 0 sessions for read:user,repo,user:email,workflow...
2025-10-09 14:21:05.617 [info] Getting sessions for user:email...
2025-10-09 14:21:05.617 [info] Got 1 sessions for user:email...
2025-10-09 14:21:13.392 [info] Getting sessions for all scopes...
2025-10-09 14:21:13.395 [info] Got 1 sessions for ...
2025-10-09 14:21:13.409 [info] Getting sessions for read:user,repo,user:email,workflow...
2025-10-09 14:21:13.409 [info] Got 0 sessions for read:user,repo,user:email,workflow...
2025-10-09 14:21:13.421 [info] Getting sessions for user:email...
2025-10-09 14:21:13.421 [info] Got 1 sessions for user:email...
2025-10-09 14:21:20.375 [info] Getting sessions for all scopes...
2025-10-09 14:21:20.375 [info] Got 1 sessions for ...
2025-10-09 14:21:20.376 [info] Getting sessions for read:user,repo,user:email,workflow...
2025-10-09 14:21:20.376 [info] Got 0 sessions for read:user,repo,user:email,workflow...
2025-10-09 14:21:20.378 [info] Getting sessions for user:email...
2025-10-09 14:21:20.378 [info] Got 1 sessions for user:email...
2025-10-09 14:23:49.822 [info] Getting sessions for all scopes...
2025-10-09 14:23:49.822 [info] Got 1 sessions for ...
2025-10-09 14:23:49.823 [info] Getting sessions for read:user,repo,user:email,workflow...
2025-10-09 14:23:49.823 [info] Got 0 sessions for read:user,repo,user:email,workflow...
2025-10-09 14:23:49.824 [info] Getting sessions for user:email...
2025-10-09 14:23:49.824 [info] Got 1 sessions for user:email...
2025-10-09 14:24:40.626 [info] Getting sessions for all scopes...
2025-10-09 14:24:40.626 [info] Got 1 sessions for ...
2025-10-09 14:24:40.627 [info] Getting sessions for read:user,repo,user:email,workflow...
2025-10-09 14:24:40.627 [info] Got 0 sessions for read:user,repo,user:email,workflow...
2025-10-09 14:24:40.628 [info] Getting sessions for user:email...
2025-10-09 14:24:40.628 [info] Got 1 sessions for user:email...
2025-10-09 14:26:14.728 [info] Getting sessions for all scopes...
2025-10-09 14:26:14.728 [info] Got 1 sessions for ...
2025-10-09 14:26:14.730 [info] Getting sessions for read:user,repo,user:email,workflow...
2025-10-09 14:26:14.731 [info] Got 0 sessions for read:user,repo,user:email,workflow...
2025-10-09 14:26:14.735 [info] Getting sessions for user:email...
2025-10-09 14:26:14.735 [info] Got 1 sessions for user:email...
2025-10-09 14:26:31.106 [info] Getting sessions for all scopes...
2025-10-09 14:26:31.106 [info] Got 1 sessions for ...
2025-10-09 14:26:31.108 [info] Getting sessions for read:user,repo,user:email,workflow...
2025-10-09 14:26:31.108 [info] Got 0 sessions for read:user,repo,user:email,workflow...
2025-10-09 14:26:31.110 [info] Getting sessions for user:email...
2025-10-09 14:26:31.110 [info] Got 1 sessions for user:email...
2025-10-09 14:27:08.095 [info] Getting sessions for all scopes...
2025-10-09 14:27:08.095 [info] Got 1 sessions for ...
2025-10-09 14:27:08.096 [info] Getting sessions for read:user,repo,user:email,workflow...
2025-10-09 14:27:08.096 [info] Got 0 sessions for read:user,repo,user:email,workflow...
2025-10-09 14:27:08.097 [info] Getting sessions for user:email...
2025-10-09 14:27:08.097 [info] Got 1 sessions for user:email...
2025-10-09 14:27:14.948 [info] Getting sessions for all scopes...
2025-10-09 14:27:14.948 [info] Got 1 sessions for ...
2025-10-09 14:27:14.952 [info] Getting sessions for read:user,repo,user:email,workflow...
2025-10-09 14:27:14.953 [info] Got 0 sessions for read:user,repo,user:email,workflow...
2025-10-09 14:27:14.959 [info] Getting sessions for user:email...
2025-10-09 14:27:14.959 [info] Got 1 sessions for user:email...
2025-10-09 14:28:44.185 [info] Getting sessions for all scopes...
2025-10-09 14:28:44.186 [info] Got 1 sessions for ...
2025-10-09 14:28:44.191 [info] Getting sessions for read:user,repo,user:email,workflow...
2025-10-09 14:28:44.192 [info] Got 0 sessions for read:user,repo,user:email,workflow...
2025-10-09 14:28:44.198 [info] Getting sessions for user:email...
2025-10-09 14:28:44.199 [info] Got 1 sessions for user:email...
