2025-10-08 21:46:29.046 [info] [main] Log level: Info
2025-10-08 21:46:29.046 [info] [main] Validating found git in: "git"
2025-10-08 21:46:29.046 [info] [main] Using git "2.51.0" from "git"
2025-10-08 21:46:29.046 [info] [Model][doInitialScan] Initial repository scan started
2025-10-08 21:46:29.046 [info] > git rev-parse --show-toplevel [12ms]
2025-10-08 21:46:29.046 [info] fatal: not a git repository (or any parent up to mount point /)
Stopping at filesystem boundary (GIT_DISCOVERY_ACROSS_FILESYSTEM not set).
2025-10-08 21:46:29.046 [info] > git rev-parse --show-toplevel [3ms]
2025-10-08 21:46:29.046 [info] fatal: not a git repository (or any parent up to mount point /)
Stopping at filesystem boundary (GIT_DISCOVERY_ACROSS_FILESYSTEM not set).
2025-10-08 21:46:29.046 [info] > git rev-parse --show-toplevel [2ms]
2025-10-08 21:46:29.046 [info] fatal: not a git repository (or any of the parent directories): .git
2025-10-08 21:46:29.046 [info] [Model][doInitialScan] Initial repository scan completed - repositories (0), closed repositories (0), parent repositories (0), unsafe repositories (0)
2025-10-08 21:46:31.917 [info] > git rev-parse --show-toplevel [218ms]
2025-10-08 21:46:31.917 [info] fatal: not a git repository (or any parent up to mount point /)
Stopping at filesystem boundary (GIT_DISCOVERY_ACROSS_FILESYSTEM not set).
2025-10-08 21:49:23.552 [info] > git rev-parse --show-toplevel [8ms]
2025-10-08 21:49:23.552 [info] fatal: not a git repository (or any parent up to mount point /)
Stopping at filesystem boundary (GIT_DISCOVERY_ACROSS_FILESYSTEM not set).
2025-10-08 21:49:29.600 [info] > git rev-parse --show-toplevel [1ms]
2025-10-08 21:49:29.600 [info] fatal: not a git repository (or any parent up to mount point /)
Stopping at filesystem boundary (GIT_DISCOVERY_ACROSS_FILESYSTEM not set).
2025-10-08 21:49:45.900 [info] > git rev-parse --show-toplevel [4ms]
2025-10-08 21:49:45.900 [info] fatal: not a git repository (or any parent up to mount point /)
Stopping at filesystem boundary (GIT_DISCOVERY_ACROSS_FILESYSTEM not set).
2025-10-08 21:49:56.618 [info] > git rev-parse --show-toplevel [2ms]
2025-10-08 21:49:56.618 [info] fatal: not a git repository (or any parent up to mount point /)
Stopping at filesystem boundary (GIT_DISCOVERY_ACROSS_FILESYSTEM not set).
2025-10-08 21:49:56.635 [info] > git rev-parse --show-toplevel [2ms]
2025-10-08 21:49:56.635 [info] fatal: not a git repository (or any parent up to mount point /)
Stopping at filesystem boundary (GIT_DISCOVERY_ACROSS_FILESYSTEM not set).
2025-10-08 21:49:56.650 [info] > git rev-parse --show-toplevel [2ms]
2025-10-08 21:49:56.650 [info] fatal: not a git repository (or any of the parent directories): .git
2025-10-08 21:49:56.849 [info] > git rev-parse --show-toplevel [4ms]
2025-10-08 21:49:56.849 [info] fatal: not a git repository (or any parent up to mount point /)
Stopping at filesystem boundary (GIT_DISCOVERY_ACROSS_FILESYSTEM not set).
2025-10-08 21:49:56.882 [info] > git rev-parse --show-toplevel [8ms]
2025-10-08 21:49:56.882 [info] fatal: not a git repository (or any parent up to mount point /)
Stopping at filesystem boundary (GIT_DISCOVERY_ACROSS_FILESYSTEM not set).
2025-10-08 21:49:56.913 [info] > git rev-parse --show-toplevel [4ms]
2025-10-08 21:49:56.913 [info] fatal: not a git repository (or any of the parent directories): .git
2025-10-08 21:49:57.834 [info] > git rev-parse --show-toplevel [2ms]
2025-10-08 21:49:57.834 [info] fatal: not a git repository (or any parent up to mount point /)
Stopping at filesystem boundary (GIT_DISCOVERY_ACROSS_FILESYSTEM not set).
2025-10-08 21:49:57.852 [info] > git rev-parse --show-toplevel [7ms]
2025-10-08 21:49:57.852 [info] fatal: not a git repository (or any parent up to mount point /)
Stopping at filesystem boundary (GIT_DISCOVERY_ACROSS_FILESYSTEM not set).
2025-10-08 21:49:57.864 [info] > git rev-parse --show-toplevel [1ms]
2025-10-08 21:49:57.864 [info] fatal: not a git repository (or any of the parent directories): .git
2025-10-08 21:51:27.233 [info] > git rev-parse --show-toplevel [2ms]
2025-10-08 21:51:27.233 [info] fatal: not a git repository (or any parent up to mount point /)
Stopping at filesystem boundary (GIT_DISCOVERY_ACROSS_FILESYSTEM not set).
2025-10-08 21:51:27.774 [info] > git rev-parse --show-toplevel [1ms]
2025-10-08 21:51:27.775 [info] fatal: not a git repository (or any parent up to mount point /)
Stopping at filesystem boundary (GIT_DISCOVERY_ACROSS_FILESYSTEM not set).
2025-10-08 21:51:28.876 [info] > git rev-parse --show-toplevel [2ms]
2025-10-08 21:51:28.876 [info] fatal: not a git repository (or any parent up to mount point /)
Stopping at filesystem boundary (GIT_DISCOVERY_ACROSS_FILESYSTEM not set).
2025-10-08 21:52:41.262 [info] > git rev-parse --show-toplevel [3ms]
2025-10-08 21:52:41.262 [info] fatal: not a git repository (or any parent up to mount point /)
Stopping at filesystem boundary (GIT_DISCOVERY_ACROSS_FILESYSTEM not set).
2025-10-08 21:52:44.281 [info] > git rev-parse --show-toplevel [4ms]
2025-10-08 21:52:44.281 [info] fatal: not a git repository (or any parent up to mount point /)
Stopping at filesystem boundary (GIT_DISCOVERY_ACROSS_FILESYSTEM not set).
2025-10-08 21:53:22.787 [info] > git rev-parse --show-toplevel [3ms]
2025-10-08 21:53:22.787 [info] fatal: not a git repository (or any parent up to mount point /)
Stopping at filesystem boundary (GIT_DISCOVERY_ACROSS_FILESYSTEM not set).
