2025-10-09 00:40:18.980 [info] Native locator: Refresh started
2025-10-09 00:40:19.238 [info] Native locator: Refresh started
2025-10-09 00:40:19.296 [info] > pyenv which python
2025-10-09 00:40:19.296 [info] cwd: ~/.config/hypr
2025-10-09 00:40:19.341 [info] > pyenv which python
2025-10-09 00:40:19.341 [info] cwd: ~/code
2025-10-09 00:40:19.435 [info] > pyenv which python
2025-10-09 00:40:19.435 [info] cwd: ~/.config/hypr
2025-10-09 00:40:19.577 [info] Native locator: Refresh finished in 586 ms
2025-10-09 00:40:19.608 [info] Python interpreter path: /usr/bin/python
2025-10-09 00:40:22.952 [info] Starting Pylance language server.
2025-10-09 00:40:34.403 [info] Selected workspace /home/avinas/code for creating virtual environment.
2025-10-09 00:40:34.407 [info] Selected interpreter /usr/bin/python for creating virtual environment.
2025-10-09 00:40:34.559 [info] Running Env creation script:  [
  '/usr/bin/python',
  '/home/avinas/.vscode/extensions/ms-python.python-2025.14.0-linux-x64/python_files/create_venv.py',
  '--git-ignore'
]
2025-10-09 00:40:34.559 [info] > /usr/bin/python ~/.vscode/extensions/ms-python.python-2025.14.0-linux-x64/python_files/create_venv.py --git-ignore
2025-10-09 00:40:34.559 [info] cwd: ~/code
2025-10-09 00:40:34.871 [info] Running: /usr/bin/python -m venv --without-pip .venv
2025-10-09 00:40:34.935 [info] CREATED_VENV:/home/avinas/code/.venv/bin/python
CREATE_VENV.DOWNLOADING_PIP
2025-10-09 00:40:36.302 [info] CREATE_VENV.INSTALLING_PIP
Running: /home/avinas/code/.venv/bin/python /home/avinas/code/.venv/pip.pyz install pip
2025-10-09 00:40:38.725 [info] Collecting pip
2025-10-09 00:40:39.137 [info]   Downloading pip-25.2-py3-none-any.whl.metadata (4.7 kB)
2025-10-09 00:40:39.282 [info] Downloading pip-25.2-py3-none-any.whl (1.8 MB)
2025-10-09 00:40:40.269 [info]    ━━━━━━━━━━━━━━━━━━━━━━━━━━━━━━━━━━━━━━━━ 1.8/1.8 MB 2.7 MB/s  0:00:00
2025-10-09 00:40:40.270 [info] 
2025-10-09 00:40:40.347 [info] Installing collected packages: pip
2025-10-09 00:40:41.367 [info] Successfully installed pip-25.2
2025-10-09 00:40:42.064 [info] Active interpreter [/home/avinas/code]:  /home/avinas/code/.venv/bin/python
2025-10-09 00:40:42.067 [info] Discover tests for workspace name: hypr - uri: /home/avinas/.config/hypr
2025-10-09 00:40:42.067 [info] Native locator: Refresh started
2025-10-09 00:40:42.300 [info] Discover tests for workspace name: code - uri: /home/avinas/code
2025-10-09 00:40:42.429 [info] Native locator: Refresh finished in 362 ms
2025-10-09 00:40:42.462 [info] > pyenv which python
2025-10-09 00:40:42.462 [info] cwd: /etc/xdg/waybar
2025-10-09 00:40:42.572 [info] Discover tests for workspace name: waybar - uri: /etc/xdg/waybar
2025-10-09 00:40:49.086 [info] > ~/code/.venv/bin/python -m pip install -U websockets
2025-10-09 00:40:49.117 [info] > ~/code/.venv/bin/python -c "import pip"
2025-10-09 00:41:57.165 [info] > ~/code/.venv/bin/python -m pip install -U obs-websocket-py
2025-10-09 00:41:57.190 [info] > ~/code/.venv/bin/python -c "import pip"
2025-10-09 00:52:47.626 [error] [
  'Failed to activate a workspace, Class name = v, completed in 35ms, has a falsy return value, Arg 1: <Uri:/home/avinas/code/.venv/lib/python3.13/site-packages/obswebsocket/core.py>, Return Value: undefined',
  Error: command 'python.getRecommendedEnvironment' already exists
      at Kb.registerCommand (file:///opt/visual-studio-code/resources/app/out/vs/workbench/api/node/extensionHostProcess.js:112:40259)
      at Object.registerCommand (file:///opt/visual-studio-code/resources/app/out/vs/workbench/api/node/extensionHostProcess.js:199:102897)
      at d.activate (/home/avinas/.vscode/extensions/ms-python.python-2025.14.0-linux-x64/out/client/extension.js:2:530888)
      at /home/avinas/.vscode/extensions/ms-python.python-2025.14.0-linux-x64/out/client/extension.js:2:2457
      at Array.map (<anonymous>)
      at v.activateWorkspace (/home/avinas/.vscode/extensions/ms-python.python-2025.14.0-linux-x64/out/client/extension.js:2:2447)
]
2025-10-09 00:52:47.638 [info] Starting Pylance language server.
2025-10-09 01:08:37.392 [info] Python interpreter path: ~/code/.venv/bin/python
2025-10-09 01:08:49.048 [info] Python interpreter path: /usr/bin/python
