2025-10-09 13:55:37.696 [info] [aebc6443-996d-45c2-90f0-388ff96faa56] Native Broker is only available on Windows
2025-10-09 13:55:37.742 [info] [getSessions] [all] starting
2025-10-09 13:55:37.742 [info] [getSessions] [all] returned 0 session(s)
2025-10-09 13:55:37.742 [info] [getSessions] [all] starting
2025-10-09 13:55:37.742 [info] [getSessions] [all] returned 0 session(s)
2025-10-09 13:55:37.742 [info] [getSessions] [all] starting
2025-10-09 13:55:37.742 [info] [getSessions] [all] returned 0 session(s)
2025-10-09 13:55:37.743 [info] [getSessions] [all] starting
2025-10-09 13:55:37.743 [info] [getSessions] [all] returned 0 session(s)
2025-10-09 13:55:37.751 [info] [getSessions] [499b84ac-1321-427f-aa17-267ca6975798/.default offline_access] starting
2025-10-09 13:55:37.751 [info] [aebc6443-996d-45c2-90f0-388ff96faa56] Native Broker is only available on Windows
2025-10-09 13:55:37.947 [info] [getSessions] [499b84ac-1321-427f-aa17-267ca6975798/.default offline_access] returned 0 session(s)
2025-10-09 13:55:38.748 [info] [getSessions] [all] starting
2025-10-09 13:55:38.748 [info] [getSessions] [all] returned 0 session(s)
2025-10-09 13:55:39.128 [info] [getSessions] [499b84ac-1321-427f-aa17-267ca6975798/.default offline_access] starting
2025-10-09 13:55:39.129 [info] [getSessions] [499b84ac-1321-427f-aa17-267ca6975798/.default offline_access] returned 0 session(s)
2025-10-09 13:55:45.356 [info] [getSessions] [all] starting
2025-10-09 13:55:45.356 [info] [getSessions] [all] returned 0 session(s)
2025-10-09 14:16:56.582 [info] [getSessions] [499b84ac-1321-427f-aa17-267ca6975798/.default offline_access] starting
2025-10-09 14:16:56.582 [info] [getSessions] [499b84ac-1321-427f-aa17-267ca6975798/.default offline_access] returned 0 session(s)
