2025-10-09 13:49:59.571 [info] Reading sessions from keychain...
2025-10-09 13:49:59.572 [info] Getting sessions for all scopes...
2025-10-09 13:49:59.572 [info] Got stored sessions!
2025-10-09 13:49:59.572 [info] Got 1 verified sessions.
2025-10-09 13:49:59.572 [info] Got 1 sessions for ...
2025-10-09 13:49:59.572 [info] Getting sessions for all scopes...
2025-10-09 13:49:59.572 [info] Got 1 sessions for ...
2025-10-09 13:49:59.572 [info] Getting sessions for all scopes...
2025-10-09 13:49:59.572 [info] Got 1 sessions for ...
2025-10-09 13:49:59.572 [info] Getting sessions for all scopes...
2025-10-09 13:49:59.572 [info] Got 1 sessions for ...
2025-10-09 13:49:59.572 [info] Getting sessions for all scopes...
2025-10-09 13:49:59.572 [info] Got 1 sessions for ...
2025-10-09 13:49:59.572 [info] Getting sessions for all scopes...
2025-10-09 13:49:59.572 [info] Got 1 sessions for ...
2025-10-09 13:49:59.572 [info] Getting sessions for all scopes...
2025-10-09 13:49:59.572 [info] Got 1 sessions for ...
2025-10-09 13:49:59.572 [info] Getting sessions for all scopes...
2025-10-09 13:49:59.572 [info] Got 1 sessions for ...
2025-10-09 13:49:59.572 [info] Getting sessions for all scopes...
2025-10-09 13:49:59.572 [info] Got 1 sessions for ...
2025-10-09 13:49:59.572 [info] Getting sessions for all scopes...
2025-10-09 13:49:59.572 [info] Got 1 sessions for ...
2025-10-09 13:49:59.572 [info] Getting sessions for all scopes...
2025-10-09 13:49:59.572 [info] Got 1 sessions for ...
2025-10-09 13:49:59.572 [info] Getting sessions for all scopes...
2025-10-09 13:49:59.572 [info] Got 1 sessions for ...
2025-10-09 13:49:59.572 [info] Getting sessions for all scopes...
2025-10-09 13:49:59.572 [info] Got 1 sessions for ...
2025-10-09 13:49:59.572 [info] Getting sessions for all scopes...
2025-10-09 13:49:59.572 [info] Got 1 sessions for ...
2025-10-09 13:50:00.404 [info] fetching: Electron fetch failed with status: 429 
2025-10-09 13:50:05.139 [info] Getting sessions for user:email...
2025-10-09 13:50:05.139 [info] Got 1 sessions for user:email...
2025-10-09 13:50:05.157 [info] Getting sessions for all scopes...
2025-10-09 13:50:05.157 [info] Got 1 sessions for ...
2025-10-09 13:50:05.181 [info] Getting sessions for all scopes...
2025-10-09 13:50:05.181 [info] Got 1 sessions for ...
2025-10-09 13:50:05.182 [info] Getting sessions for all scopes...
2025-10-09 13:50:05.182 [info] Got 1 sessions for ...
2025-10-09 13:50:05.183 [info] Getting sessions for all scopes...
2025-10-09 13:50:05.183 [info] Got 1 sessions for ...
2025-10-09 13:50:05.735 [info] Getting sessions for all scopes...
2025-10-09 13:50:05.736 [info] Got 1 sessions for ...
2025-10-09 13:50:05.736 [info] Getting sessions for all scopes...
2025-10-09 13:50:05.736 [info] Got 1 sessions for ...
2025-10-09 13:50:06.144 [info] Getting sessions for read:user,repo,user:email,workflow...
2025-10-09 13:50:06.144 [info] Got 0 sessions for read:user,repo,user:email,workflow...
2025-10-09 13:50:06.759 [info] Getting sessions for all scopes...
2025-10-09 13:50:06.759 [info] Got 1 sessions for ...
2025-10-09 13:50:06.763 [info] Getting sessions for all scopes...
2025-10-09 13:50:06.763 [info] Got 1 sessions for ...
2025-10-09 13:50:06.769 [info] Getting sessions for read:user,repo,user:email,workflow...
2025-10-09 13:50:06.769 [info] Got 0 sessions for read:user,repo,user:email,workflow...
2025-10-09 13:50:06.780 [info] Getting sessions for user:email...
2025-10-09 13:50:06.780 [info] Got 1 sessions for user:email...
2025-10-09 13:50:06.780 [info] Getting sessions for read:user,repo,user:email,workflow...
2025-10-09 13:50:06.780 [info] Got 0 sessions for read:user,repo,user:email,workflow...
2025-10-09 13:50:06.823 [info] Getting sessions for read:user...
2025-10-09 13:50:06.823 [info] Got 0 sessions for read:user...
2025-10-09 13:50:06.831 [info] Getting sessions for all scopes...
2025-10-09 13:50:06.831 [info] Got 1 sessions for ...
2025-10-09 13:50:06.832 [info] Getting sessions for user:email...
2025-10-09 13:50:06.832 [info] Got 1 sessions for user:email...
2025-10-09 13:50:07.594 [info] Getting sessions for user:email...
2025-10-09 13:50:07.594 [info] Got 1 sessions for user:email...
2025-10-09 13:50:07.602 [info] fetching: Node fetch failed with status: 429 Too Many Requests
2025-10-09 13:50:07.662 [info] Getting sessions for all scopes...
2025-10-09 13:50:07.662 [info] Got 1 sessions for ...
2025-10-09 13:50:07.666 [info] Getting sessions for read:user,repo,user:email,workflow...
2025-10-09 13:50:07.666 [info] Got 0 sessions for read:user,repo,user:email,workflow...
2025-10-09 13:50:07.915 [info] Getting sessions for user:email...
2025-10-09 13:50:07.915 [info] Got 1 sessions for user:email...
2025-10-09 13:50:07.993 [info] Getting sessions for all scopes...
2025-10-09 13:50:07.993 [info] Got 1 sessions for ...
2025-10-09 13:50:07.994 [info] Getting sessions for all scopes...
2025-10-09 13:50:07.994 [info] Got 1 sessions for ...
2025-10-09 13:50:07.996 [info] Getting sessions for read:user,repo,user:email,workflow...
2025-10-09 13:50:07.996 [info] Got 0 sessions for read:user,repo,user:email,workflow...
2025-10-09 13:50:07.997 [info] Getting sessions for user:email...
2025-10-09 13:50:07.998 [info] Got 1 sessions for user:email...
2025-10-09 13:50:08.968 [info] fetching: Node http/s failed with status: 429 Too Many Requests
2025-10-09 13:50:09.150 [info] Getting sessions for all scopes...
2025-10-09 13:50:09.150 [info] Got 1 sessions for ...
2025-10-09 13:50:09.151 [info] Getting sessions for all scopes...
2025-10-09 13:50:09.151 [info] Got 1 sessions for ...
2025-10-09 13:50:09.163 [info] Getting sessions for read:user,repo,user:email,workflow...
2025-10-09 13:50:09.163 [info] Got 0 sessions for read:user,repo,user:email,workflow...
2025-10-09 13:50:09.164 [info] Getting sessions for user:email...
2025-10-09 13:50:09.164 [info] Got 1 sessions for user:email...
2025-10-09 13:50:09.164 [info] Getting sessions for read:user,repo,user:email,workflow...
2025-10-09 13:50:09.164 [info] Got 0 sessions for read:user,repo,user:email,workflow...
2025-10-09 13:50:09.165 [info] Getting sessions for all scopes...
2025-10-09 13:50:09.165 [info] Got 1 sessions for ...
2025-10-09 13:50:09.166 [info] Getting sessions for read:user,repo,user:email,workflow...
2025-10-09 13:50:09.166 [info] Got 0 sessions for read:user,repo,user:email,workflow...
2025-10-09 13:50:09.167 [info] Getting sessions for user:email...
2025-10-09 13:50:09.167 [info] Got 1 sessions for user:email...
2025-10-09 13:50:09.530 [info] Getting sessions for all scopes...
2025-10-09 13:50:09.530 [info] Got 1 sessions for ...
2025-10-09 13:50:09.749 [info] Getting sessions for read:user,repo,user:email,workflow...
2025-10-09 13:50:09.749 [info] Got 0 sessions for read:user,repo,user:email,workflow...
2025-10-09 13:50:09.764 [info] Getting sessions for user:email...
2025-10-09 13:50:09.764 [info] Got 1 sessions for user:email...
2025-10-09 13:50:09.785 [info] Getting sessions for all scopes...
2025-10-09 13:50:09.785 [info] Got 1 sessions for ...
2025-10-09 13:50:09.794 [info] Getting sessions for all scopes...
2025-10-09 13:50:09.794 [info] Got 1 sessions for ...
2025-10-09 13:50:09.794 [info] Getting sessions for read:user,repo,user:email,workflow...
2025-10-09 13:50:09.794 [info] Got 0 sessions for read:user,repo,user:email,workflow...
2025-10-09 13:50:09.795 [info] Getting sessions for user:email...
2025-10-09 13:50:09.795 [info] Got 1 sessions for user:email...
2025-10-09 13:50:09.796 [info] Getting sessions for read:user,repo,user:email,workflow...
2025-10-09 13:50:09.796 [info] Got 0 sessions for read:user,repo,user:email,workflow...
2025-10-09 13:50:09.798 [info] Getting sessions for all scopes...
2025-10-09 13:50:09.798 [info] Got 1 sessions for ...
2025-10-09 13:50:09.802 [info] Getting sessions for read:user,repo,user:email,workflow...
2025-10-09 13:50:09.802 [info] Got 0 sessions for read:user,repo,user:email,workflow...
2025-10-09 13:50:09.806 [info] Getting sessions for user:email...
2025-10-09 13:50:09.806 [info] Got 1 sessions for user:email...
2025-10-09 13:50:10.379 [info] Getting sessions for all scopes...
2025-10-09 13:50:10.379 [info] Got 1 sessions for ...
2025-10-09 13:50:10.380 [info] Getting sessions for read:user,repo,user:email,workflow...
2025-10-09 13:50:10.380 [info] Got 0 sessions for read:user,repo,user:email,workflow...
2025-10-09 13:50:10.411 [info] Getting sessions for user:email...
2025-10-09 13:50:10.411 [info] Got 1 sessions for user:email...
2025-10-09 13:50:10.412 [info] Getting sessions for all scopes...
2025-10-09 13:50:10.412 [info] Got 1 sessions for ...
2025-10-09 13:50:10.413 [info] Getting sessions for read:user,repo,user:email,workflow...
2025-10-09 13:50:10.413 [info] Got 0 sessions for read:user,repo,user:email,workflow...
2025-10-09 13:50:10.414 [info] Getting sessions for user:email...
2025-10-09 13:50:10.414 [info] Got 1 sessions for user:email...
2025-10-09 13:50:10.422 [info] Getting sessions for all scopes...
2025-10-09 13:50:10.422 [info] Got 1 sessions for ...
2025-10-09 13:50:10.425 [info] Getting sessions for read:user,repo,user:email,workflow...
2025-10-09 13:50:10.425 [info] Got 0 sessions for read:user,repo,user:email,workflow...
2025-10-09 13:50:10.426 [info] Getting sessions for user:email...
2025-10-09 13:50:10.426 [info] Got 1 sessions for user:email...
2025-10-09 13:50:10.428 [info] Getting sessions for all scopes...
2025-10-09 13:50:10.428 [info] Got 1 sessions for ...
2025-10-09 13:50:10.429 [info] Getting sessions for read:user,repo,user:email,workflow...
2025-10-09 13:50:10.429 [info] Got 0 sessions for read:user,repo,user:email,workflow...
2025-10-09 13:50:10.430 [info] Getting sessions for user:email...
2025-10-09 13:50:10.430 [info] Got 1 sessions for user:email...
2025-10-09 13:50:10.891 [info] Getting sessions for all scopes...
2025-10-09 13:50:10.891 [info] Got 1 sessions for ...
2025-10-09 13:50:10.919 [info] Getting sessions for read:user,repo,user:email,workflow...
2025-10-09 13:50:10.919 [info] Got 0 sessions for read:user,repo,user:email,workflow...
2025-10-09 13:50:10.955 [info] Getting sessions for user:email...
2025-10-09 13:50:10.955 [info] Got 1 sessions for user:email...
2025-10-09 13:50:10.960 [info] Getting sessions for all scopes...
2025-10-09 13:50:10.960 [info] Got 1 sessions for ...
2025-10-09 13:50:10.991 [info] Getting sessions for read:user,repo,user:email,workflow...
2025-10-09 13:50:10.991 [info] Got 0 sessions for read:user,repo,user:email,workflow...
2025-10-09 13:50:10.994 [info] Getting sessions for user:email...
2025-10-09 13:50:10.994 [info] Got 1 sessions for user:email...
2025-10-09 13:50:13.063 [info] Getting sessions for all scopes...
2025-10-09 13:50:13.063 [info] Got 1 sessions for ...
