2025-10-09 13:49:54.429 [info] Reading sessions from keychain...
2025-10-09 13:49:54.429 [info] Getting sessions for all scopes...
2025-10-09 13:49:54.813 [info] Got stored sessions!
2025-10-09 13:49:54.813 [info] Got 1 verified sessions.
2025-10-09 13:49:54.813 [info] Got 1 sessions for ...
2025-10-09 13:49:54.813 [info] Getting sessions for all scopes...
2025-10-09 13:49:54.813 [info] Got 1 sessions for ...
2025-10-09 13:49:54.813 [info] Getting sessions for all scopes...
2025-10-09 13:49:54.813 [info] Got 1 sessions for ...
2025-10-09 13:49:54.814 [info] Getting sessions for all scopes...
2025-10-09 13:49:54.814 [info] Got 1 sessions for ...
2025-10-09 13:49:54.814 [info] Getting sessions for all scopes...
2025-10-09 13:49:54.814 [info] Got 1 sessions for ...
2025-10-09 13:49:54.814 [info] Getting sessions for all scopes...
2025-10-09 13:49:54.814 [info] Got 1 sessions for ...
2025-10-09 13:49:54.814 [info] Getting sessions for all scopes...
2025-10-09 13:49:54.814 [info] Got 1 sessions for ...
2025-10-09 13:49:54.814 [info] Getting sessions for user:email...
2025-10-09 13:49:54.814 [info] Got 1 sessions for user:email...
2025-10-09 13:49:54.814 [info] Getting sessions for all scopes...
2025-10-09 13:49:54.814 [info] Got 1 sessions for ...
2025-10-09 13:49:54.814 [info] Getting sessions for all scopes...
2025-10-09 13:49:54.814 [info] Got 1 sessions for ...
2025-10-09 13:49:54.815 [info] Getting sessions for all scopes...
2025-10-09 13:49:54.815 [info] Got 1 sessions for ...
2025-10-09 13:49:54.815 [info] Getting sessions for all scopes...
2025-10-09 13:49:54.815 [info] Got 1 sessions for ...
2025-10-09 13:49:54.815 [info] Getting sessions for all scopes...
2025-10-09 13:49:54.815 [info] Got 1 sessions for ...
2025-10-09 13:49:55.409 [info] Getting sessions for all scopes...
2025-10-09 13:49:55.410 [info] Got 1 sessions for ...
2025-10-09 13:49:55.411 [info] Getting sessions for all scopes...
2025-10-09 13:49:55.411 [info] Got 1 sessions for ...
2025-10-09 13:49:55.411 [info] Getting sessions for all scopes...
2025-10-09 13:49:55.411 [info] Got 1 sessions for ...
2025-10-09 13:49:55.411 [info] Getting sessions for all scopes...
2025-10-09 13:49:55.411 [info] Got 1 sessions for ...
2025-10-09 13:49:55.411 [info] Getting sessions for all scopes...
2025-10-09 13:49:55.411 [info] Got 1 sessions for ...
2025-10-09 13:49:55.412 [info] Getting sessions for all scopes...
2025-10-09 13:49:55.412 [info] Got 1 sessions for ...
2025-10-09 13:50:03.045 [info] fetching: Electron fetch failed with status: 429 
2025-10-09 13:50:03.106 [info] fetching: Node fetch failed with error: Canceled
