2025-10-09 13:55:30.640 [info] Starting Python Locator /home/avinas/.vscode/extensions/ms-python.python-2025.14.0-linux-x64/python-env-tools/bin/pet server
2025-10-09 13:55:30.640 [info] Discovered env: /home/avinas/code/.venv/bin/python
2025-10-09 13:55:30.640 [info] Discovered env: /bin/python
2025-10-09 13:55:30.640 [info] Discovered env: /usr/bin/python
2025-10-09 13:55:30.640 [info] Env ("/usr/sbin/python") in Path resolved as ResolvedPythonEnv { executable: "/usr/sbin/python", prefix: "/usr", version: "3.13.7.final.0", is64_bit: true, symlinks: Some(["/usr/sbin/python"]) } and reported as Some(GlobalPaths)
2025-10-09 13:55:30.640 [info] Discovered env: /usr/sbin/python
2025-10-09 13:55:30.640 [info] Env ("/sbin/python") in Path resolved as ResolvedPythonEnv { executable: "/sbin/python", prefix: "/usr", version: "3.13.7.final.0", is64_bit: true, symlinks: Some(["/sbin/python"]) } and reported as Some(GlobalPaths)
2025-10-09 13:55:30.640 [info] Discovered env: /sbin/python
2025-10-09 13:55:30.640 [info] Env ("/usr/sbin/python3") in Path resolved as ResolvedPythonEnv { executable: "/usr/sbin/python3", prefix: "/usr", version: "3.13.7.final.0", is64_bit: true, symlinks: Some(["/usr/sbin/python3"]) } and reported as Some(GlobalPaths)
2025-10-09 13:55:30.640 [info] Discovered env: /usr/sbin/python3
2025-10-09 13:55:30.640 [info] Env ("/usr/sbin/python3.13") in Path resolved as ResolvedPythonEnv { executable: "/usr/sbin/python3.13", prefix: "/usr", version: "3.13.7.final.0", is64_bit: true, symlinks: Some(["/usr/sbin/python3.13"]) } and reported as Some(GlobalPaths)
2025-10-09 13:55:30.640 [info] Discovered env: /usr/sbin/python3.13
2025-10-09 13:55:30.640 [info] Env ("/sbin/python3") in Path resolved as ResolvedPythonEnv { executable: "/sbin/python3", prefix: "/usr", version: "3.13.7.final.0", is64_bit: true, symlinks: Some(["/sbin/python3"]) } and reported as Some(GlobalPaths)
2025-10-09 13:55:30.640 [info] Discovered env: /sbin/python3
2025-10-09 13:55:30.640 [info] Env ("/sbin/python3.13") in Path resolved as ResolvedPythonEnv { executable: "/sbin/python3.13", prefix: "/usr", version: "3.13.7.final.0", is64_bit: true, symlinks: Some(["/sbin/python3.13"]) } and reported as Some(GlobalPaths)
2025-10-09 13:55:30.640 [info] Discovered env: /sbin/python3.13
2025-10-09 13:55:30.640 [info] Locator Conda took 281.059847ms
2025-10-09 13:55:30.640 [info] Locator Homebrew took 109.603µs
2025-10-09 13:55:30.640 [info] Locator LinuxGlobal took 379.259307ms
2025-10-09 13:55:30.640 [info] Locator PipEnv took 413.346µs
2025-10-09 13:55:30.640 [info] Locator Pixi took 173.754µs
2025-10-09 13:55:30.640 [info] Locator Poetry took 9.243905ms
2025-10-09 13:55:30.640 [info] Locator PyEnv took 152.878µs
2025-10-09 13:55:30.640 [info] Locator Venv took 4.869805ms
2025-10-09 13:55:30.640 [info] Locator VirtualEnv took 3.639824ms
2025-10-09 13:55:30.640 [info] Locator VirtualEnvWrapper took 2.04289ms
2025-10-09 13:55:30.640 [info] Locator GlobalVirtualEnvs took 7.934487ms
2025-10-09 13:55:30.640 [info] Locator Locators took 389.754261ms
2025-10-09 13:55:30.640 [info] Locator Path took 565.264897ms
2025-10-09 13:55:30.640 [info] Locator Workspaces took 86.50358ms
2025-10-09 13:55:30.640 [info] Refresh completed in 566ms
2025-10-09 13:55:31.073 [info] Resolved Python Environment /usr/bin/python
2025-10-09 13:55:31.085 [info] Resolved Python Environment /home/avinas/code/.venv/bin/python
2025-10-09 13:55:37.949 [info] Discovered env: /home/avinas/code/.venv/bin/python
2025-10-09 13:55:37.953 [info] Discovered env: /bin/python
2025-10-09 13:55:37.956 [info] Env ("/sbin/python") in Path resolved as ResolvedPythonEnv { executable: "/sbin/python", prefix: "/usr", version: "3.13.7.final.0", is64_bit: true, symlinks: Some(["/sbin/python"]) } and reported as Some(GlobalPaths)
2025-10-09 13:55:37.957 [info] Discovered env: /sbin/python
2025-10-09 13:55:37.959 [info] Discovered env: /usr/bin/python
2025-10-09 13:55:37.959 [info] Env ("/usr/sbin/python") in Path resolved as ResolvedPythonEnv { executable: "/usr/sbin/python", prefix: "/usr", version: "3.13.7.final.0", is64_bit: true, symlinks: Some(["/usr/sbin/python"]) } and reported as Some(GlobalPaths)
2025-10-09 13:55:37.960 [info] Discovered env: /usr/sbin/python
2025-10-09 13:55:37.961 [info] Env ("/sbin/python3") in Path resolved as ResolvedPythonEnv { executable: "/sbin/python3", prefix: "/usr", version: "3.13.7.final.0", is64_bit: true, symlinks: Some(["/sbin/python3"]) } and reported as Some(GlobalPaths)
2025-10-09 13:55:37.966 [info] Discovered env: /sbin/python3
2025-10-09 13:55:37.966 [info] Env ("/usr/sbin/python3") in Path resolved as ResolvedPythonEnv { executable: "/usr/sbin/python3", prefix: "/usr", version: "3.13.7.final.0", is64_bit: true, symlinks: Some(["/usr/sbin/python3"]) } and reported as Some(GlobalPaths)
2025-10-09 13:55:37.966 [info] Discovered env: /usr/sbin/python3
2025-10-09 13:55:37.967 [info] Env ("/sbin/python3.13") in Path resolved as ResolvedPythonEnv { executable: "/sbin/python3.13", prefix: "/usr", version: "3.13.7.final.0", is64_bit: true, symlinks: Some(["/sbin/python3.13"]) } and reported as Some(GlobalPaths)
2025-10-09 13:55:37.967 [info] Discovered env: /sbin/python3.13
2025-10-09 13:55:37.967 [info] Env ("/usr/sbin/python3.13") in Path resolved as ResolvedPythonEnv { executable: "/usr/sbin/python3.13", prefix: "/usr", version: "3.13.7.final.0", is64_bit: true, symlinks: Some(["/usr/sbin/python3.13"]) } and reported as Some(GlobalPaths)
2025-10-09 13:55:37.967 [info] Discovered env: /usr/sbin/python3.13
2025-10-09 13:55:37.967 [info] Locator Conda took 312.798581ms
2025-10-09 13:55:37.967 [info] Locator Homebrew took 161.749µs
2025-10-09 13:55:37.967 [info] Locator LinuxGlobal took 280.373529ms
2025-10-09 13:55:37.967 [info] Locator PipEnv took 37.436µs
2025-10-09 13:55:37.967 [info] Locator Pixi took 28.379µs
2025-10-09 13:55:37.968 [info] Locator Poetry took 237.57µs
2025-10-09 13:55:37.968 [info] Locator PyEnv took 137.918µs
2025-10-09 13:55:37.968 [info] Locator Venv took 33.675µs
2025-10-09 13:55:37.968 [info] Locator VirtualEnv took 30.282µs
2025-10-09 13:55:37.968 [info] Locator VirtualEnvWrapper took 23.187µs
2025-10-09 13:55:37.968 [info] Locator GlobalVirtualEnvs took 85.594µs
2025-10-09 13:55:37.969 [info] Locator Locators took 317.764553ms
2025-10-09 13:55:37.969 [info] Locator Path took 4.83945028s
2025-10-09 13:55:37.969 [info] Locator Workspaces took 53.097013ms
2025-10-09 13:55:37.969 [info] Refresh completed in 4840ms
2025-10-09 13:55:37.972 [info] Resolved Python Environment /bin/python
2025-10-09 13:59:14.158 [info] Resolved Python Environment /bin/python
2025-10-09 13:59:14.161 [info] Resolved Python Environment /home/avinas/code/.venv/bin/python
2025-10-09 14:02:25.856 [warning] Cache directory has already been set to "/home/avinas/.config/Code/User/globalStorage/ms-python.python/pythonLocator". Cannot change it now.
2025-10-09 14:02:25.867 [info] Resolved Python Environment /home/avinas/code/.venv/bin/python
2025-10-09 14:02:26.179 [info] Resolved Python Environment /bin/python
2025-10-09 14:06:31.336 [info] Resolved Python Environment /home/avinas/code/.venv/bin/python
2025-10-09 14:06:44.836 [info] Resolved Python Environment /bin/python
2025-10-09 14:08:05.298 [info] Resolved Python Environment /bin/python
2025-10-09 14:10:30.894 [info] Resolved Python Environment /home/avinas/code/.venv/bin/python
2025-10-09 14:10:35.027 [info] Resolved Python Environment /bin/python
2025-10-09 14:11:22.518 [info] Resolved Python Environment /bin/python
2025-10-09 14:11:54.029 [info] Resolved Python Environment /bin/python
2025-10-09 14:14:02.969 [info] Resolved Python Environment /bin/python
2025-10-09 14:17:53.128 [info] Resolved Python Environment /bin/python
2025-10-09 14:18:30.968 [info] Resolved Python Environment /bin/python
2025-10-09 14:21:13.122 [info] Resolved Python Environment /bin/python
2025-10-09 14:26:30.879 [info] Resolved Python Environment /bin/python
2025-10-09 14:27:06.102 [info] Resolved Python Environment /home/avinas/code/.venv/bin/python
2025-10-09 14:27:14.762 [info] Resolved Python Environment /bin/python
2025-10-09 14:30:08.340 [info] Resolved Python Environment /bin/python
