2025-10-08 23:43:06.673 [info] Reading sessions from keychain...
2025-10-08 23:43:06.673 [info] Got stored sessions!
2025-10-08 23:43:06.673 [info] Got 1 verified sessions.
2025-10-08 23:43:06.673 [info] Getting sessions for all scopes...
2025-10-08 23:43:06.673 [info] Got 1 sessions for ...
2025-10-08 23:43:06.673 [info] Getting sessions for all scopes...
2025-10-08 23:43:06.673 [info] Got 1 sessions for ...
2025-10-08 23:43:06.673 [info] Getting sessions for all scopes...
2025-10-08 23:43:06.673 [info] Got 1 sessions for ...
2025-10-08 23:43:06.673 [info] Getting sessions for all scopes...
2025-10-08 23:43:06.673 [info] Got 1 sessions for ...
2025-10-08 23:43:06.688 [info] Getting sessions for all scopes...
2025-10-08 23:43:06.688 [info] Got 1 sessions for ...
2025-10-08 23:43:06.689 [info] Getting sessions for all scopes...
2025-10-08 23:43:06.689 [info] Got 1 sessions for ...
2025-10-08 23:43:06.689 [info] Getting sessions for all scopes...
2025-10-08 23:43:06.689 [info] Got 1 sessions for ...
2025-10-08 23:43:06.689 [info] Getting sessions for all scopes...
2025-10-08 23:43:06.689 [info] Got 1 sessions for ...
2025-10-08 23:43:06.689 [info] Getting sessions for all scopes...
2025-10-08 23:43:06.689 [info] Got 1 sessions for ...
2025-10-08 23:43:06.693 [info] Getting sessions for all scopes...
2025-10-08 23:43:06.693 [info] Got 1 sessions for ...
2025-10-08 23:43:06.694 [info] Getting sessions for all scopes...
2025-10-08 23:43:06.694 [info] Got 1 sessions for ...
2025-10-08 23:43:06.695 [info] Getting sessions for all scopes...
2025-10-08 23:43:06.695 [info] Got 1 sessions for ...
2025-10-08 23:43:06.695 [info] Getting sessions for all scopes...
2025-10-08 23:43:06.695 [info] Got 1 sessions for ...
2025-10-08 23:43:06.695 [info] Getting sessions for all scopes...
2025-10-08 23:43:06.695 [info] Got 1 sessions for ...
2025-10-08 23:43:06.695 [info] Getting sessions for all scopes...
2025-10-08 23:43:06.695 [info] Got 1 sessions for ...
2025-10-08 23:43:08.592 [info] Getting sessions for user:email...
2025-10-08 23:43:08.593 [info] Got 1 sessions for user:email...
2025-10-08 23:43:08.599 [info] Getting sessions for all scopes...
2025-10-08 23:43:08.599 [info] Got 1 sessions for ...
2025-10-08 23:43:08.686 [info] Getting sessions for all scopes...
2025-10-08 23:43:08.686 [info] Got 1 sessions for ...
2025-10-08 23:43:08.687 [info] Getting sessions for all scopes...
2025-10-08 23:43:08.687 [info] Got 1 sessions for ...
2025-10-08 23:43:08.688 [info] Getting sessions for all scopes...
2025-10-08 23:43:08.688 [info] Got 1 sessions for ...
2025-10-08 23:43:08.737 [info] Getting sessions for all scopes...
2025-10-08 23:43:08.737 [info] Got 1 sessions for ...
2025-10-08 23:43:08.737 [info] Getting sessions for all scopes...
2025-10-08 23:43:08.737 [info] Got 1 sessions for ...
2025-10-08 23:43:11.340 [info] fetching: Electron fetch failed with status: 429 
2025-10-08 23:43:11.465 [info] Getting sessions for read:user,repo,user:email,workflow...
2025-10-08 23:43:11.465 [info] Got 0 sessions for read:user,repo,user:email,workflow...
2025-10-08 23:43:11.796 [info] Getting sessions for user:email...
2025-10-08 23:43:11.796 [info] Got 1 sessions for user:email...
2025-10-08 23:43:11.796 [info] Getting sessions for read:user,repo,user:email,workflow...
2025-10-08 23:43:11.796 [info] Got 0 sessions for read:user,repo,user:email,workflow...
2025-10-08 23:43:12.232 [info] Getting sessions for all scopes...
2025-10-08 23:43:12.232 [info] Got 1 sessions for ...
2025-10-08 23:43:12.239 [info] Getting sessions for all scopes...
2025-10-08 23:43:12.239 [info] Got 1 sessions for ...
2025-10-08 23:43:12.239 [info] Getting sessions for read:user,repo,user:email,workflow...
2025-10-08 23:43:12.239 [info] Got 0 sessions for read:user,repo,user:email,workflow...
2025-10-08 23:43:12.240 [info] Getting sessions for all scopes...
2025-10-08 23:43:12.240 [info] Got 1 sessions for ...
2025-10-08 23:43:12.241 [info] Getting sessions for user:email...
2025-10-08 23:43:12.241 [info] Got 1 sessions for user:email...
2025-10-08 23:43:12.244 [info] Getting sessions for all scopes...
2025-10-08 23:43:12.244 [info] Got 1 sessions for ...
2025-10-08 23:43:12.247 [info] Getting sessions for read:user...
2025-10-08 23:43:12.247 [info] Got 0 sessions for read:user...
2025-10-08 23:43:12.248 [info] Getting sessions for read:user,repo,user:email,workflow...
2025-10-08 23:43:12.248 [info] Got 0 sessions for read:user,repo,user:email,workflow...
2025-10-08 23:43:12.251 [info] Getting sessions for user:email...
2025-10-08 23:43:12.251 [info] Got 1 sessions for user:email...
2025-10-08 23:43:12.251 [info] Getting sessions for user:email...
2025-10-08 23:43:12.251 [info] Got 1 sessions for user:email...
2025-10-08 23:43:12.255 [info] Getting sessions for all scopes...
2025-10-08 23:43:12.255 [info] Got 1 sessions for ...
2025-10-08 23:43:12.257 [info] Getting sessions for read:user,repo,user:email,workflow...
2025-10-08 23:43:12.257 [info] Got 0 sessions for read:user,repo,user:email,workflow...
2025-10-08 23:43:12.258 [info] Getting sessions for user:email...
2025-10-08 23:43:12.258 [info] Got 1 sessions for user:email...
2025-10-08 23:43:12.924 [info] fetching: Node fetch failed with status: 429 Too Many Requests
2025-10-08 23:43:12.941 [info] Getting sessions for all scopes...
2025-10-08 23:43:12.941 [info] Got 1 sessions for ...
2025-10-08 23:43:12.941 [info] Getting sessions for all scopes...
2025-10-08 23:43:12.941 [info] Got 1 sessions for ...
2025-10-08 23:43:12.954 [info] Getting sessions for read:user,repo,user:email,workflow...
2025-10-08 23:43:12.954 [info] Got 0 sessions for read:user,repo,user:email,workflow...
2025-10-08 23:43:12.955 [info] Getting sessions for user:email...
2025-10-08 23:43:12.955 [info] Got 1 sessions for user:email...
2025-10-08 23:43:12.956 [info] Getting sessions for read:user,repo,user:email,workflow...
2025-10-08 23:43:12.956 [info] Got 0 sessions for read:user,repo,user:email,workflow...
2025-10-08 23:43:12.957 [info] Getting sessions for all scopes...
2025-10-08 23:43:12.957 [info] Got 1 sessions for ...
2025-10-08 23:43:12.958 [info] Getting sessions for read:user,repo,user:email,workflow...
2025-10-08 23:43:12.958 [info] Got 0 sessions for read:user,repo,user:email,workflow...
2025-10-08 23:43:12.959 [info] Getting sessions for user:email...
2025-10-08 23:43:12.959 [info] Got 1 sessions for user:email...
2025-10-08 23:43:13.719 [info] Getting sessions for all scopes...
2025-10-08 23:43:13.719 [info] Got 1 sessions for ...
2025-10-08 23:43:13.719 [info] Getting sessions for all scopes...
2025-10-08 23:43:13.719 [info] Got 1 sessions for ...
2025-10-08 23:43:14.270 [info] Getting sessions for read:user,repo,user:email,workflow...
2025-10-08 23:43:14.270 [info] Got 0 sessions for read:user,repo,user:email,workflow...
2025-10-08 23:43:14.356 [info] Getting sessions for all scopes...
2025-10-08 23:43:14.356 [info] Got 1 sessions for ...
2025-10-08 23:43:14.357 [info] Getting sessions for all scopes...
2025-10-08 23:43:14.357 [info] Got 1 sessions for ...
2025-10-08 23:43:14.358 [info] Getting sessions for all scopes...
2025-10-08 23:43:14.358 [info] Got 1 sessions for ...
2025-10-08 23:43:14.369 [info] Getting sessions for user:email...
2025-10-08 23:43:14.369 [info] Got 1 sessions for user:email...
2025-10-08 23:43:14.370 [info] Getting sessions for read:user,repo,user:email,workflow...
2025-10-08 23:43:14.370 [info] Got 0 sessions for read:user,repo,user:email,workflow...
2025-10-08 23:43:14.377 [info] Getting sessions for all scopes...
2025-10-08 23:43:14.377 [info] Got 1 sessions for ...
2025-10-08 23:43:14.378 [info] Getting sessions for all scopes...
2025-10-08 23:43:14.378 [info] Got 1 sessions for ...
2025-10-08 23:43:14.379 [info] Getting sessions for all scopes...
2025-10-08 23:43:14.379 [info] Got 1 sessions for ...
2025-10-08 23:43:14.382 [info] Getting sessions for read:user,repo,user:email,workflow...
2025-10-08 23:43:14.382 [info] Got 0 sessions for read:user,repo,user:email,workflow...
2025-10-08 23:43:14.383 [info] Getting sessions for user:email...
2025-10-08 23:43:14.383 [info] Got 1 sessions for user:email...
2025-10-08 23:43:14.391 [info] Getting sessions for all scopes...
2025-10-08 23:43:14.391 [info] Got 1 sessions for ...
2025-10-08 23:43:14.393 [info] Getting sessions for read:user,repo,user:email,workflow...
2025-10-08 23:43:14.393 [info] Got 0 sessions for read:user,repo,user:email,workflow...
2025-10-08 23:43:14.395 [info] Getting sessions for user:email...
2025-10-08 23:43:14.395 [info] Got 1 sessions for user:email...
2025-10-08 23:43:14.600 [info] fetching: Node http/s failed with status: 429 Too Many Requests
2025-10-08 23:43:15.660 [info] Getting sessions for all scopes...
2025-10-08 23:43:15.660 [info] Got 1 sessions for ...
