2025-10-08 23:43:12.122 [info] [aebc6443-996d-45c2-90f0-388ff96faa56] Native Broker is only available on Windows
2025-10-08 23:43:12.242 [info] [getSessions] [all] starting
2025-10-08 23:43:12.242 [info] [getSessions] [all] returned 0 session(s)
2025-10-08 23:43:12.242 [info] [getSessions] [all] starting
2025-10-08 23:43:12.242 [info] [getSessions] [all] returned 0 session(s)
2025-10-08 23:43:12.242 [info] [getSessions] [all] starting
2025-10-08 23:43:12.242 [info] [getSessions] [all] returned 0 session(s)
2025-10-08 23:43:12.242 [info] [getSessions] [all] starting
2025-10-08 23:43:12.242 [info] [getSessions] [all] returned 0 session(s)
2025-10-08 23:43:12.245 [info] [getSessions] [499b84ac-1321-427f-aa17-267ca6975798/.default offline_access] starting
2025-10-08 23:43:12.245 [info] [aebc6443-996d-45c2-90f0-388ff96faa56] Native Broker is only available on Windows
2025-10-08 23:43:12.250 [info] [getSessions] [499b84ac-1321-427f-aa17-267ca6975798/.default offline_access] returned 0 session(s)
2025-10-08 23:43:12.941 [info] [getSessions] [499b84ac-1321-427f-aa17-267ca6975798/.default offline_access] starting
2025-10-08 23:43:12.941 [info] [getSessions] [499b84ac-1321-427f-aa17-267ca6975798/.default offline_access] returned 0 session(s)
2025-10-08 23:43:14.356 [info] [getSessions] [all] starting
2025-10-08 23:43:14.356 [info] [getSessions] [all] returned 0 session(s)
2025-10-08 23:43:14.357 [info] [getSessions] [all] starting
2025-10-08 23:43:14.357 [info] [getSessions] [all] returned 0 session(s)
2025-10-08 23:43:14.358 [info] [getSessions] [all] starting
2025-10-08 23:43:14.358 [info] [getSessions] [all] returned 0 session(s)
2025-10-08 23:43:15.662 [info] [getSessions] [all] starting
2025-10-08 23:43:15.662 [info] [getSessions] [all] returned 0 session(s)
