2025-10-08 21:05:38.649 [info] Reading sessions from keychain...
2025-10-08 21:05:38.649 [info] Getting sessions for all scopes...
2025-10-08 21:05:38.649 [info] Got stored sessions!
2025-10-08 21:05:38.649 [info] Got 1 verified sessions.
2025-10-08 21:05:38.649 [info] Got 1 sessions for ...
2025-10-08 21:05:38.649 [info] Getting sessions for all scopes...
2025-10-08 21:05:38.649 [info] Got 1 sessions for ...
2025-10-08 21:05:38.649 [info] Getting sessions for all scopes...
2025-10-08 21:05:38.649 [info] Got 1 sessions for ...
2025-10-08 21:05:38.649 [info] Getting sessions for all scopes...
2025-10-08 21:05:38.649 [info] Got 1 sessions for ...
2025-10-08 21:05:38.649 [info] Getting sessions for user:email...
2025-10-08 21:05:38.649 [info] Got 1 sessions for user:email...
2025-10-08 21:05:38.649 [info] Getting sessions for all scopes...
2025-10-08 21:05:38.649 [info] Got 1 sessions for ...
2025-10-08 21:05:38.649 [info] Getting sessions for all scopes...
2025-10-08 21:05:38.649 [info] Got 1 sessions for ...
2025-10-08 21:05:38.649 [info] Getting sessions for all scopes...
2025-10-08 21:05:38.649 [info] Got 1 sessions for ...
2025-10-08 21:05:38.649 [info] Getting sessions for all scopes...
2025-10-08 21:05:38.649 [info] Got 1 sessions for ...
2025-10-08 21:05:38.649 [info] Getting sessions for all scopes...
2025-10-08 21:05:38.649 [info] Got 1 sessions for ...
2025-10-08 21:05:38.649 [info] Getting sessions for all scopes...
2025-10-08 21:05:38.649 [info] Got 1 sessions for ...
2025-10-08 21:05:38.649 [info] Getting sessions for all scopes...
2025-10-08 21:05:38.649 [info] Got 1 sessions for ...
2025-10-08 21:05:38.649 [info] Getting sessions for all scopes...
2025-10-08 21:05:38.649 [info] Got 1 sessions for ...
2025-10-08 21:05:38.649 [info] Getting sessions for all scopes...
2025-10-08 21:05:38.649 [info] Got 1 sessions for ...
2025-10-08 21:05:38.649 [info] Getting sessions for all scopes...
2025-10-08 21:05:38.649 [info] Got 1 sessions for ...
2025-10-08 21:05:38.649 [info] Getting sessions for all scopes...
2025-10-08 21:05:38.649 [info] Got 1 sessions for ...
2025-10-08 21:05:38.649 [info] Getting sessions for all scopes...
2025-10-08 21:05:38.649 [info] Got 1 sessions for ...
2025-10-08 21:05:38.649 [info] Getting sessions for all scopes...
2025-10-08 21:05:38.649 [info] Got 1 sessions for ...
2025-10-08 21:05:38.649 [info] Getting sessions for all scopes...
2025-10-08 21:05:38.649 [info] Got 1 sessions for ...
2025-10-08 21:05:38.649 [info] Getting sessions for all scopes...
2025-10-08 21:05:38.649 [info] Got 1 sessions for ...
2025-10-08 21:05:38.649 [info] Getting sessions for all scopes...
2025-10-08 21:05:38.649 [info] Got 1 sessions for ...
2025-10-08 21:05:38.649 [info] Getting sessions for all scopes...
2025-10-08 21:05:38.649 [info] Got 1 sessions for ...
2025-10-08 21:05:38.649 [info] Getting sessions for read:user,repo,user:email,workflow...
2025-10-08 21:05:38.649 [info] Got 0 sessions for read:user,repo,user:email,workflow...
2025-10-08 21:05:38.689 [info] Getting sessions for user:email...
2025-10-08 21:05:38.689 [info] Got 1 sessions for user:email...
2025-10-08 21:05:38.690 [info] Getting sessions for read:user,repo,user:email,workflow...
2025-10-08 21:05:38.690 [info] Got 0 sessions for read:user,repo,user:email,workflow...
2025-10-08 21:05:38.718 [info] Getting sessions for user:email...
2025-10-08 21:05:38.718 [info] Got 1 sessions for user:email...
2025-10-08 21:05:38.718 [info] Getting sessions for all scopes...
2025-10-08 21:05:38.718 [info] Got 1 sessions for ...
2025-10-08 21:05:38.733 [info] Getting sessions for all scopes...
2025-10-08 21:05:38.733 [info] Got 1 sessions for ...
2025-10-08 21:05:38.734 [info] Getting sessions for read:user,repo,user:email,workflow...
2025-10-08 21:05:38.734 [info] Got 0 sessions for read:user,repo,user:email,workflow...
2025-10-08 21:05:38.740 [info] Getting sessions for user:email...
2025-10-08 21:05:38.740 [info] Got 1 sessions for user:email...
2025-10-08 21:05:38.796 [info] Getting sessions for all scopes...
2025-10-08 21:05:38.796 [info] Got 1 sessions for ...
2025-10-08 21:05:41.373 [info] Getting sessions for read:user,repo,user:email,workflow...
2025-10-08 21:05:41.373 [info] Got 0 sessions for read:user,repo,user:email,workflow...
2025-10-08 21:05:41.429 [info] Getting sessions for all scopes...
2025-10-08 21:05:41.429 [info] Got 1 sessions for ...
2025-10-08 21:05:42.081 [info] Getting sessions for user:email...
2025-10-08 21:05:42.081 [info] Got 1 sessions for user:email...
2025-10-08 21:05:42.084 [info] Getting sessions for all scopes...
2025-10-08 21:05:42.084 [info] Got 1 sessions for ...
2025-10-08 21:05:42.093 [info] Getting sessions for read:user,repo,user:email,workflow...
2025-10-08 21:05:42.093 [info] Got 0 sessions for read:user,repo,user:email,workflow...
2025-10-08 21:05:42.093 [info] Getting sessions for all scopes...
2025-10-08 21:05:42.093 [info] Got 1 sessions for ...
2025-10-08 21:05:42.094 [info] Getting sessions for read:user,repo,user:email,workflow...
2025-10-08 21:05:42.094 [info] Got 0 sessions for read:user,repo,user:email,workflow...
2025-10-08 21:05:42.104 [info] Getting sessions for user:email...
2025-10-08 21:05:42.104 [info] Got 1 sessions for user:email...
2025-10-08 21:05:42.115 [info] Getting sessions for read:user...
2025-10-08 21:05:42.115 [info] Got 0 sessions for read:user...
2025-10-08 21:05:42.136 [info] Getting sessions for user:email...
2025-10-08 21:05:42.136 [info] Got 1 sessions for user:email...
2025-10-08 21:05:42.496 [info] fetching: Electron fetch failed with status: 429 
2025-10-08 21:05:43.332 [info] Getting sessions for all scopes...
2025-10-08 21:05:43.332 [info] Got 1 sessions for ...
2025-10-08 21:05:43.332 [info] Getting sessions for all scopes...
2025-10-08 21:05:43.332 [info] Got 1 sessions for ...
2025-10-08 21:05:43.333 [info] Getting sessions for read:user,repo,user:email,workflow...
2025-10-08 21:05:43.333 [info] Got 0 sessions for read:user,repo,user:email,workflow...
2025-10-08 21:05:43.334 [info] Getting sessions for user:email...
2025-10-08 21:05:43.334 [info] Got 1 sessions for user:email...
2025-10-08 21:05:43.335 [info] Getting sessions for read:user,repo,user:email,workflow...
2025-10-08 21:05:43.335 [info] Got 0 sessions for read:user,repo,user:email,workflow...
2025-10-08 21:05:43.338 [info] Getting sessions for all scopes...
2025-10-08 21:05:43.338 [info] Got 1 sessions for ...
2025-10-08 21:05:43.340 [info] Getting sessions for read:user,repo,user:email,workflow...
2025-10-08 21:05:43.340 [info] Got 0 sessions for read:user,repo,user:email,workflow...
2025-10-08 21:05:43.343 [info] Getting sessions for user:email...
2025-10-08 21:05:43.343 [info] Got 1 sessions for user:email...
2025-10-08 21:05:43.519 [info] Getting sessions for all scopes...
2025-10-08 21:05:43.519 [info] Got 1 sessions for ...
2025-10-08 21:05:43.520 [info] Getting sessions for all scopes...
2025-10-08 21:05:43.520 [info] Got 1 sessions for ...
2025-10-08 21:05:43.523 [info] Getting sessions for read:user,repo,user:email,workflow...
2025-10-08 21:05:43.523 [info] Got 0 sessions for read:user,repo,user:email,workflow...
2025-10-08 21:05:43.531 [info] Getting sessions for user:email...
2025-10-08 21:05:43.531 [info] Got 1 sessions for user:email...
2025-10-08 21:05:43.531 [info] Getting sessions for read:user,repo,user:email,workflow...
2025-10-08 21:05:43.531 [info] Got 0 sessions for read:user,repo,user:email,workflow...
2025-10-08 21:05:43.537 [info] Getting sessions for all scopes...
2025-10-08 21:05:43.537 [info] Got 1 sessions for ...
2025-10-08 21:05:43.541 [info] Getting sessions for all scopes...
2025-10-08 21:05:43.541 [info] Got 1 sessions for ...
2025-10-08 21:05:43.541 [info] Getting sessions for all scopes...
2025-10-08 21:05:43.541 [info] Got 1 sessions for ...
2025-10-08 21:05:43.545 [info] Getting sessions for read:user,repo,user:email,workflow...
2025-10-08 21:05:43.545 [info] Got 0 sessions for read:user,repo,user:email,workflow...
2025-10-08 21:05:43.546 [info] Getting sessions for user:email...
2025-10-08 21:05:43.546 [info] Got 1 sessions for user:email...
2025-10-08 21:05:43.869 [info] fetching: Node fetch failed with status: 429 Too Many Requests
2025-10-08 21:05:45.092 [info] Getting sessions for all scopes...
2025-10-08 21:05:45.092 [info] Got 1 sessions for ...
2025-10-08 21:05:45.094 [info] Getting sessions for read:user,repo,user:email,workflow...
2025-10-08 21:05:45.094 [info] Got 0 sessions for read:user,repo,user:email,workflow...
2025-10-08 21:05:45.095 [info] Getting sessions for user:email...
2025-10-08 21:05:45.095 [info] Got 1 sessions for user:email...
2025-10-08 21:05:45.097 [info] Getting sessions for all scopes...
2025-10-08 21:05:45.097 [info] Got 1 sessions for ...
2025-10-08 21:05:45.099 [info] Getting sessions for read:user,repo,user:email,workflow...
2025-10-08 21:05:45.099 [info] Got 0 sessions for read:user,repo,user:email,workflow...
2025-10-08 21:05:45.100 [info] Getting sessions for user:email...
2025-10-08 21:05:45.100 [info] Got 1 sessions for user:email...
2025-10-08 21:05:45.320 [info] fetching: Node http/s failed with status: 429 Too Many Requests
2025-10-08 21:05:46.133 [info] Getting sessions for all scopes...
2025-10-08 21:05:46.133 [info] Got 1 sessions for ...
2025-10-08 21:06:34.498 [info] Reading sessions from keychain...
2025-10-08 21:06:34.498 [info] Getting sessions for all scopes...
2025-10-08 21:06:34.498 [info] Got stored sessions!
2025-10-08 21:06:34.498 [info] Got 1 verified sessions.
2025-10-08 21:06:34.498 [info] Got 1 sessions for ...
2025-10-08 21:06:34.498 [info] Getting sessions for all scopes...
2025-10-08 21:06:34.498 [info] Got 1 sessions for ...
2025-10-08 21:06:34.498 [info] Getting sessions for all scopes...
2025-10-08 21:06:34.498 [info] Got 1 sessions for ...
2025-10-08 21:06:34.498 [info] Getting sessions for all scopes...
2025-10-08 21:06:34.498 [info] Got 1 sessions for ...
2025-10-08 21:06:34.513 [info] Getting sessions for all scopes...
2025-10-08 21:06:34.513 [info] Got 1 sessions for ...
2025-10-08 21:06:34.513 [info] Getting sessions for all scopes...
2025-10-08 21:06:34.513 [info] Got 1 sessions for ...
2025-10-08 21:06:34.513 [info] Getting sessions for all scopes...
2025-10-08 21:06:34.513 [info] Got 1 sessions for ...
2025-10-08 21:06:34.514 [info] Getting sessions for all scopes...
2025-10-08 21:06:34.514 [info] Got 1 sessions for ...
2025-10-08 21:06:34.514 [info] Getting sessions for all scopes...
2025-10-08 21:06:34.514 [info] Got 1 sessions for ...
2025-10-08 21:06:35.528 [info] Getting sessions for all scopes...
2025-10-08 21:06:35.528 [info] Got 1 sessions for ...
2025-10-08 21:06:35.529 [info] Getting sessions for all scopes...
2025-10-08 21:06:35.529 [info] Got 1 sessions for ...
2025-10-08 21:06:35.531 [info] Getting sessions for all scopes...
2025-10-08 21:06:35.531 [info] Got 1 sessions for ...
2025-10-08 21:06:35.532 [info] Getting sessions for all scopes...
2025-10-08 21:06:35.532 [info] Got 1 sessions for ...
2025-10-08 21:06:35.532 [info] Getting sessions for all scopes...
2025-10-08 21:06:35.532 [info] Got 1 sessions for ...
2025-10-08 21:06:35.532 [info] Getting sessions for all scopes...
2025-10-08 21:06:35.532 [info] Got 1 sessions for ...
2025-10-08 21:06:35.639 [info] Getting sessions for user:email...
2025-10-08 21:06:35.640 [info] Got 1 sessions for user:email...
2025-10-08 21:06:35.681 [info] Getting sessions for all scopes...
2025-10-08 21:06:35.681 [info] Got 1 sessions for ...
2025-10-08 21:06:36.230 [info] fetching: Electron fetch failed with status: 429 
2025-10-08 21:06:36.527 [info] Getting sessions for all scopes...
2025-10-08 21:06:36.527 [info] Got 1 sessions for ...
2025-10-08 21:06:36.528 [info] Getting sessions for all scopes...
2025-10-08 21:06:36.528 [info] Got 1 sessions for ...
2025-10-08 21:06:36.540 [info] Getting sessions for all scopes...
2025-10-08 21:06:36.540 [info] Got 1 sessions for ...
2025-10-08 21:06:37.727 [info] Getting sessions for all scopes...
2025-10-08 21:06:37.727 [info] Got 1 sessions for ...
2025-10-08 21:06:37.728 [info] Getting sessions for all scopes...
2025-10-08 21:06:37.728 [info] Got 1 sessions for ...
2025-10-08 21:06:37.764 [info] fetching: Node fetch failed with status: 429 Too Many Requests
2025-10-08 21:06:37.879 [info] Getting sessions for all scopes...
2025-10-08 21:06:37.879 [info] Got 1 sessions for ...
2025-10-08 21:06:38.012 [info] Getting sessions for all scopes...
2025-10-08 21:06:38.012 [info] Got 1 sessions for ...
2025-10-08 21:06:44.265 [info] fetching: Node http/s failed with status: 429 Too Many Requests
2025-10-08 21:06:44.480 [info] Getting sessions for all scopes...
2025-10-08 21:06:44.481 [info] Got 1 sessions for ...
2025-10-08 21:06:44.481 [info] Getting sessions for all scopes...
2025-10-08 21:06:44.481 [info] Got 1 sessions for ...
2025-10-08 21:06:46.113 [info] Getting sessions for read:user,repo,user:email,workflow...
2025-10-08 21:06:46.113 [info] Got 0 sessions for read:user,repo,user:email,workflow...
2025-10-08 21:06:46.120 [info] Getting sessions for all scopes...
2025-10-08 21:06:46.120 [info] Got 1 sessions for ...
2025-10-08 21:06:46.130 [info] Getting sessions for all scopes...
2025-10-08 21:06:46.130 [info] Got 1 sessions for ...
2025-10-08 21:06:46.134 [info] Getting sessions for read:user,repo,user:email,workflow...
2025-10-08 21:06:46.134 [info] Got 0 sessions for read:user,repo,user:email,workflow...
2025-10-08 21:06:46.144 [info] Getting sessions for user:email...
2025-10-08 21:06:46.144 [info] Got 1 sessions for user:email...
2025-10-08 21:06:46.145 [info] Getting sessions for read:user,repo,user:email,workflow...
2025-10-08 21:06:46.145 [info] Got 0 sessions for read:user,repo,user:email,workflow...
2025-10-08 21:06:46.150 [info] Getting sessions for read:user...
2025-10-08 21:06:46.150 [info] Got 0 sessions for read:user...
2025-10-08 21:06:46.185 [info] Getting sessions for user:email...
2025-10-08 21:06:46.185 [info] Got 1 sessions for user:email...
2025-10-08 21:06:46.185 [info] Getting sessions for all scopes...
2025-10-08 21:06:46.186 [info] Got 1 sessions for ...
2025-10-08 21:06:46.381 [info] Getting sessions for user:email...
2025-10-08 21:06:46.381 [info] Got 1 sessions for user:email...
2025-10-08 21:06:46.411 [info] Getting sessions for all scopes...
2025-10-08 21:06:46.412 [info] Got 1 sessions for ...
2025-10-08 21:06:46.459 [info] Getting sessions for read:user,repo,user:email,workflow...
2025-10-08 21:06:46.460 [info] Got 0 sessions for read:user,repo,user:email,workflow...
2025-10-08 21:06:46.881 [info] Getting sessions for user:email...
2025-10-08 21:06:46.881 [info] Got 1 sessions for user:email...
2025-10-08 21:06:46.951 [info] Getting sessions for all scopes...
2025-10-08 21:06:46.951 [info] Got 1 sessions for ...
2025-10-08 21:06:47.132 [info] Getting sessions for read:user,repo,user:email,workflow...
2025-10-08 21:06:47.132 [info] Got 0 sessions for read:user,repo,user:email,workflow...
2025-10-08 21:06:47.134 [info] Getting sessions for user:email...
2025-10-08 21:06:47.134 [info] Got 1 sessions for user:email...
2025-10-08 21:06:47.633 [info] Getting sessions for all scopes...
2025-10-08 21:06:47.633 [info] Got 1 sessions for ...
2025-10-08 21:06:47.636 [info] Getting sessions for read:user,repo,user:email,workflow...
2025-10-08 21:06:47.636 [info] Got 0 sessions for read:user,repo,user:email,workflow...
2025-10-08 21:06:47.640 [info] Getting sessions for user:email...
2025-10-08 21:06:47.640 [info] Got 1 sessions for user:email...
2025-10-08 21:06:48.077 [info] Getting sessions for all scopes...
2025-10-08 21:06:48.077 [info] Got 1 sessions for ...
2025-10-08 21:06:48.077 [info] Getting sessions for all scopes...
2025-10-08 21:06:48.077 [info] Got 1 sessions for ...
2025-10-08 21:06:48.215 [info] Getting sessions for read:user,repo,user:email,workflow...
2025-10-08 21:06:48.215 [info] Got 0 sessions for read:user,repo,user:email,workflow...
2025-10-08 21:06:48.216 [info] Getting sessions for user:email...
2025-10-08 21:06:48.216 [info] Got 1 sessions for user:email...
2025-10-08 21:06:48.217 [info] Getting sessions for read:user,repo,user:email,workflow...
2025-10-08 21:06:48.217 [info] Got 0 sessions for read:user,repo,user:email,workflow...
2025-10-08 21:06:48.218 [info] Getting sessions for all scopes...
2025-10-08 21:06:48.218 [info] Got 1 sessions for ...
2025-10-08 21:06:48.224 [info] Getting sessions for read:user,repo,user:email,workflow...
2025-10-08 21:06:48.224 [info] Got 0 sessions for read:user,repo,user:email,workflow...
2025-10-08 21:06:48.226 [info] Getting sessions for user:email...
2025-10-08 21:06:48.226 [info] Got 1 sessions for user:email...
2025-10-08 21:06:49.563 [info] Getting sessions for all scopes...
2025-10-08 21:06:49.563 [info] Got 1 sessions for ...
2025-10-08 21:06:49.565 [info] Getting sessions for all scopes...
2025-10-08 21:06:49.565 [info] Got 1 sessions for ...
2025-10-08 21:06:50.579 [info] Getting sessions for read:user,repo,user:email,workflow...
2025-10-08 21:06:50.579 [info] Got 0 sessions for read:user,repo,user:email,workflow...
2025-10-08 21:06:50.585 [info] Getting sessions for all scopes...
2025-10-08 21:06:50.585 [info] Got 1 sessions for ...
2025-10-08 21:06:50.586 [info] Getting sessions for all scopes...
2025-10-08 21:06:50.587 [info] Got 1 sessions for ...
2025-10-08 21:06:50.669 [info] Getting sessions for user:email...
2025-10-08 21:06:50.670 [info] Got 1 sessions for user:email...
2025-10-08 21:06:50.670 [info] Getting sessions for read:user,repo,user:email,workflow...
2025-10-08 21:06:50.670 [info] Got 0 sessions for read:user,repo,user:email,workflow...
2025-10-08 21:06:50.685 [info] Getting sessions for all scopes...
2025-10-08 21:06:50.685 [info] Got 1 sessions for ...
2025-10-08 21:06:50.688 [info] Getting sessions for all scopes...
2025-10-08 21:06:50.688 [info] Got 1 sessions for ...
2025-10-08 21:06:50.689 [info] Getting sessions for all scopes...
2025-10-08 21:06:50.689 [info] Got 1 sessions for ...
2025-10-08 21:06:50.696 [info] Getting sessions for read:user,repo,user:email,workflow...
2025-10-08 21:06:50.696 [info] Got 0 sessions for read:user,repo,user:email,workflow...
2025-10-08 21:06:50.697 [info] Getting sessions for user:email...
2025-10-08 21:06:50.697 [info] Got 1 sessions for user:email...
2025-10-08 21:06:50.699 [info] Getting sessions for all scopes...
2025-10-08 21:06:50.699 [info] Got 1 sessions for ...
2025-10-08 21:06:50.700 [info] Getting sessions for read:user,repo,user:email,workflow...
2025-10-08 21:06:50.700 [info] Got 0 sessions for read:user,repo,user:email,workflow...
2025-10-08 21:06:50.701 [info] Getting sessions for user:email...
2025-10-08 21:06:50.701 [info] Got 1 sessions for user:email...
2025-10-08 21:06:51.903 [info] Getting sessions for all scopes...
2025-10-08 21:06:51.903 [info] Got 1 sessions for ...
2025-10-08 21:06:57.607 [info] Reading sessions from keychain...
2025-10-08 21:06:57.607 [info] Got stored sessions!
2025-10-08 21:06:57.607 [info] Got 1 verified sessions.
2025-10-08 21:06:57.607 [info] Getting sessions for all scopes...
2025-10-08 21:06:57.607 [info] Got 1 sessions for ...
2025-10-08 21:06:57.607 [info] Getting sessions for all scopes...
2025-10-08 21:06:57.607 [info] Got 1 sessions for ...
2025-10-08 21:06:57.607 [info] Getting sessions for all scopes...
2025-10-08 21:06:57.607 [info] Got 1 sessions for ...
2025-10-08 21:06:57.607 [info] Getting sessions for all scopes...
2025-10-08 21:06:57.607 [info] Got 1 sessions for ...
2025-10-08 21:06:57.607 [info] Getting sessions for user:email...
2025-10-08 21:06:57.607 [info] Got 1 sessions for user:email...
2025-10-08 21:06:57.607 [info] Getting sessions for all scopes...
2025-10-08 21:06:57.607 [info] Got 1 sessions for ...
2025-10-08 21:06:57.607 [info] Getting sessions for all scopes...
2025-10-08 21:06:57.607 [info] Got 1 sessions for ...
2025-10-08 21:06:57.607 [info] Getting sessions for all scopes...
2025-10-08 21:06:57.607 [info] Got 1 sessions for ...
2025-10-08 21:06:57.607 [info] Getting sessions for all scopes...
2025-10-08 21:06:57.607 [info] Got 1 sessions for ...
2025-10-08 21:06:57.607 [info] Getting sessions for all scopes...
2025-10-08 21:06:57.607 [info] Got 1 sessions for ...
2025-10-08 21:06:57.689 [info] Getting sessions for read:user,repo,user:email,workflow...
2025-10-08 21:06:57.689 [info] Got 0 sessions for read:user,repo,user:email,workflow...
2025-10-08 21:06:57.739 [info] Getting sessions for user:email...
2025-10-08 21:06:57.739 [info] Got 1 sessions for user:email...
2025-10-08 21:06:57.740 [info] Getting sessions for all scopes...
2025-10-08 21:06:57.740 [info] Got 1 sessions for ...
2025-10-08 21:06:57.743 [info] Getting sessions for user:email...
2025-10-08 21:06:57.743 [info] Got 1 sessions for user:email...
2025-10-08 21:06:57.744 [info] Getting sessions for read:user,repo,user:email,workflow...
2025-10-08 21:06:57.744 [info] Got 0 sessions for read:user,repo,user:email,workflow...
2025-10-08 21:07:00.488 [info] Getting sessions for all scopes...
2025-10-08 21:07:00.488 [info] Got 1 sessions for ...
2025-10-08 21:07:01.429 [info] Getting sessions for read:user,repo,user:email,workflow...
2025-10-08 21:07:01.429 [info] Got 0 sessions for read:user,repo,user:email,workflow...
2025-10-08 21:07:01.440 [info] fetching: Electron fetch failed with status: 429 
2025-10-08 21:07:01.495 [info] Getting sessions for read:user,repo,user:email,workflow...
2025-10-08 21:07:01.495 [info] Got 0 sessions for read:user,repo,user:email,workflow...
2025-10-08 21:07:01.496 [info] Getting sessions for user:email...
2025-10-08 21:07:01.496 [info] Got 1 sessions for user:email...
2025-10-08 21:07:01.499 [info] Getting sessions for read:user...
2025-10-08 21:07:01.499 [info] Got 0 sessions for read:user...
2025-10-08 21:07:01.500 [info] Getting sessions for all scopes...
2025-10-08 21:07:01.500 [info] Got 1 sessions for ...
2025-10-08 21:07:01.501 [info] Getting sessions for user:email...
2025-10-08 21:07:01.501 [info] Got 1 sessions for user:email...
2025-10-08 21:07:01.511 [info] Getting sessions for read:user,repo,user:email,workflow...
2025-10-08 21:07:01.511 [info] Got 0 sessions for read:user,repo,user:email,workflow...
2025-10-08 21:07:01.513 [info] Getting sessions for user:email...
2025-10-08 21:07:01.513 [info] Got 1 sessions for user:email...
2025-10-08 21:07:02.013 [info] Getting sessions for all scopes...
2025-10-08 21:07:02.013 [info] Got 1 sessions for ...
2025-10-08 21:07:02.014 [info] Getting sessions for all scopes...
2025-10-08 21:07:02.014 [info] Got 1 sessions for ...
2025-10-08 21:07:02.045 [info] Getting sessions for read:user,repo,user:email,workflow...
2025-10-08 21:07:02.045 [info] Got 0 sessions for read:user,repo,user:email,workflow...
2025-10-08 21:07:02.050 [info] Getting sessions for user:email...
2025-10-08 21:07:02.050 [info] Got 1 sessions for user:email...
2025-10-08 21:07:02.050 [info] Getting sessions for read:user,repo,user:email,workflow...
2025-10-08 21:07:02.050 [info] Got 0 sessions for read:user,repo,user:email,workflow...
2025-10-08 21:07:02.059 [info] Getting sessions for all scopes...
2025-10-08 21:07:02.059 [info] Got 1 sessions for ...
2025-10-08 21:07:02.060 [info] Getting sessions for read:user,repo,user:email,workflow...
2025-10-08 21:07:02.061 [info] Got 0 sessions for read:user,repo,user:email,workflow...
2025-10-08 21:07:02.062 [info] Getting sessions for user:email...
2025-10-08 21:07:02.062 [info] Got 1 sessions for user:email...
2025-10-08 21:07:03.145 [info] fetching: Node fetch failed with status: 429 Too Many Requests
2025-10-08 21:07:03.182 [info] Getting sessions for all scopes...
2025-10-08 21:07:03.182 [info] Got 1 sessions for ...
2025-10-08 21:07:03.183 [info] Getting sessions for all scopes...
2025-10-08 21:07:03.183 [info] Got 1 sessions for ...
2025-10-08 21:07:03.948 [info] Getting sessions for read:user,repo,user:email,workflow...
2025-10-08 21:07:03.949 [info] Got 0 sessions for read:user,repo,user:email,workflow...
2025-10-08 21:07:04.064 [info] Getting sessions for all scopes...
2025-10-08 21:07:04.064 [info] Got 1 sessions for ...
2025-10-08 21:07:04.065 [info] Getting sessions for all scopes...
2025-10-08 21:07:04.065 [info] Got 1 sessions for ...
2025-10-08 21:07:04.078 [info] Getting sessions for user:email...
2025-10-08 21:07:04.078 [info] Got 1 sessions for user:email...
2025-10-08 21:07:04.078 [info] Getting sessions for read:user,repo,user:email,workflow...
2025-10-08 21:07:04.078 [info] Got 0 sessions for read:user,repo,user:email,workflow...
2025-10-08 21:07:04.097 [info] Getting sessions for all scopes...
2025-10-08 21:07:04.097 [info] Got 1 sessions for ...
2025-10-08 21:07:04.103 [info] Getting sessions for read:user,repo,user:email,workflow...
2025-10-08 21:07:04.103 [info] Got 0 sessions for read:user,repo,user:email,workflow...
2025-10-08 21:07:04.109 [info] Getting sessions for user:email...
2025-10-08 21:07:04.109 [info] Got 1 sessions for user:email...
2025-10-08 21:07:04.111 [info] Getting sessions for all scopes...
2025-10-08 21:07:04.111 [info] Got 1 sessions for ...
2025-10-08 21:07:04.112 [info] Getting sessions for read:user,repo,user:email,workflow...
2025-10-08 21:07:04.112 [info] Got 0 sessions for read:user,repo,user:email,workflow...
2025-10-08 21:07:04.113 [info] Getting sessions for user:email...
2025-10-08 21:07:04.113 [info] Got 1 sessions for user:email...
2025-10-08 21:07:04.668 [info] fetching: Node http/s failed with status: 429 Too Many Requests
2025-10-08 21:07:05.432 [info] Getting sessions for all scopes...
2025-10-08 21:07:05.432 [info] Got 1 sessions for ...
