2025-10-09 14:38:46.546 [info] Reading sessions from keychain...
2025-10-09 14:38:46.546 [info] Getting sessions for all scopes...
2025-10-09 14:38:46.546 [info] Got stored sessions!
2025-10-09 14:38:46.546 [info] Got 1 verified sessions.
2025-10-09 14:38:46.546 [info] Got 1 sessions for ...
2025-10-09 14:38:46.546 [info] Getting sessions for all scopes...
2025-10-09 14:38:46.546 [info] Got 1 sessions for ...
2025-10-09 14:38:46.546 [info] Getting sessions for all scopes...
2025-10-09 14:38:46.546 [info] Got 1 sessions for ...
2025-10-09 14:38:46.546 [info] Getting sessions for all scopes...
2025-10-09 14:38:46.546 [info] Got 1 sessions for ...
2025-10-09 14:38:46.546 [info] Getting sessions for all scopes...
2025-10-09 14:38:46.546 [info] Got 1 sessions for ...
2025-10-09 14:38:46.546 [info] Getting sessions for all scopes...
2025-10-09 14:38:46.546 [info] Got 1 sessions for ...
2025-10-09 14:38:46.546 [info] Getting sessions for all scopes...
2025-10-09 14:38:46.546 [info] Got 1 sessions for ...
2025-10-09 14:38:46.546 [info] Getting sessions for all scopes...
2025-10-09 14:38:46.546 [info] Got 1 sessions for ...
2025-10-09 14:38:46.546 [info] Getting sessions for all scopes...
2025-10-09 14:38:46.546 [info] Got 1 sessions for ...
2025-10-09 14:38:46.546 [info] Getting sessions for all scopes...
2025-10-09 14:38:46.546 [info] Got 1 sessions for ...
2025-10-09 14:38:46.546 [info] Getting sessions for all scopes...
2025-10-09 14:38:46.546 [info] Got 1 sessions for ...
2025-10-09 14:38:46.546 [info] Getting sessions for user:email...
2025-10-09 14:38:46.546 [info] Got 1 sessions for user:email...
2025-10-09 14:38:46.546 [info] Getting sessions for all scopes...
2025-10-09 14:38:46.546 [info] Got 1 sessions for ...
2025-10-09 14:38:46.546 [info] Getting sessions for all scopes...
2025-10-09 14:38:46.546 [info] Got 1 sessions for ...
2025-10-09 14:38:46.546 [info] Getting sessions for all scopes...
2025-10-09 14:38:46.546 [info] Got 1 sessions for ...
2025-10-09 14:38:46.546 [info] Getting sessions for all scopes...
2025-10-09 14:38:46.546 [info] Got 1 sessions for ...
2025-10-09 14:38:46.546 [info] Getting sessions for all scopes...
2025-10-09 14:38:46.546 [info] Got 1 sessions for ...
2025-10-09 14:38:46.546 [info] Getting sessions for all scopes...
2025-10-09 14:38:46.546 [info] Got 1 sessions for ...
2025-10-09 14:38:46.546 [info] Getting sessions for all scopes...
2025-10-09 14:38:46.546 [info] Got 1 sessions for ...
2025-10-09 14:38:46.546 [info] Getting sessions for read:user,repo,user:email,workflow...
2025-10-09 14:38:46.546 [info] Got 0 sessions for read:user,repo,user:email,workflow...
2025-10-09 14:38:46.825 [info] Getting sessions for user:email...
2025-10-09 14:38:46.825 [info] Got 1 sessions for user:email...
2025-10-09 14:38:46.825 [info] Getting sessions for read:user,repo,user:email,workflow...
2025-10-09 14:38:46.825 [info] Got 0 sessions for read:user,repo,user:email,workflow...
2025-10-09 14:38:47.003 [info] Getting sessions for user:email...
2025-10-09 14:38:47.003 [info] Got 1 sessions for user:email...
2025-10-09 14:38:49.590 [info] fetching: Electron fetch failed with status: 429 
2025-10-09 14:38:49.592 [info] Getting sessions for all scopes...
2025-10-09 14:38:49.592 [info] Got 1 sessions for ...
2025-10-09 14:38:49.593 [info] Getting sessions for all scopes...
2025-10-09 14:38:49.593 [info] Got 1 sessions for ...
2025-10-09 14:38:49.594 [info] Getting sessions for all scopes...
2025-10-09 14:38:49.594 [info] Got 1 sessions for ...
2025-10-09 14:38:50.481 [info] Getting sessions for all scopes...
2025-10-09 14:38:50.481 [info] Got 1 sessions for ...
2025-10-09 14:38:50.969 [info] Getting sessions for all scopes...
2025-10-09 14:38:50.969 [info] Got 1 sessions for ...
2025-10-09 14:38:50.974 [info] Getting sessions for all scopes...
2025-10-09 14:38:50.974 [info] Got 1 sessions for ...
2025-10-09 14:38:50.975 [info] Getting sessions for read:user,repo,user:email,workflow...
2025-10-09 14:38:50.975 [info] Got 0 sessions for read:user,repo,user:email,workflow...
2025-10-09 14:38:50.986 [info] Getting sessions for read:user,repo,user:email,workflow...
2025-10-09 14:38:50.986 [info] Got 0 sessions for read:user,repo,user:email,workflow...
2025-10-09 14:38:51.015 [info] Getting sessions for read:user...
2025-10-09 14:38:51.015 [info] Got 0 sessions for read:user...
2025-10-09 14:38:51.025 [info] Getting sessions for user:email...
2025-10-09 14:38:51.025 [info] Got 1 sessions for user:email...
2025-10-09 14:38:51.050 [info] Getting sessions for user:email...
2025-10-09 14:38:51.050 [info] Got 1 sessions for user:email...
2025-10-09 14:38:51.050 [info] Getting sessions for all scopes...
2025-10-09 14:38:51.050 [info] Got 1 sessions for ...
2025-10-09 14:38:51.072 [info] Getting sessions for read:user,repo,user:email,workflow...
2025-10-09 14:38:51.072 [info] Got 0 sessions for read:user,repo,user:email,workflow...
2025-10-09 14:38:51.245 [info] Getting sessions for user:email...
2025-10-09 14:38:51.246 [info] Got 1 sessions for user:email...
2025-10-09 14:38:52.056 [info] Getting sessions for all scopes...
2025-10-09 14:38:52.056 [info] Got 1 sessions for ...
2025-10-09 14:38:52.056 [info] Getting sessions for all scopes...
2025-10-09 14:38:52.056 [info] Got 1 sessions for ...
2025-10-09 14:38:52.131 [info] Getting sessions for read:user,repo,user:email,workflow...
2025-10-09 14:38:52.131 [info] Got 0 sessions for read:user,repo,user:email,workflow...
2025-10-09 14:38:52.263 [info] fetching: Node fetch failed with status: 429 Too Many Requests
2025-10-09 14:38:52.366 [info] Getting sessions for all scopes...
2025-10-09 14:38:52.366 [info] Got 1 sessions for ...
2025-10-09 14:38:52.367 [info] Getting sessions for user:email...
2025-10-09 14:38:52.367 [info] Got 1 sessions for user:email...
2025-10-09 14:38:52.368 [info] Getting sessions for read:user,repo,user:email,workflow...
2025-10-09 14:38:52.368 [info] Got 0 sessions for read:user,repo,user:email,workflow...
2025-10-09 14:38:52.385 [info] Getting sessions for all scopes...
2025-10-09 14:38:52.385 [info] Got 1 sessions for ...
2025-10-09 14:38:52.408 [info] Getting sessions for read:user,repo,user:email,workflow...
2025-10-09 14:38:52.409 [info] Got 0 sessions for read:user,repo,user:email,workflow...
2025-10-09 14:38:52.491 [info] Getting sessions for user:email...
2025-10-09 14:38:52.491 [info] Got 1 sessions for user:email...
2025-10-09 14:38:52.674 [info] Getting sessions for all scopes...
2025-10-09 14:38:52.674 [info] Got 1 sessions for ...
2025-10-09 14:38:52.675 [info] Getting sessions for all scopes...
2025-10-09 14:38:52.675 [info] Got 1 sessions for ...
2025-10-09 14:38:52.682 [info] Getting sessions for read:user,repo,user:email,workflow...
2025-10-09 14:38:52.682 [info] Got 0 sessions for read:user,repo,user:email,workflow...
2025-10-09 14:38:52.683 [info] Getting sessions for user:email...
2025-10-09 14:38:52.683 [info] Got 1 sessions for user:email...
2025-10-09 14:38:52.683 [info] Getting sessions for read:user,repo,user:email,workflow...
2025-10-09 14:38:52.683 [info] Got 0 sessions for read:user,repo,user:email,workflow...
2025-10-09 14:38:52.687 [info] Getting sessions for all scopes...
2025-10-09 14:38:52.687 [info] Got 1 sessions for ...
2025-10-09 14:38:52.688 [info] Getting sessions for all scopes...
2025-10-09 14:38:52.688 [info] Got 1 sessions for ...
2025-10-09 14:38:52.690 [info] Getting sessions for all scopes...
2025-10-09 14:38:52.690 [info] Got 1 sessions for ...
2025-10-09 14:38:52.697 [info] Getting sessions for read:user,repo,user:email,workflow...
2025-10-09 14:38:52.697 [info] Got 0 sessions for read:user,repo,user:email,workflow...
2025-10-09 14:38:52.698 [info] Getting sessions for user:email...
2025-10-09 14:38:52.698 [info] Got 1 sessions for user:email...
2025-10-09 14:38:52.700 [info] Getting sessions for all scopes...
2025-10-09 14:38:52.700 [info] Got 1 sessions for ...
2025-10-09 14:38:52.700 [info] Getting sessions for read:user,repo,user:email,workflow...
2025-10-09 14:38:52.701 [info] Got 0 sessions for read:user,repo,user:email,workflow...
2025-10-09 14:38:52.701 [info] Getting sessions for user:email...
2025-10-09 14:38:52.701 [info] Got 1 sessions for user:email...
2025-10-09 14:38:53.356 [info] fetching: Node http/s failed with status: 429 Too Many Requests
2025-10-09 14:38:53.374 [info] Getting sessions for all scopes...
2025-10-09 14:38:53.375 [info] Got 1 sessions for ...
2025-10-09 14:38:53.376 [info] Getting sessions for read:user,repo,user:email,workflow...
2025-10-09 14:38:53.376 [info] Got 0 sessions for read:user,repo,user:email,workflow...
2025-10-09 14:38:53.377 [info] Getting sessions for user:email...
2025-10-09 14:38:53.377 [info] Got 1 sessions for user:email...
2025-10-09 14:38:53.388 [info] Getting sessions for all scopes...
2025-10-09 14:38:53.388 [info] Got 1 sessions for ...
2025-10-09 14:38:53.407 [info] Getting sessions for read:user,repo,user:email,workflow...
2025-10-09 14:38:53.407 [info] Got 0 sessions for read:user,repo,user:email,workflow...
2025-10-09 14:38:53.413 [info] Getting sessions for user:email...
2025-10-09 14:38:53.413 [info] Got 1 sessions for user:email...
2025-10-09 14:38:54.724 [info] Getting sessions for all scopes...
2025-10-09 14:38:54.724 [info] Got 1 sessions for ...
