2025-10-08 21:54:31.110 [info] update#setState idle
2025-10-08 21:55:01.113 [info] update#setState checking for updates
2025-10-08 21:55:01.779 [info] update#setState idle
2025-10-08 22:06:27.089 [info] [NativeWebContentExtractorService] Extracting content from 4 URIs
2025-10-08 22:06:27.090 [info] [NativeWebContentExtractorService] Extracting content from https://wiki.hypr.land/Configuring/Binds/...
2025-10-08 22:06:27.114 [info] [NativeWebContentExtractorService] Extracting content from https://wiki.hypr.land/Configuring/Window-Management/...
2025-10-08 22:06:27.139 [info] [NativeWebContentExtractorService] Extracting content from https://wiki.hypr.land/Configuring/Keywords/...
2025-10-08 22:06:28.711 [info] [NativeWebContentExtractorService] Content extracted from https://wiki.hypr.land/Configuring/Window-Management/
2025-10-08 22:06:28.733 [info] [NativeWebContentExtractorService] Extracting content from https://wiki.hypr.land/Configuring/Hotkeys/...
2025-10-08 22:06:29.351 [info] [NativeWebContentExtractorService] Content extracted from https://wiki.hypr.land/Configuring/Hotkeys/
2025-10-08 22:06:29.565 [info] [NativeWebContentExtractorService] Content extracted from https://wiki.hypr.land/Configuring/Keywords/
2025-10-08 22:06:29.897 [info] [NativeWebContentExtractorService] Content extracted from https://wiki.hypr.land/Configuring/Binds/
2025-10-08 22:06:41.993 [info] [NativeWebContentExtractorService] Extracting content from 3 URIs
2025-10-08 22:06:41.994 [info] [NativeWebContentExtractorService] Extracting content from https://wiki.hypr.land/Configuring/Dispatchers/...
2025-10-08 22:06:42.033 [info] [NativeWebContentExtractorService] Extracting content from https://github.com/hyprwm/Hyprland/wiki/Dispatchers...
2025-10-08 22:06:42.066 [info] [NativeWebContentExtractorService] Extracting content from https://github.com/hyprwm/Hyprland/blob/main/docs/Dispatchers.md...
2025-10-08 22:06:44.283 [info] [NativeWebContentExtractorService] Content extracted from https://wiki.hypr.land/Configuring/Dispatchers/
2025-10-08 22:06:44.967 [info] [NativeWebContentExtractorService] Content extracted from https://github.com/hyprwm/Hyprland/wiki/Dispatchers
2025-10-08 22:06:45.186 [info] [NativeWebContentExtractorService] Content extracted from https://github.com/hyprwm/Hyprland/blob/main/docs/Dispatchers.md
2025-10-08 22:55:01.117 [info] update#setState checking for updates
2025-10-08 22:55:01.671 [info] update#setState idle
2025-10-08 23:20:32.967 [info] Extension host with pid 91343 exited with code: 0, signal: unknown.
2025-10-08 23:20:33.165 [error] [UtilityProcess id: 9, type: fileWatcher, pid: 91279]: crashed with code 15 and reason 'killed'
2025-10-08 23:55:01.122 [info] update#setState checking for updates
2025-10-08 23:55:01.787 [info] update#setState idle
2025-10-09 00:55:01.136 [info] update#setState checking for updates
2025-10-09 00:55:01.678 [info] update#setState idle
